{
  "C:/Users/shiva/Desktop/Projects/AlgoBulls/HiveSocial/src/component/auth/SignUpForm.tsx": {
    "path": "C:/Users/shiva/Desktop/Projects/AlgoBulls/HiveSocial/src/component/auth/SignUpForm.tsx",
    "statementMap": {
      "0": {
        "start": {
          "line": 3,
          "column": 20
        },
        "end": {
          "line": 3,
          "column": 97
        }
      },
      "1": {
        "start": {
          "line": 6,
          "column": 0
        },
        "end": {
          "line": 16,
          "column": 1
        }
      },
      "2": {
        "start": {
          "line": 7,
          "column": 2
        },
        "end": {
          "line": 9,
          "column": 3
        }
      },
      "3": {
        "start": {
          "line": 8,
          "column": 4
        },
        "end": {
          "line": 8,
          "column": 165
        }
      },
      "4": {
        "start": {
          "line": 10,
          "column": 2
        },
        "end": {
          "line": 10,
          "column": 39
        }
      },
      "5": {
        "start": {
          "line": 11,
          "column": 2
        },
        "end": {
          "line": 11,
          "column": 39
        }
      },
      "6": {
        "start": {
          "line": 12,
          "column": 2
        },
        "end": {
          "line": 14,
          "column": 4
        }
      },
      "7": {
        "start": {
          "line": 13,
          "column": 4
        },
        "end": {
          "line": 13,
          "column": 130
        }
      },
      "8": {
        "start": {
          "line": 15,
          "column": 2
        },
        "end": {
          "line": 15,
          "column": 75
        }
      },
      "9": {
        "start": {
          "line": 21,
          "column": 18
        },
        "end": {
          "line": 21,
          "column": 28
        }
      },
      "10": {
        "start": {
          "line": 22,
          "column": 19
        },
        "end": {
          "line": 185,
          "column": 1
        }
      },
      "11": {
        "start": {
          "line": 23,
          "column": 19
        },
        "end": {
          "line": 25,
          "column": 3
        }
      },
      "12": {
        "start": {
          "line": 24,
          "column": 4
        },
        "end": {
          "line": 24,
          "column": 36
        }
      },
      "13": {
        "start": {
          "line": 26,
          "column": 2
        },
        "end": {
          "line": 184,
          "column": 11
        }
      },
      "14": {
        "start": {
          "line": 128,
          "column": 40
        },
        "end": {
          "line": 139,
          "column": 17
        }
      },
      "15": {
        "start": {
          "line": 130,
          "column": 20
        },
        "end": {
          "line": 132,
          "column": 21
        }
      },
      "16": {
        "start": {
          "line": 131,
          "column": 22
        },
        "end": {
          "line": 131,
          "column": 47
        }
      },
      "17": {
        "start": {
          "line": 133,
          "column": 20
        },
        "end": {
          "line": 137,
          "column": 22
        }
      },
      "18": {
        "start": {
          "line": 186,
          "column": 0
        },
        "end": {
          "line": 186,
          "column": 16
        }
      },
      "19": {
        "start": {
          "line": 189,
          "column": 0
        },
        "end": {
          "line": 189,
          "column": 31
        }
      },
      "20": {
        "start": {
          "line": 190,
          "column": 0
        },
        "end": {
          "line": 203,
          "column": 1
        }
      },
      "21": {
        "start": {
          "line": 191,
          "column": 2
        },
        "end": {
          "line": 191,
          "column": 39
        }
      },
      "22": {
        "start": {
          "line": 192,
          "column": 2
        },
        "end": {
          "line": 192,
          "column": 39
        }
      },
      "23": {
        "start": {
          "line": 193,
          "column": 2
        },
        "end": {
          "line": 202,
          "column": 5
        }
      },
      "24": {
        "start": {
          "line": 194,
          "column": 4
        },
        "end": {
          "line": 194,
          "column": 156
        }
      },
      "25": {
        "start": {
          "line": 195,
          "column": 4
        },
        "end": {
          "line": 201,
          "column": 7
        }
      },
      "26": {
        "start": {
          "line": 196,
          "column": 6
        },
        "end": {
          "line": 197,
          "column": 15
        }
      },
      "27": {
        "start": {
          "line": 197,
          "column": 8
        },
        "end": {
          "line": 197,
          "column": 15
        }
      },
      "28": {
        "start": {
          "line": 198,
          "column": 32
        },
        "end": {
          "line": 198,
          "column": 115
        }
      },
      "29": {
        "start": {
          "line": 199,
          "column": 6
        },
        "end": {
          "line": 200,
          "column": 54
        }
      },
      "30": {
        "start": {
          "line": 200,
          "column": 8
        },
        "end": {
          "line": 200,
          "column": 54
        }
      }
    },
    "fnMap": {
      "0": {
        "name": "(anonymous_0)",
        "decl": {
          "start": {
            "line": 12,
            "column": 24
          },
          "end": {
            "line": 12,
            "column": 25
          }
        },
        "loc": {
          "start": {
            "line": 12,
            "column": 38
          },
          "end": {
            "line": 14,
            "column": 3
          }
        },
        "line": 12
      },
      "1": {
        "name": "(anonymous_1)",
        "decl": {
          "start": {
            "line": 22,
            "column": 19
          },
          "end": {
            "line": 22,
            "column": 20
          }
        },
        "loc": {
          "start": {
            "line": 22,
            "column": 25
          },
          "end": {
            "line": 185,
            "column": 1
          }
        },
        "line": 22
      },
      "2": {
        "name": "(anonymous_2)",
        "decl": {
          "start": {
            "line": 23,
            "column": 19
          },
          "end": {
            "line": 23,
            "column": 20
          }
        },
        "loc": {
          "start": {
            "line": 23,
            "column": 31
          },
          "end": {
            "line": 25,
            "column": 3
          }
        },
        "line": 23
      },
      "3": {
        "name": "(anonymous_3)",
        "decl": {
          "start": {
            "line": 128,
            "column": 16
          },
          "end": {
            "line": 128,
            "column": 17
          }
        },
        "loc": {
          "start": {
            "line": 128,
            "column": 40
          },
          "end": {
            "line": 139,
            "column": 17
          }
        },
        "line": 128
      },
      "4": {
        "name": "(anonymous_4)",
        "decl": {
          "start": {
            "line": 129,
            "column": 18
          },
          "end": {
            "line": 129,
            "column": 19
          }
        },
        "loc": {
          "start": {
            "line": 129,
            "column": 38
          },
          "end": {
            "line": 138,
            "column": 19
          }
        },
        "line": 129
      },
      "5": {
        "name": "(anonymous_5)",
        "decl": {
          "start": {
            "line": 193,
            "column": 52
          },
          "end": {
            "line": 193,
            "column": 53
          }
        },
        "loc": {
          "start": {
            "line": 193,
            "column": 72
          },
          "end": {
            "line": 202,
            "column": 3
          }
        },
        "line": 193
      },
      "6": {
        "name": "(anonymous_6)",
        "decl": {
          "start": {
            "line": 195,
            "column": 27
          },
          "end": {
            "line": 195,
            "column": 28
          }
        },
        "loc": {
          "start": {
            "line": 195,
            "column": 44
          },
          "end": {
            "line": 201,
            "column": 5
          }
        },
        "line": 195
      }
    },
    "branchMap": {
      "0": {
        "loc": {
          "start": {
            "line": 3,
            "column": 20
          },
          "end": {
            "line": 3,
            "column": 97
          }
        },
        "type": "binary-expr",
        "locations": [
          {
            "start": {
              "line": 3,
              "column": 20
            },
            "end": {
              "line": 3,
              "column": 60
            }
          },
          {
            "start": {
              "line": 3,
              "column": 64
            },
            "end": {
              "line": 3,
              "column": 97
            }
          }
        ],
        "line": 3
      },
      "1": {
        "loc": {
          "start": {
            "line": 6,
            "column": 0
          },
          "end": {
            "line": 16,
            "column": 1
          }
        },
        "type": "if",
        "locations": [
          {
            "start": {
              "line": 6,
              "column": 0
            },
            "end": {
              "line": 16,
              "column": 1
            }
          },
          {
            "start": {},
            "end": {}
          }
        ],
        "line": 6
      },
      "2": {
        "loc": {
          "start": {
            "line": 6,
            "column": 4
          },
          "end": {
            "line": 6,
            "column": 35
          }
        },
        "type": "binary-expr",
        "locations": [
          {
            "start": {
              "line": 6,
              "column": 4
            },
            "end": {
              "line": 6,
              "column": 19
            }
          },
          {
            "start": {
              "line": 6,
              "column": 23
            },
            "end": {
              "line": 6,
              "column": 35
            }
          }
        ],
        "line": 6
      },
      "3": {
        "loc": {
          "start": {
            "line": 7,
            "column": 2
          },
          "end": {
            "line": 9,
            "column": 3
          }
        },
        "type": "if",
        "locations": [
          {
            "start": {
              "line": 7,
              "column": 2
            },
            "end": {
              "line": 9,
              "column": 3
            }
          },
          {
            "start": {},
            "end": {}
          }
        ],
        "line": 7
      },
      "4": {
        "loc": {
          "start": {
            "line": 130,
            "column": 20
          },
          "end": {
            "line": 132,
            "column": 21
          }
        },
        "type": "if",
        "locations": [
          {
            "start": {
              "line": 130,
              "column": 20
            },
            "end": {
              "line": 132,
              "column": 21
            }
          },
          {
            "start": {},
            "end": {}
          }
        ],
        "line": 130
      },
      "5": {
        "loc": {
          "start": {
            "line": 130,
            "column": 24
          },
          "end": {
            "line": 130,
            "column": 69
          }
        },
        "type": "binary-expr",
        "locations": [
          {
            "start": {
              "line": 130,
              "column": 24
            },
            "end": {
              "line": 130,
              "column": 30
            }
          },
          {
            "start": {
              "line": 130,
              "column": 34
            },
            "end": {
              "line": 130,
              "column": 69
            }
          }
        ],
        "line": 130
      },
      "6": {
        "loc": {
          "start": {
            "line": 190,
            "column": 0
          },
          "end": {
            "line": 203,
            "column": 1
          }
        },
        "type": "if",
        "locations": [
          {
            "start": {
              "line": 190,
              "column": 0
            },
            "end": {
              "line": 203,
              "column": 1
            }
          },
          {
            "start": {},
            "end": {}
          }
        ],
        "line": 190
      },
      "7": {
        "loc": {
          "start": {
            "line": 190,
            "column": 4
          },
          "end": {
            "line": 190,
            "column": 35
          }
        },
        "type": "binary-expr",
        "locations": [
          {
            "start": {
              "line": 190,
              "column": 4
            },
            "end": {
              "line": 190,
              "column": 19
            }
          },
          {
            "start": {
              "line": 190,
              "column": 23
            },
            "end": {
              "line": 190,
              "column": 35
            }
          }
        ],
        "line": 190
      },
      "8": {
        "loc": {
          "start": {
            "line": 196,
            "column": 6
          },
          "end": {
            "line": 197,
            "column": 15
          }
        },
        "type": "if",
        "locations": [
          {
            "start": {
              "line": 196,
              "column": 6
            },
            "end": {
              "line": 197,
              "column": 15
            }
          },
          {
            "start": {},
            "end": {}
          }
        ],
        "line": 196
      },
      "9": {
        "loc": {
          "start": {
            "line": 199,
            "column": 6
          },
          "end": {
            "line": 200,
            "column": 54
          }
        },
        "type": "if",
        "locations": [
          {
            "start": {
              "line": 199,
              "column": 6
            },
            "end": {
              "line": 200,
              "column": 54
            }
          },
          {
            "start": {},
            "end": {}
          }
        ],
        "line": 199
      }
    },
    "s": {
      "0": 20,
      "1": 20,
      "2": 20,
      "3": 0,
      "4": 20,
      "5": 20,
      "6": 20,
      "7": 20,
      "8": 20,
      "9": 20,
      "10": 20,
      "11": 0,
      "12": 0,
      "13": 0,
      "14": 0,
      "15": 0,
      "16": 0,
      "17": 0,
      "18": 20,
      "19": 20,
      "20": 20,
      "21": 20,
      "22": 20,
      "23": 20,
      "24": 18,
      "25": 18,
      "26": 0,
      "27": 0,
      "28": 0,
      "29": 0,
      "30": 0
    },
    "f": {
      "0": 20,
      "1": 0,
      "2": 0,
      "3": 0,
      "4": 0,
      "5": 18,
      "6": 0
    },
    "b": {
      "0": [
        20,
        0
      ],
      "1": [
        20,
        0
      ],
      "2": [
        20,
        20
      ],
      "3": [
        0,
        20
      ],
      "4": [
        0,
        0
      ],
      "5": [
        0,
        0
      ],
      "6": [
        20,
        0
      ],
      "7": [
        20,
        20
      ],
      "8": [
        0,
        0
      ],
      "9": [
        0,
        0
      ]
    },
    "inputSourceMap": {
      "version": 3,
      "mappings": "AAoBM;;;;;;;;;;;;;;;;AAjBN,SAASA,MAAMC,OAAOC,cAAc;AACpC,SAASC,cAAcC,oBAAoB;AAC3C,SAAUC,kBAAkB;AAC5B,OAAO;AACP,MAAM,EAAEC,MAAM,IAAID;AAMlB,MAAME,aAAaA,MAAM;AACvB,QAAMC,WAAWA,CAACC,WAAgB;AAChCC,YAAQC,IAAI,YAAYF,MAAM;AAAA,EAChC;AAEA,SACE,uBAAC,SAAI,OAAO,EAACG,SAAQ,QAAQC,eAAc,SAAQ,GACjD;AAAA,2BAAC,SAAM,uBAAP;AAAA;AAAA;AAAA;AAAA,WAAc;AAAA,IAEd;AAAA,MAAC;AAAA;AAAA,QAAK,MAAK;AAAA,QAAQ,eAAe,EAAEC,OAAO,GAAG;AAAA,QAAG;AAAA,QAC/C,OAAO,EAAEC,OAAO,IAAI;AAAA,QACpB;AAAA;AAAA,YAAC,KAAK;AAAA,YAAL;AAAA,cACC,MAAK;AAAA,cACL,OAAO;AAAA,gBACL;AAAA,kBACEC,MAAM;AAAA,kBACNC,SAAS;AAAA,gBACX;AAAA,gBACA;AAAA,kBACEC,UAAU;AAAA,kBACVD,SAAS;AAAA,gBACX;AAAA,cAAC;AAAA,cAEH,aAAW;AAAA,cAEX,iCAAC,SAAM,QAAQ,uBAAC,kBAAD;AAAA;AAAA;AAAA;AAAA,qBAAa,GAAK,aAAY,WAA7C;AAAA;AAAA;AAAA;AAAA,qBAAoD;AAAA;AAAA,YAdtD;AAAA;AAAA;AAAA;AAAA;AAAA;AAAA;AAAA;AAAA,UAeA;AAAA,UACA;AAAA,YAAC,KAAK;AAAA,YAAL;AAAA,cACC,MAAK;AAAA,cACL,OAAO;AAAA,gBACL;AAAA,kBACEC,UAAU;AAAA,kBACVD,SAAS;AAAA,kBACTE,KAAK;AAAA,kBACLC,KAAK;AAAA,gBACP;AAAA,cAAC;AAAA,cAEH,aAAW;AAAA,cAEX;AAAA,gBAAC,MAAM;AAAA,gBAAN;AAAA,kBACC,QAAQ,uBAAC,kBAAD;AAAA;AAAA;AAAA;AAAA,yBAAa;AAAA,kBACrB,MAAK;AAAA,kBACL,aAAY;AAAA;AAAA,gBAHd;AAAA;AAAA;AAAA;AAAA;AAAA;AAAA;AAAA;AAAA,cAGwB;AAAA;AAAA,YAf1B;AAAA;AAAA;AAAA;AAAA;AAAA;AAAA;AAAA;AAAA,UAiBA;AAAA,UAEA;AAAA,YAAC,KAAK;AAAA,YAAL;AAAA,cACC,MAAK;AAAA,cACL,cAAc,CAAC,UAAU;AAAA,cACzB;AAAA,cAEA,OAAO;AAAA,gBACL;AAAA,kBACEF,UAAU;AAAA,kBACVD,SAAS;AAAA,gBACX;AAAA,gBACA,CAAC,EAAEI,cAAc,OAAO;AAAA,kBACtBC,UAAUC,GAAGC,OAAO;AAClB,wBAAI,CAACA,SAASH,cAAc,UAAU,MAAMG,OAAO;AACjD,6BAAOC,QAAQC,QAAQ;AAAA,oBACzB;AAEA,2BAAOD,QAAQE;AAAAA,sBACb,IAAIC;AAAAA,wBACF;AAAA,sBACF;AAAA,oBACF;AAAA,kBACF;AAAA,gBACF;AAAA,cAAE;AAAA,cAGJ,iCAAC,MAAM,UAAN,EAAe,QAAQ,uBAAC,kBAAD;AAAA;AAAA;AAAA;AAAA,qBAAa,KAArC;AAAA;AAAA;AAAA;AAAA,qBAAyC;AAAA;AAAA,YAzB3C;AAAA;AAAA;AAAA;AAAA;AAAA;AAAA;AAAA;AAAA,UA0BA;AAAA,UAIA,uBAAC,KAAK,MAAL,EACC,iCAAC,UAAO,MAAK,WAAU,UAAS,UAAS,sBAAzC;AAAA;AAAA;AAAA;AAAA,iBAEA,KAHF;AAAA;AAAA;AAAA;AAAA,iBAKA;AAAA;AAAA;AAAA,MAxEF;AAAA;AAAA;AAAA;AAAA;AAAA;AAAA;AAAA;AAAA,IAyEA;AAAA,OA5EF;AAAA;AAAA;AAAA;AAAA,SA6EA;AAEJ;AAAEC,KArFItB;AAuFN,eAAeA;AAAW,IAAAsB;AAAAC,aAAAD,IAAA",
      "names": [
        "Form",
        "Input",
        "Button",
        "MailOutlined",
        "LockOutlined",
        "Typography",
        "Title",
        "SignUpForm",
        "onFinish",
        "values",
        "console",
        "log",
        "display",
        "flexDirection",
        "email",
        "width",
        "type",
        "message",
        "required",
        "min",
        "max",
        "getFieldValue",
        "validator",
        "_",
        "value",
        "Promise",
        "resolve",
        "reject",
        "Error",
        "_c",
        "$RefreshReg$"
      ],
      "sources": [
        "C:/Users/shiva/Desktop/Projects/AlgoBulls/HiveSocial/src/component/auth/SignUpForm.tsx"
      ],
      "file": "C:/Users/shiva/Desktop/Projects/AlgoBulls/HiveSocial/src/component/auth/SignUpForm.tsx"
    },
    "_coverageSchema": "1a1c01bbd47fc00a2c39e90264f33305004495a9",
    "hash": "8f939ed330f5ca69615cc1aa41dbc439cfc8ea21"
  },
  "C:/Users/shiva/Desktop/Projects/AlgoBulls/HiveSocial/src/component/auth/SignInForm.tsx": {
    "path": "C:/Users/shiva/Desktop/Projects/AlgoBulls/HiveSocial/src/component/auth/SignInForm.tsx",
    "statementMap": {
      "0": {
        "start": {
          "line": 3,
          "column": 20
        },
        "end": {
          "line": 3,
          "column": 97
        }
      },
      "1": {
        "start": {
          "line": 6,
          "column": 0
        },
        "end": {
          "line": 16,
          "column": 1
        }
      },
      "2": {
        "start": {
          "line": 7,
          "column": 2
        },
        "end": {
          "line": 9,
          "column": 3
        }
      },
      "3": {
        "start": {
          "line": 8,
          "column": 4
        },
        "end": {
          "line": 8,
          "column": 165
        }
      },
      "4": {
        "start": {
          "line": 10,
          "column": 2
        },
        "end": {
          "line": 10,
          "column": 39
        }
      },
      "5": {
        "start": {
          "line": 11,
          "column": 2
        },
        "end": {
          "line": 11,
          "column": 39
        }
      },
      "6": {
        "start": {
          "line": 12,
          "column": 2
        },
        "end": {
          "line": 14,
          "column": 4
        }
      },
      "7": {
        "start": {
          "line": 13,
          "column": 4
        },
        "end": {
          "line": 13,
          "column": 130
        }
      },
      "8": {
        "start": {
          "line": 15,
          "column": 2
        },
        "end": {
          "line": 15,
          "column": 75
        }
      },
      "9": {
        "start": {
          "line": 17,
          "column": 9
        },
        "end": {
          "line": 17,
          "column": 23
        }
      },
      "10": {
        "start": {
          "line": 24,
          "column": 18
        },
        "end": {
          "line": 24,
          "column": 28
        }
      },
      "11": {
        "start": {
          "line": 26,
          "column": 2
        },
        "end": {
          "line": 26,
          "column": 7
        }
      },
      "12": {
        "start": {
          "line": 27,
          "column": 19
        },
        "end": {
          "line": 27,
          "column": 32
        }
      },
      "13": {
        "start": {
          "line": 28,
          "column": 19
        },
        "end": {
          "line": 43,
          "column": 3
        }
      },
      "14": {
        "start": {
          "line": 29,
          "column": 4
        },
        "end": {
          "line": 29,
          "column": 24
        }
      },
      "15": {
        "start": {
          "line": 30,
          "column": 4
        },
        "end": {
          "line": 42,
          "column": 5
        }
      },
      "16": {
        "start": {
          "line": 31,
          "column": 23
        },
        "end": {
          "line": 31,
          "column": 61
        }
      },
      "17": {
        "start": {
          "line": 32,
          "column": 6
        },
        "end": {
          "line": 32,
          "column": 28
        }
      },
      "18": {
        "start": {
          "line": 33,
          "column": 6
        },
        "end": {
          "line": 39,
          "column": 7
        }
      },
      "19": {
        "start": {
          "line": 34,
          "column": 8
        },
        "end": {
          "line": 34,
          "column": 51
        }
      },
      "20": {
        "start": {
          "line": 35,
          "column": 8
        },
        "end": {
          "line": 35,
          "column": 26
        }
      },
      "21": {
        "start": {
          "line": 37,
          "column": 8
        },
        "end": {
          "line": 37,
          "column": 30
        }
      },
      "22": {
        "start": {
          "line": 38,
          "column": 8
        },
        "end": {
          "line": 38,
          "column": 43
        }
      },
      "23": {
        "start": {
          "line": 41,
          "column": 6
        },
        "end": {
          "line": 41,
          "column": 25
        }
      },
      "24": {
        "start": {
          "line": 44,
          "column": 25
        },
        "end": {
          "line": 46,
          "column": 3
        }
      },
      "25": {
        "start": {
          "line": 45,
          "column": 4
        },
        "end": {
          "line": 45,
          "column": 38
        }
      },
      "26": {
        "start": {
          "line": 47,
          "column": 2
        },
        "end": {
          "line": 177,
          "column": 11
        }
      },
      "27": {
        "start": {
          "line": 179,
          "column": 0
        },
        "end": {
          "line": 181,
          "column": 3
        }
      },
      "28": {
        "start": {
          "line": 180,
          "column": 2
        },
        "end": {
          "line": 180,
          "column": 23
        }
      },
      "29": {
        "start": {
          "line": 182,
          "column": 0
        },
        "end": {
          "line": 182,
          "column": 16
        }
      },
      "30": {
        "start": {
          "line": 185,
          "column": 0
        },
        "end": {
          "line": 185,
          "column": 31
        }
      },
      "31": {
        "start": {
          "line": 186,
          "column": 0
        },
        "end": {
          "line": 199,
          "column": 1
        }
      },
      "32": {
        "start": {
          "line": 187,
          "column": 2
        },
        "end": {
          "line": 187,
          "column": 39
        }
      },
      "33": {
        "start": {
          "line": 188,
          "column": 2
        },
        "end": {
          "line": 188,
          "column": 39
        }
      },
      "34": {
        "start": {
          "line": 189,
          "column": 2
        },
        "end": {
          "line": 198,
          "column": 5
        }
      },
      "35": {
        "start": {
          "line": 190,
          "column": 4
        },
        "end": {
          "line": 190,
          "column": 156
        }
      },
      "36": {
        "start": {
          "line": 191,
          "column": 4
        },
        "end": {
          "line": 197,
          "column": 7
        }
      },
      "37": {
        "start": {
          "line": 192,
          "column": 6
        },
        "end": {
          "line": 193,
          "column": 15
        }
      },
      "38": {
        "start": {
          "line": 193,
          "column": 8
        },
        "end": {
          "line": 193,
          "column": 15
        }
      },
      "39": {
        "start": {
          "line": 194,
          "column": 32
        },
        "end": {
          "line": 194,
          "column": 115
        }
      },
      "40": {
        "start": {
          "line": 195,
          "column": 6
        },
        "end": {
          "line": 196,
          "column": 54
        }
      },
      "41": {
        "start": {
          "line": 196,
          "column": 8
        },
        "end": {
          "line": 196,
          "column": 54
        }
      }
    },
    "fnMap": {
      "0": {
        "name": "(anonymous_0)",
        "decl": {
          "start": {
            "line": 12,
            "column": 24
          },
          "end": {
            "line": 12,
            "column": 25
          }
        },
        "loc": {
          "start": {
            "line": 12,
            "column": 38
          },
          "end": {
            "line": 14,
            "column": 3
          }
        },
        "line": 12
      },
      "1": {
        "name": "SignInForm",
        "decl": {
          "start": {
            "line": 25,
            "column": 9
          },
          "end": {
            "line": 25,
            "column": 19
          }
        },
        "loc": {
          "start": {
            "line": 25,
            "column": 22
          },
          "end": {
            "line": 178,
            "column": 1
          }
        },
        "line": 25
      },
      "2": {
        "name": "(anonymous_2)",
        "decl": {
          "start": {
            "line": 28,
            "column": 19
          },
          "end": {
            "line": 28,
            "column": 20
          }
        },
        "loc": {
          "start": {
            "line": 28,
            "column": 37
          },
          "end": {
            "line": 43,
            "column": 3
          }
        },
        "line": 28
      },
      "3": {
        "name": "(anonymous_3)",
        "decl": {
          "start": {
            "line": 44,
            "column": 25
          },
          "end": {
            "line": 44,
            "column": 26
          }
        },
        "loc": {
          "start": {
            "line": 44,
            "column": 40
          },
          "end": {
            "line": 46,
            "column": 3
          }
        },
        "line": 44
      },
      "4": {
        "name": "(anonymous_4)",
        "decl": {
          "start": {
            "line": 179,
            "column": 54
          },
          "end": {
            "line": 179,
            "column": 55
          }
        },
        "loc": {
          "start": {
            "line": 179,
            "column": 65
          },
          "end": {
            "line": 181,
            "column": 1
          }
        },
        "line": 179
      },
      "5": {
        "name": "(anonymous_5)",
        "decl": {
          "start": {
            "line": 189,
            "column": 52
          },
          "end": {
            "line": 189,
            "column": 53
          }
        },
        "loc": {
          "start": {
            "line": 189,
            "column": 72
          },
          "end": {
            "line": 198,
            "column": 3
          }
        },
        "line": 189
      },
      "6": {
        "name": "(anonymous_6)",
        "decl": {
          "start": {
            "line": 191,
            "column": 27
          },
          "end": {
            "line": 191,
            "column": 28
          }
        },
        "loc": {
          "start": {
            "line": 191,
            "column": 44
          },
          "end": {
            "line": 197,
            "column": 5
          }
        },
        "line": 191
      }
    },
    "branchMap": {
      "0": {
        "loc": {
          "start": {
            "line": 3,
            "column": 20
          },
          "end": {
            "line": 3,
            "column": 97
          }
        },
        "type": "binary-expr",
        "locations": [
          {
            "start": {
              "line": 3,
              "column": 20
            },
            "end": {
              "line": 3,
              "column": 60
            }
          },
          {
            "start": {
              "line": 3,
              "column": 64
            },
            "end": {
              "line": 3,
              "column": 97
            }
          }
        ],
        "line": 3
      },
      "1": {
        "loc": {
          "start": {
            "line": 6,
            "column": 0
          },
          "end": {
            "line": 16,
            "column": 1
          }
        },
        "type": "if",
        "locations": [
          {
            "start": {
              "line": 6,
              "column": 0
            },
            "end": {
              "line": 16,
              "column": 1
            }
          },
          {
            "start": {},
            "end": {}
          }
        ],
        "line": 6
      },
      "2": {
        "loc": {
          "start": {
            "line": 6,
            "column": 4
          },
          "end": {
            "line": 6,
            "column": 35
          }
        },
        "type": "binary-expr",
        "locations": [
          {
            "start": {
              "line": 6,
              "column": 4
            },
            "end": {
              "line": 6,
              "column": 19
            }
          },
          {
            "start": {
              "line": 6,
              "column": 23
            },
            "end": {
              "line": 6,
              "column": 35
            }
          }
        ],
        "line": 6
      },
      "3": {
        "loc": {
          "start": {
            "line": 7,
            "column": 2
          },
          "end": {
            "line": 9,
            "column": 3
          }
        },
        "type": "if",
        "locations": [
          {
            "start": {
              "line": 7,
              "column": 2
            },
            "end": {
              "line": 9,
              "column": 3
            }
          },
          {
            "start": {},
            "end": {}
          }
        ],
        "line": 7
      },
      "4": {
        "loc": {
          "start": {
            "line": 33,
            "column": 6
          },
          "end": {
            "line": 39,
            "column": 7
          }
        },
        "type": "if",
        "locations": [
          {
            "start": {
              "line": 33,
              "column": 6
            },
            "end": {
              "line": 39,
              "column": 7
            }
          },
          {
            "start": {
              "line": 36,
              "column": 13
            },
            "end": {
              "line": 39,
              "column": 7
            }
          }
        ],
        "line": 33
      },
      "5": {
        "loc": {
          "start": {
            "line": 186,
            "column": 0
          },
          "end": {
            "line": 199,
            "column": 1
          }
        },
        "type": "if",
        "locations": [
          {
            "start": {
              "line": 186,
              "column": 0
            },
            "end": {
              "line": 199,
              "column": 1
            }
          },
          {
            "start": {},
            "end": {}
          }
        ],
        "line": 186
      },
      "6": {
        "loc": {
          "start": {
            "line": 186,
            "column": 4
          },
          "end": {
            "line": 186,
            "column": 35
          }
        },
        "type": "binary-expr",
        "locations": [
          {
            "start": {
              "line": 186,
              "column": 4
            },
            "end": {
              "line": 186,
              "column": 19
            }
          },
          {
            "start": {
              "line": 186,
              "column": 23
            },
            "end": {
              "line": 186,
              "column": 35
            }
          }
        ],
        "line": 186
      },
      "7": {
        "loc": {
          "start": {
            "line": 192,
            "column": 6
          },
          "end": {
            "line": 193,
            "column": 15
          }
        },
        "type": "if",
        "locations": [
          {
            "start": {
              "line": 192,
              "column": 6
            },
            "end": {
              "line": 193,
              "column": 15
            }
          },
          {
            "start": {},
            "end": {}
          }
        ],
        "line": 192
      },
      "8": {
        "loc": {
          "start": {
            "line": 195,
            "column": 6
          },
          "end": {
            "line": 196,
            "column": 54
          }
        },
        "type": "if",
        "locations": [
          {
            "start": {
              "line": 195,
              "column": 6
            },
            "end": {
              "line": 196,
              "column": 54
            }
          },
          {
            "start": {},
            "end": {}
          }
        ],
        "line": 195
      }
    },
    "s": {
      "0": 20,
      "1": 20,
      "2": 20,
      "3": 0,
      "4": 20,
      "5": 20,
      "6": 20,
      "7": 20,
      "8": 20,
      "9": 20,
      "10": 20,
      "11": 72,
      "12": 72,
      "13": 72,
      "14": 14,
      "15": 14,
      "16": 14,
      "17": 14,
      "18": 14,
      "19": 12,
      "20": 12,
      "21": 2,
      "22": 2,
      "23": 0,
      "24": 72,
      "25": 0,
      "26": 72,
      "27": 20,
      "28": 20,
      "29": 20,
      "30": 20,
      "31": 20,
      "32": 20,
      "33": 20,
      "34": 20,
      "35": 20,
      "36": 20,
      "37": 0,
      "38": 0,
      "39": 0,
      "40": 0,
      "41": 0
    },
    "f": {
      "0": 20,
      "1": 72,
      "2": 14,
      "3": 0,
      "4": 20,
      "5": 20,
      "6": 0
    },
    "b": {
      "0": [
        20,
        0
      ],
      "1": [
        20,
        0
      ],
      "2": [
        20,
        20
      ],
      "3": [
        0,
        20
      ],
      "4": [
        12,
        2
      ],
      "5": [
        20,
        0
      ],
      "6": [
        20,
        20
      ],
      "7": [
        0,
        0
      ],
      "8": [
        0,
        0
      ]
    },
    "inputSourceMap": {
      "version": 3,
      "mappings": "AA4CQ;;;;;;;;;;;;;;;;;AA3CR,SAASA,MAAMC,OAAOC,QAAQC,UAAUC,eAAe;AACvD,SAASC,cAAcC,oBAAoB;AAC3C,SAAUC,kBAAkB;AAC5B,SAASC,mBAAmB;AAE5B,OAAOC,WAAW;AAClB,OAAO;AACP,MAAM,EAAEC,MAAM,IAAIH;AAClB,SAASI,aAAa;AAAAC,KAAA;AAClB,QAAMC,WAAUL,YAAY;AAE5B,QAAMM,WAAW,OAAOC,WAAqB;AACzCC,YAAQC,IAAIF,MAAM;AAClB,QAAG;AACC,YAAMG,WAAW,MAAMT,MAAMU,KAAK,cAAcJ,MAAM;AACtDC,cAAQC,IAAIC,QAAQ;AACpB,UAAIA,SAASE,KAAKC,WAAW,MAAM;AAC/BjB,gBAAQkB,QAAQ,yBAAyB;AAEzCT,iBAAS,OAAO;AAAA,MAClB,OAAO;AACLG,gBAAQC,IAAI,QAAQ;AACpBb,gBAAQmB,MAAM,mBAAmB;AAAA,MACnC;AAAA,IACN,SACMA,OAAO;AACTP,cAAQC,IAAIM,KAAK;AAAA,IAErB;AAAA,EAEF;AAEA,QAAMC,iBAAiBA,CAACC,cAA8C;AACpET,YAAQC,IAAI,WAAWQ,SAAS;AAAA,EAClC;AAOF,SACI,uBAAC,SAAI,OAAO,EAACC,SAAQ,QAAQC,eAAc,SAAQ,GACnD;AAAA,2BAAC,SAAM,sBAAP;AAAA;AAAA;AAAA;AAAA,WAAa;AAAA,IACb;AAAA,MAAC;AAAA;AAAA,QACG,MAAK;AAAA,QAEL,OAAO,EAAEC,OAAO,IAAI;AAAA,QACpB,eAAe,EAAEC,UAAU,KAAK;AAAA,QAChC;AAAA,QACA;AAAA,QACA,cAAa;AAAA,QAEb;AAAA;AAAA,YAAC,KAAK;AAAA,YAAL;AAAA,cAEG,MAAK;AAAA,cACL;AAAA,cACA,OAAO;AAAA,gBACH;AAAA,kBACEC,MAAM;AAAA,kBACN1B,SAAS;AAAA,gBACX;AAAA,gBACA;AAAA,kBACE2B,UAAU;AAAA,kBACV3B,SAAS;AAAA,gBACX;AAAA,cAAC;AAAA,cAIL,iCAAC,SAAM,QAAQ,uBAAC,gBAAa,WAAU,yBAAxB;AAAA;AAAA;AAAA;AAAA,qBAA6C,GAAK,aAAY,eAAc,MAAK,SAAQ,WAAU,gBAAlH;AAAA;AAAA;AAAA;AAAA,qBAA8H;AAAA;AAAA,YAhBlI;AAAA;AAAA;AAAA;AAAA;AAAA;AAAA;AAAA;AAAA,UAiBA;AAAA,UAEA;AAAA,YAAC,KAAK;AAAA,YAAL;AAAA,cAEG,MAAK;AAAA,cACL,OAAO,CAAC,EAAE2B,UAAU,MAAM3B,SAAS,8BAA8B,CAAC;AAAA,cAElE;AAAA,gBAAC,MAAM;AAAA,gBAAN;AAAA,kBAAe,QAAQ,uBAAC,gBAAa,WAAU,yBAAxB;AAAA;AAAA;AAAA;AAAA,yBAA6C;AAAA,kBACjE,MAAK;AAAA,kBACL,aAAY;AAAA,kBAAW,MAAK;AAAA;AAAA,gBAFhC;AAAA;AAAA;AAAA;AAAA;AAAA;AAAA;AAAA;AAAA,cAE0C;AAAA;AAAA,YAP9C;AAAA;AAAA;AAAA;AAAA;AAAA;AAAA;AAAA;AAAA,UAQA;AAAA,UAEA;AAAA,YAAC,KAAK;AAAA,YAAL;AAAA,cACG,MAAK;AAAA,cACL,eAAc;AAAA,cAGd,iCAAC,YAAS,2BAAV;AAAA;AAAA;AAAA;AAAA,qBAAqB;AAAA;AAAA,YALzB;AAAA;AAAA;AAAA;AAAA;AAAA;AAAA;AAAA;AAAA,UAMA;AAAA,UAEA,uBAAC,KAAK,MAAL,EACG,iCAAC,UAAO,MAAK,SAAQ,MAAK,WAAU,UAAS,UAAS,WAAU,eAAc,qBAA9E;AAAA;AAAA;AAAA;AAAA,iBAEA,KAHJ;AAAA;AAAA;AAAA;AAAA,iBAKA;AAAA;AAAA;AAAA,MAnDJ;AAAA;AAAA;AAAA;AAAA;AAAA;AAAA;AAAA;AAAA,IAoDA;AAAA,OAtDA;AAAA;AAAA;AAAA;AAAA,SAuDA;AAER;AAACQ,GA3FQD,YAAU;AAAA,UACCH,WAAW;AAAA;AAAAwB,KADtBrB;AA6FT,eAAeA;AAAU,IAAAqB;AAAAC,aAAAD,IAAA",
      "names": [
        "Form",
        "Input",
        "Button",
        "Checkbox",
        "message",
        "UserOutlined",
        "LockOutlined",
        "Typography",
        "useNavigate",
        "axios",
        "Title",
        "SignInForm",
        "_s",
        "navigate",
        "onFinish",
        "values",
        "console",
        "log",
        "response",
        "post",
        "data",
        "status",
        "success",
        "error",
        "onFinishFailed",
        "errorInfo",
        "display",
        "flexDirection",
        "width",
        "remember",
        "type",
        "required",
        "_c",
        "$RefreshReg$"
      ],
      "sources": [
        "C:/Users/shiva/Desktop/Projects/AlgoBulls/HiveSocial/src/component/auth/SignInForm.tsx"
      ],
      "file": "C:/Users/shiva/Desktop/Projects/AlgoBulls/HiveSocial/src/component/auth/SignInForm.tsx"
    },
    "_coverageSchema": "1a1c01bbd47fc00a2c39e90264f33305004495a9",
    "hash": "62b5353032e541f0020cc8a397c6f45d629540be"
  },
  "C:/Users/shiva/Desktop/Projects/AlgoBulls/HiveSocial/src/component/auth/Auth.tsx": {
    "path": "C:/Users/shiva/Desktop/Projects/AlgoBulls/HiveSocial/src/component/auth/Auth.tsx",
    "statementMap": {
      "0": {
        "start": {
          "line": 3,
          "column": 20
        },
        "end": {
          "line": 3,
          "column": 97
        }
      },
      "1": {
        "start": {
          "line": 6,
          "column": 0
        },
        "end": {
          "line": 16,
          "column": 1
        }
      },
      "2": {
        "start": {
          "line": 7,
          "column": 2
        },
        "end": {
          "line": 9,
          "column": 3
        }
      },
      "3": {
        "start": {
          "line": 8,
          "column": 4
        },
        "end": {
          "line": 8,
          "column": 165
        }
      },
      "4": {
        "start": {
          "line": 10,
          "column": 2
        },
        "end": {
          "line": 10,
          "column": 39
        }
      },
      "5": {
        "start": {
          "line": 11,
          "column": 2
        },
        "end": {
          "line": 11,
          "column": 39
        }
      },
      "6": {
        "start": {
          "line": 12,
          "column": 2
        },
        "end": {
          "line": 14,
          "column": 4
        }
      },
      "7": {
        "start": {
          "line": 13,
          "column": 4
        },
        "end": {
          "line": 13,
          "column": 124
        }
      },
      "8": {
        "start": {
          "line": 15,
          "column": 2
        },
        "end": {
          "line": 15,
          "column": 75
        }
      },
      "9": {
        "start": {
          "line": 17,
          "column": 9
        },
        "end": {
          "line": 17,
          "column": 23
        }
      },
      "10": {
        "start": {
          "line": 23,
          "column": 2
        },
        "end": {
          "line": 23,
          "column": 7
        }
      },
      "11": {
        "start": {
          "line": 24,
          "column": 54
        },
        "end": {
          "line": 24,
          "column": 68
        }
      },
      "12": {
        "start": {
          "line": 25,
          "column": 27
        },
        "end": {
          "line": 25,
          "column": 75
        }
      },
      "13": {
        "start": {
          "line": 25,
          "column": 33
        },
        "end": {
          "line": 25,
          "column": 75
        }
      },
      "14": {
        "start": {
          "line": 26,
          "column": 2
        },
        "end": {
          "line": 86,
          "column": 11
        }
      },
      "15": {
        "start": {
          "line": 88,
          "column": 0
        },
        "end": {
          "line": 88,
          "column": 42
        }
      },
      "16": {
        "start": {
          "line": 89,
          "column": 0
        },
        "end": {
          "line": 89,
          "column": 11
        }
      },
      "17": {
        "start": {
          "line": 92,
          "column": 0
        },
        "end": {
          "line": 92,
          "column": 26
        }
      },
      "18": {
        "start": {
          "line": 93,
          "column": 0
        },
        "end": {
          "line": 106,
          "column": 1
        }
      },
      "19": {
        "start": {
          "line": 94,
          "column": 2
        },
        "end": {
          "line": 94,
          "column": 39
        }
      },
      "20": {
        "start": {
          "line": 95,
          "column": 2
        },
        "end": {
          "line": 95,
          "column": 39
        }
      },
      "21": {
        "start": {
          "line": 96,
          "column": 2
        },
        "end": {
          "line": 105,
          "column": 5
        }
      },
      "22": {
        "start": {
          "line": 97,
          "column": 4
        },
        "end": {
          "line": 97,
          "column": 150
        }
      },
      "23": {
        "start": {
          "line": 98,
          "column": 4
        },
        "end": {
          "line": 104,
          "column": 7
        }
      },
      "24": {
        "start": {
          "line": 99,
          "column": 6
        },
        "end": {
          "line": 100,
          "column": 15
        }
      },
      "25": {
        "start": {
          "line": 100,
          "column": 8
        },
        "end": {
          "line": 100,
          "column": 15
        }
      },
      "26": {
        "start": {
          "line": 101,
          "column": 32
        },
        "end": {
          "line": 101,
          "column": 115
        }
      },
      "27": {
        "start": {
          "line": 102,
          "column": 6
        },
        "end": {
          "line": 103,
          "column": 54
        }
      },
      "28": {
        "start": {
          "line": 103,
          "column": 8
        },
        "end": {
          "line": 103,
          "column": 54
        }
      }
    },
    "fnMap": {
      "0": {
        "name": "(anonymous_0)",
        "decl": {
          "start": {
            "line": 12,
            "column": 24
          },
          "end": {
            "line": 12,
            "column": 25
          }
        },
        "loc": {
          "start": {
            "line": 12,
            "column": 38
          },
          "end": {
            "line": 14,
            "column": 3
          }
        },
        "line": 12
      },
      "1": {
        "name": "Login",
        "decl": {
          "start": {
            "line": 22,
            "column": 9
          },
          "end": {
            "line": 22,
            "column": 14
          }
        },
        "loc": {
          "start": {
            "line": 22,
            "column": 17
          },
          "end": {
            "line": 87,
            "column": 1
          }
        },
        "line": 22
      },
      "2": {
        "name": "(anonymous_2)",
        "decl": {
          "start": {
            "line": 25,
            "column": 27
          },
          "end": {
            "line": 25,
            "column": 28
          }
        },
        "loc": {
          "start": {
            "line": 25,
            "column": 33
          },
          "end": {
            "line": 25,
            "column": 75
          }
        },
        "line": 25
      },
      "3": {
        "name": "(anonymous_3)",
        "decl": {
          "start": {
            "line": 96,
            "column": 52
          },
          "end": {
            "line": 96,
            "column": 53
          }
        },
        "loc": {
          "start": {
            "line": 96,
            "column": 72
          },
          "end": {
            "line": 105,
            "column": 3
          }
        },
        "line": 96
      },
      "4": {
        "name": "(anonymous_4)",
        "decl": {
          "start": {
            "line": 98,
            "column": 27
          },
          "end": {
            "line": 98,
            "column": 28
          }
        },
        "loc": {
          "start": {
            "line": 98,
            "column": 44
          },
          "end": {
            "line": 104,
            "column": 5
          }
        },
        "line": 98
      }
    },
    "branchMap": {
      "0": {
        "loc": {
          "start": {
            "line": 3,
            "column": 20
          },
          "end": {
            "line": 3,
            "column": 97
          }
        },
        "type": "binary-expr",
        "locations": [
          {
            "start": {
              "line": 3,
              "column": 20
            },
            "end": {
              "line": 3,
              "column": 60
            }
          },
          {
            "start": {
              "line": 3,
              "column": 64
            },
            "end": {
              "line": 3,
              "column": 97
            }
          }
        ],
        "line": 3
      },
      "1": {
        "loc": {
          "start": {
            "line": 6,
            "column": 0
          },
          "end": {
            "line": 16,
            "column": 1
          }
        },
        "type": "if",
        "locations": [
          {
            "start": {
              "line": 6,
              "column": 0
            },
            "end": {
              "line": 16,
              "column": 1
            }
          },
          {
            "start": {},
            "end": {}
          }
        ],
        "line": 6
      },
      "2": {
        "loc": {
          "start": {
            "line": 6,
            "column": 4
          },
          "end": {
            "line": 6,
            "column": 35
          }
        },
        "type": "binary-expr",
        "locations": [
          {
            "start": {
              "line": 6,
              "column": 4
            },
            "end": {
              "line": 6,
              "column": 19
            }
          },
          {
            "start": {
              "line": 6,
              "column": 23
            },
            "end": {
              "line": 6,
              "column": 35
            }
          }
        ],
        "line": 6
      },
      "3": {
        "loc": {
          "start": {
            "line": 7,
            "column": 2
          },
          "end": {
            "line": 9,
            "column": 3
          }
        },
        "type": "if",
        "locations": [
          {
            "start": {
              "line": 7,
              "column": 2
            },
            "end": {
              "line": 9,
              "column": 3
            }
          },
          {
            "start": {},
            "end": {}
          }
        ],
        "line": 7
      },
      "4": {
        "loc": {
          "start": {
            "line": 44,
            "column": 6
          },
          "end": {
            "line": 52,
            "column": 14
          }
        },
        "type": "cond-expr",
        "locations": [
          {
            "start": {
              "line": 44,
              "column": 43
            },
            "end": {
              "line": 48,
              "column": 14
            }
          },
          {
            "start": {
              "line": 48,
              "column": 33
            },
            "end": {
              "line": 52,
              "column": 14
            }
          }
        ],
        "line": 44
      },
      "5": {
        "loc": {
          "start": {
            "line": 54,
            "column": 8
          },
          "end": {
            "line": 62,
            "column": 16
          }
        },
        "type": "cond-expr",
        "locations": [
          {
            "start": {
              "line": 54,
              "column": 45
            },
            "end": {
              "line": 58,
              "column": 16
            }
          },
          {
            "start": {
              "line": 58,
              "column": 35
            },
            "end": {
              "line": 62,
              "column": 16
            }
          }
        ],
        "line": 54
      },
      "6": {
        "loc": {
          "start": {
            "line": 63,
            "column": 162
          },
          "end": {
            "line": 63,
            "column": 212
          }
        },
        "type": "cond-expr",
        "locations": [
          {
            "start": {
              "line": 63,
              "column": 183
            },
            "end": {
              "line": 63,
              "column": 201
            }
          },
          {
            "start": {
              "line": 63,
              "column": 204
            },
            "end": {
              "line": 63,
              "column": 212
            }
          }
        ],
        "line": 63
      },
      "7": {
        "loc": {
          "start": {
            "line": 93,
            "column": 0
          },
          "end": {
            "line": 106,
            "column": 1
          }
        },
        "type": "if",
        "locations": [
          {
            "start": {
              "line": 93,
              "column": 0
            },
            "end": {
              "line": 106,
              "column": 1
            }
          },
          {
            "start": {},
            "end": {}
          }
        ],
        "line": 93
      },
      "8": {
        "loc": {
          "start": {
            "line": 93,
            "column": 4
          },
          "end": {
            "line": 93,
            "column": 35
          }
        },
        "type": "binary-expr",
        "locations": [
          {
            "start": {
              "line": 93,
              "column": 4
            },
            "end": {
              "line": 93,
              "column": 19
            }
          },
          {
            "start": {
              "line": 93,
              "column": 23
            },
            "end": {
              "line": 93,
              "column": 35
            }
          }
        ],
        "line": 93
      },
      "9": {
        "loc": {
          "start": {
            "line": 99,
            "column": 6
          },
          "end": {
            "line": 100,
            "column": 15
          }
        },
        "type": "if",
        "locations": [
          {
            "start": {
              "line": 99,
              "column": 6
            },
            "end": {
              "line": 100,
              "column": 15
            }
          },
          {
            "start": {},
            "end": {}
          }
        ],
        "line": 99
      },
      "10": {
        "loc": {
          "start": {
            "line": 102,
            "column": 6
          },
          "end": {
            "line": 103,
            "column": 54
          }
        },
        "type": "if",
        "locations": [
          {
            "start": {
              "line": 102,
              "column": 6
            },
            "end": {
              "line": 103,
              "column": 54
            }
          },
          {
            "start": {},
            "end": {}
          }
        ],
        "line": 102
      }
    },
    "s": {
      "0": 20,
      "1": 20,
      "2": 20,
      "3": 0,
      "4": 20,
      "5": 20,
      "6": 20,
      "7": 20,
      "8": 20,
      "9": 20,
      "10": 72,
      "11": 72,
      "12": 72,
      "13": 0,
      "14": 72,
      "15": 20,
      "16": 20,
      "17": 20,
      "18": 20,
      "19": 20,
      "20": 20,
      "21": 20,
      "22": 18,
      "23": 18,
      "24": 0,
      "25": 0,
      "26": 0,
      "27": 0,
      "28": 0
    },
    "f": {
      "0": 20,
      "1": 72,
      "2": 0,
      "3": 18,
      "4": 0
    },
    "b": {
      "0": [
        20,
        0
      ],
      "1": [
        20,
        0
      ],
      "2": [
        20,
        20
      ],
      "3": [
        0,
        20
      ],
      "4": [
        72,
        0
      ],
      "5": [
        72,
        0
      ],
      "6": [
        72,
        0
      ],
      "7": [
        20,
        0
      ],
      "8": [
        20,
        20
      ],
      "9": [
        0,
        0
      ],
      "10": [
        0,
        0
      ]
    },
    "inputSourceMap": {
      "version": 3,
      "mappings": "AAcQ;2BAdR;AAAiB,MAAQ,cAAO;AAAA;AAAA;AAAA;AAAA;AAAA;AAAA;AAAA;AAAA;AAAA;AAAA;AAAA;AAAA;AAAA;AAAA;AAAA;AAChC,OAAO;AAGP,OAAOA,gBAAgB;AACvB,OAAOC,gBAAgB;AACvB,SAASC,QAAQ;AAAAC,KAAA;AACf,QAAM,CAACC,oBAAoBC,qBAAqB,IAAIC,SAAS,IAAI;AACjE,QAAMC,mBAAmBA,MAAMF,sBAAsB,CAACD,kBAAkB;AAExE,SACE,uBAAC,SAAI,WAAU,yBACb,iCAAC,SAAI,WAAU,yBACb;AAAA,2BAAC,SAAI,WAAU,qBACf;AAAA,6BAAC,QAAG,2BAAJ;AAAA;AAAA;AAAA;AAAA,aAAe;AAAA,MACf,uBAAC,OAAE,kDAAH;AAAA;AAAA;AAAA;AAAA,aAAqC;AAAA,SAFrC;AAAA;AAAA;AAAA;AAAA,WAGA;AAAA,IAEA,uBAAC,SAAI,WAAU,oBAEbA;AAAAA,2BACE,uBAAC,gBAAD;AAAA;AAAA;AAAA;AAAA,aAAW,IAEX,uBAAC,gBAAD;AAAA;AAAA;AAAA;AAAA,aAAW;AAAA,MAGf,uBAAC,SAAI,WAAU,cAAa,OAAO,EAAEI,YAAY,QAAQC,aAAa,QAAQC,WAAW,GAAG,GAC3FN;AAAAA,6BACD,uBAAC,OAAE,kDAAH;AAAA;AAAA;AAAA;AAAA,eAAqC,IAErC,uBAAC,OAAE,iCAAH;AAAA;AAAA;AAAA;AAAA,eAAoB;AAAA,QAEpB,uBAAC,OAAG,SAASG,kBAAmB,OAAO,EAAEC,YAAY,QAAQC,aAAa,QAAQC,WAAW,GAAGC,WAAU,SAAQ,GAC/GP,+BAAqB,qBAAqB,YAD7C;AAAA;AAAA;AAAA;AAAA,eAEA;AAAA,WARA;AAAA;AAAA;AAAA;AAAA,aASA;AAAA,SAjBA;AAAA;AAAA;AAAA;AAAA,WAmBA;AAAA,OAzBF;AAAA;AAAA;AAAA;AAAA,SA6BA,KA9BF;AAAA;AAAA;AAAA;AAAA,SAiCA;AAEJ;AAACD,GAxCQD,OAAK;AAAAU,KAALV;AA0CT,eAAeA;AAAK,IAAAU;AAAAC,aAAAD,IAAA",
      "names": [
        "SignUpForm",
        "SignInForm",
        "Login",
        "_s",
        "isLoginFormVisible",
        "setIsLoginFormVisible",
        "useState",
        "handleToggleForm",
        "marginLeft",
        "marginRight",
        "marginTop",
        "textAlign",
        "_c",
        "$RefreshReg$"
      ],
      "sources": [
        "C:/Users/shiva/Desktop/Projects/AlgoBulls/HiveSocial/src/component/auth/Auth.tsx"
      ],
      "file": "C:/Users/shiva/Desktop/Projects/AlgoBulls/HiveSocial/src/component/auth/Auth.tsx"
    },
    "_coverageSchema": "1a1c01bbd47fc00a2c39e90264f33305004495a9",
    "hash": "faaef5f6bb8e187925775d2904109a8d4788fbaf"
  },
  "C:/Users/shiva/Desktop/Projects/AlgoBulls/HiveSocial/src/component/post/Post.tsx": {
    "path": "C:/Users/shiva/Desktop/Projects/AlgoBulls/HiveSocial/src/component/post/Post.tsx",
    "statementMap": {
      "0": {
        "start": {
          "line": 3,
          "column": 20
        },
        "end": {
          "line": 3,
          "column": 97
        }
      },
      "1": {
        "start": {
          "line": 6,
          "column": 0
        },
        "end": {
          "line": 16,
          "column": 1
        }
      },
      "2": {
        "start": {
          "line": 7,
          "column": 2
        },
        "end": {
          "line": 9,
          "column": 3
        }
      },
      "3": {
        "start": {
          "line": 8,
          "column": 4
        },
        "end": {
          "line": 8,
          "column": 165
        }
      },
      "4": {
        "start": {
          "line": 10,
          "column": 2
        },
        "end": {
          "line": 10,
          "column": 39
        }
      },
      "5": {
        "start": {
          "line": 11,
          "column": 2
        },
        "end": {
          "line": 11,
          "column": 39
        }
      },
      "6": {
        "start": {
          "line": 12,
          "column": 2
        },
        "end": {
          "line": 14,
          "column": 4
        }
      },
      "7": {
        "start": {
          "line": 13,
          "column": 4
        },
        "end": {
          "line": 13,
          "column": 124
        }
      },
      "8": {
        "start": {
          "line": 15,
          "column": 2
        },
        "end": {
          "line": 15,
          "column": 75
        }
      },
      "9": {
        "start": {
          "line": 17,
          "column": 9
        },
        "end": {
          "line": 17,
          "column": 23
        }
      },
      "10": {
        "start": {
          "line": 25,
          "column": 13
        },
        "end": {
          "line": 401,
          "column": 1
        }
      },
      "11": {
        "start": {
          "line": 26,
          "column": 2
        },
        "end": {
          "line": 26,
          "column": 7
        }
      },
      "12": {
        "start": {
          "line": 27,
          "column": 30
        },
        "end": {
          "line": 27,
          "column": 52
        }
      },
      "13": {
        "start": {
          "line": 28,
          "column": 40
        },
        "end": {
          "line": 28,
          "column": 67
        }
      },
      "14": {
        "start": {
          "line": 29,
          "column": 30
        },
        "end": {
          "line": 29,
          "column": 46
        }
      },
      "15": {
        "start": {
          "line": 30,
          "column": 46
        },
        "end": {
          "line": 30,
          "column": 61
        }
      },
      "16": {
        "start": {
          "line": 31,
          "column": 44
        },
        "end": {
          "line": 31,
          "column": 66
        }
      },
      "17": {
        "start": {
          "line": 32,
          "column": 52
        },
        "end": {
          "line": 32,
          "column": 67
        }
      },
      "18": {
        "start": {
          "line": 33,
          "column": 38
        },
        "end": {
          "line": 33,
          "column": 50
        }
      },
      "19": {
        "start": {
          "line": 34,
          "column": 50
        },
        "end": {
          "line": 34,
          "column": 64
        }
      },
      "20": {
        "start": {
          "line": 35,
          "column": 52
        },
        "end": {
          "line": 35,
          "column": 64
        }
      },
      "21": {
        "start": {
          "line": 36,
          "column": 64
        },
        "end": {
          "line": 36,
          "column": 78
        }
      },
      "22": {
        "start": {
          "line": 37,
          "column": 62
        },
        "end": {
          "line": 37,
          "column": 74
        }
      },
      "23": {
        "start": {
          "line": 38,
          "column": 30
        },
        "end": {
          "line": 40,
          "column": 3
        }
      },
      "24": {
        "start": {
          "line": 39,
          "column": 4
        },
        "end": {
          "line": 39,
          "column": 45
        }
      },
      "25": {
        "start": {
          "line": 41,
          "column": 30
        },
        "end": {
          "line": 68,
          "column": 3
        }
      },
      "26": {
        "start": {
          "line": 42,
          "column": 4
        },
        "end": {
          "line": 42,
          "column": 27
        }
      },
      "27": {
        "start": {
          "line": 43,
          "column": 21
        },
        "end": {
          "line": 43,
          "column": 31
        }
      },
      "28": {
        "start": {
          "line": 44,
          "column": 4
        },
        "end": {
          "line": 47,
          "column": 5
        }
      },
      "29": {
        "start": {
          "line": 45,
          "column": 6
        },
        "end": {
          "line": 45,
          "column": 53
        }
      },
      "30": {
        "start": {
          "line": 46,
          "column": 6
        },
        "end": {
          "line": 46,
          "column": 13
        }
      },
      "31": {
        "start": {
          "line": 48,
          "column": 34
        },
        "end": {
          "line": 48,
          "column": 44
        }
      },
      "32": {
        "start": {
          "line": 49,
          "column": 23
        },
        "end": {
          "line": 49,
          "column": 111
        }
      },
      "33": {
        "start": {
          "line": 50,
          "column": 26
        },
        "end": {
          "line": 57,
          "column": 5
        }
      },
      "34": {
        "start": {
          "line": 58,
          "column": 4
        },
        "end": {
          "line": 66,
          "column": 7
        }
      },
      "35": {
        "start": {
          "line": 59,
          "column": 6
        },
        "end": {
          "line": 65,
          "column": 9
        }
      },
      "36": {
        "start": {
          "line": 60,
          "column": 8
        },
        "end": {
          "line": 63,
          "column": 9
        }
      },
      "37": {
        "start": {
          "line": 61,
          "column": 27
        },
        "end": {
          "line": 61,
          "column": 70
        }
      },
      "38": {
        "start": {
          "line": 62,
          "column": 10
        },
        "end": {
          "line": 62,
          "column": 66
        }
      },
      "39": {
        "start": {
          "line": 64,
          "column": 8
        },
        "end": {
          "line": 64,
          "column": 17
        }
      },
      "40": {
        "start": {
          "line": 67,
          "column": 4
        },
        "end": {
          "line": 67,
          "column": 22
        }
      },
      "41": {
        "start": {
          "line": 69,
          "column": 30
        },
        "end": {
          "line": 93,
          "column": 3
        }
      },
      "42": {
        "start": {
          "line": 70,
          "column": 4
        },
        "end": {
          "line": 92,
          "column": 7
        }
      },
      "43": {
        "start": {
          "line": 77,
          "column": 8
        },
        "end": {
          "line": 87,
          "column": 11
        }
      },
      "44": {
        "start": {
          "line": 78,
          "column": 10
        },
        "end": {
          "line": 86,
          "column": 13
        }
      },
      "45": {
        "start": {
          "line": 79,
          "column": 12
        },
        "end": {
          "line": 84,
          "column": 13
        }
      },
      "46": {
        "start": {
          "line": 80,
          "column": 14
        },
        "end": {
          "line": 83,
          "column": 16
        }
      },
      "47": {
        "start": {
          "line": 82,
          "column": 57
        },
        "end": {
          "line": 82,
          "column": 81
        }
      },
      "48": {
        "start": {
          "line": 85,
          "column": 12
        },
        "end": {
          "line": 85,
          "column": 21
        }
      },
      "49": {
        "start": {
          "line": 90,
          "column": 8
        },
        "end": {
          "line": 90,
          "column": 30
        }
      },
      "50": {
        "start": {
          "line": 94,
          "column": 30
        },
        "end": {
          "line": 119,
          "column": 3
        }
      },
      "51": {
        "start": {
          "line": 95,
          "column": 4
        },
        "end": {
          "line": 118,
          "column": 7
        }
      },
      "52": {
        "start": {
          "line": 101,
          "column": 8
        },
        "end": {
          "line": 111,
          "column": 11
        }
      },
      "53": {
        "start": {
          "line": 102,
          "column": 10
        },
        "end": {
          "line": 110,
          "column": 13
        }
      },
      "54": {
        "start": {
          "line": 103,
          "column": 12
        },
        "end": {
          "line": 108,
          "column": 13
        }
      },
      "55": {
        "start": {
          "line": 104,
          "column": 14
        },
        "end": {
          "line": 107,
          "column": 16
        }
      },
      "56": {
        "start": {
          "line": 106,
          "column": 54
        },
        "end": {
          "line": 106,
          "column": 140
        }
      },
      "57": {
        "start": {
          "line": 109,
          "column": 12
        },
        "end": {
          "line": 109,
          "column": 21
        }
      },
      "58": {
        "start": {
          "line": 112,
          "column": 8
        },
        "end": {
          "line": 112,
          "column": 34
        }
      },
      "59": {
        "start": {
          "line": 113,
          "column": 8
        },
        "end": {
          "line": 113,
          "column": 41
        }
      },
      "60": {
        "start": {
          "line": 116,
          "column": 8
        },
        "end": {
          "line": 116,
          "column": 30
        }
      },
      "61": {
        "start": {
          "line": 120,
          "column": 26
        },
        "end": {
          "line": 129,
          "column": 3
        }
      },
      "62": {
        "start": {
          "line": 121,
          "column": 4
        },
        "end": {
          "line": 121,
          "column": 23
        }
      },
      "63": {
        "start": {
          "line": 122,
          "column": 25
        },
        "end": {
          "line": 127,
          "column": 6
        }
      },
      "64": {
        "start": {
          "line": 123,
          "column": 6
        },
        "end": {
          "line": 125,
          "column": 7
        }
      },
      "65": {
        "start": {
          "line": 124,
          "column": 8
        },
        "end": {
          "line": 124,
          "column": 41
        }
      },
      "66": {
        "start": {
          "line": 126,
          "column": 6
        },
        "end": {
          "line": 126,
          "column": 15
        }
      },
      "67": {
        "start": {
          "line": 128,
          "column": 4
        },
        "end": {
          "line": 128,
          "column": 27
        }
      },
      "68": {
        "start": {
          "line": 130,
          "column": 30
        },
        "end": {
          "line": 139,
          "column": 3
        }
      },
      "69": {
        "start": {
          "line": 131,
          "column": 4
        },
        "end": {
          "line": 131,
          "column": 33
        }
      },
      "70": {
        "start": {
          "line": 132,
          "column": 25
        },
        "end": {
          "line": 137,
          "column": 6
        }
      },
      "71": {
        "start": {
          "line": 133,
          "column": 6
        },
        "end": {
          "line": 135,
          "column": 7
        }
      },
      "72": {
        "start": {
          "line": 134,
          "column": 8
        },
        "end": {
          "line": 134,
          "column": 53
        }
      },
      "73": {
        "start": {
          "line": 136,
          "column": 6
        },
        "end": {
          "line": 136,
          "column": 15
        }
      },
      "74": {
        "start": {
          "line": 138,
          "column": 4
        },
        "end": {
          "line": 138,
          "column": 27
        }
      },
      "75": {
        "start": {
          "line": 140,
          "column": 28
        },
        "end": {
          "line": 155,
          "column": 3
        }
      },
      "76": {
        "start": {
          "line": 141,
          "column": 4
        },
        "end": {
          "line": 154,
          "column": 7
        }
      },
      "77": {
        "start": {
          "line": 148,
          "column": 29
        },
        "end": {
          "line": 148,
          "column": 66
        }
      },
      "78": {
        "start": {
          "line": 148,
          "column": 49
        },
        "end": {
          "line": 148,
          "column": 65
        }
      },
      "79": {
        "start": {
          "line": 149,
          "column": 8
        },
        "end": {
          "line": 149,
          "column": 31
        }
      },
      "80": {
        "start": {
          "line": 152,
          "column": 8
        },
        "end": {
          "line": 152,
          "column": 30
        }
      },
      "81": {
        "start": {
          "line": 156,
          "column": 28
        },
        "end": {
          "line": 164,
          "column": 3
        }
      },
      "82": {
        "start": {
          "line": 157,
          "column": 26
        },
        "end": {
          "line": 157,
          "column": 83
        }
      },
      "83": {
        "start": {
          "line": 157,
          "column": 58
        },
        "end": {
          "line": 157,
          "column": 82
        }
      },
      "84": {
        "start": {
          "line": 158,
          "column": 4
        },
        "end": {
          "line": 161,
          "column": 5
        }
      },
      "85": {
        "start": {
          "line": 159,
          "column": 6
        },
        "end": {
          "line": 159,
          "column": 55
        }
      },
      "86": {
        "start": {
          "line": 160,
          "column": 6
        },
        "end": {
          "line": 160,
          "column": 50
        }
      },
      "87": {
        "start": {
          "line": 162,
          "column": 4
        },
        "end": {
          "line": 162,
          "column": 35
        }
      },
      "88": {
        "start": {
          "line": 163,
          "column": 4
        },
        "end": {
          "line": 163,
          "column": 42
        }
      },
      "89": {
        "start": {
          "line": 165,
          "column": 26
        },
        "end": {
          "line": 167,
          "column": 3
        }
      },
      "90": {
        "start": {
          "line": 166,
          "column": 4
        },
        "end": {
          "line": 166,
          "column": 28
        }
      },
      "91": {
        "start": {
          "line": 168,
          "column": 19
        },
        "end": {
          "line": 179,
          "column": 3
        }
      },
      "92": {
        "start": {
          "line": 169,
          "column": 34
        },
        "end": {
          "line": 169,
          "column": 44
        }
      },
      "93": {
        "start": {
          "line": 170,
          "column": 23
        },
        "end": {
          "line": 170,
          "column": 111
        }
      },
      "94": {
        "start": {
          "line": 171,
          "column": 25
        },
        "end": {
          "line": 176,
          "column": 6
        }
      },
      "95": {
        "start": {
          "line": 172,
          "column": 6
        },
        "end": {
          "line": 174,
          "column": 7
        }
      },
      "96": {
        "start": {
          "line": 173,
          "column": 8
        },
        "end": {
          "line": 173,
          "column": 66
        }
      },
      "97": {
        "start": {
          "line": 175,
          "column": 6
        },
        "end": {
          "line": 175,
          "column": 15
        }
      },
      "98": {
        "start": {
          "line": 177,
          "column": 4
        },
        "end": {
          "line": 177,
          "column": 27
        }
      },
      "99": {
        "start": {
          "line": 178,
          "column": 4
        },
        "end": {
          "line": 178,
          "column": 29
        }
      },
      "100": {
        "start": {
          "line": 180,
          "column": 23
        },
        "end": {
          "line": 182,
          "column": 3
        }
      },
      "101": {
        "start": {
          "line": 181,
          "column": 4
        },
        "end": {
          "line": 181,
          "column": 29
        }
      },
      "102": {
        "start": {
          "line": 183,
          "column": 82
        },
        "end": {
          "line": 183,
          "column": 86
        }
      },
      "103": {
        "start": {
          "line": 184,
          "column": 18
        },
        "end": {
          "line": 221,
          "column": 3
        }
      },
      "104": {
        "start": {
          "line": 222,
          "column": 2
        },
        "end": {
          "line": 237,
          "column": 3
        }
      },
      "105": {
        "start": {
          "line": 223,
          "column": 4
        },
        "end": {
          "line": 236,
          "column": 6
        }
      },
      "106": {
        "start": {
          "line": 238,
          "column": 22
        },
        "end": {
          "line": 302,
          "column": 3
        }
      },
      "107": {
        "start": {
          "line": 239,
          "column": 33
        },
        "end": {
          "line": 301,
          "column": 12
        }
      },
      "108": {
        "start": {
          "line": 244,
          "column": 60
        },
        "end": {
          "line": 244,
          "column": 89
        }
      },
      "109": {
        "start": {
          "line": 249,
          "column": 60
        },
        "end": {
          "line": 249,
          "column": 91
        }
      },
      "110": {
        "start": {
          "line": 261,
          "column": 128
        },
        "end": {
          "line": 261,
          "column": 164
        }
      },
      "111": {
        "start": {
          "line": 284,
          "column": 10
        },
        "end": {
          "line": 284,
          "column": 43
        }
      },
      "112": {
        "start": {
          "line": 285,
          "column": 10
        },
        "end": {
          "line": 285,
          "column": 36
        }
      },
      "113": {
        "start": {
          "line": 286,
          "column": 10
        },
        "end": {
          "line": 286,
          "column": 55
        }
      },
      "114": {
        "start": {
          "line": 303,
          "column": 2
        },
        "end": {
          "line": 400,
          "column": 11
        }
      },
      "115": {
        "start": {
          "line": 331,
          "column": 106
        },
        "end": {
          "line": 335,
          "column": 20
        }
      },
      "116": {
        "start": {
          "line": 341,
          "column": 186
        },
        "end": {
          "line": 341,
          "column": 215
        }
      },
      "117": {
        "start": {
          "line": 381,
          "column": 89
        },
        "end": {
          "line": 381,
          "column": 121
        }
      },
      "118": {
        "start": {
          "line": 402,
          "column": 0
        },
        "end": {
          "line": 404,
          "column": 3
        }
      },
      "119": {
        "start": {
          "line": 403,
          "column": 2
        },
        "end": {
          "line": 403,
          "column": 26
        }
      },
      "120": {
        "start": {
          "line": 405,
          "column": 0
        },
        "end": {
          "line": 405,
          "column": 10
        }
      },
      "121": {
        "start": {
          "line": 408,
          "column": 0
        },
        "end": {
          "line": 408,
          "column": 25
        }
      },
      "122": {
        "start": {
          "line": 409,
          "column": 0
        },
        "end": {
          "line": 422,
          "column": 1
        }
      },
      "123": {
        "start": {
          "line": 410,
          "column": 2
        },
        "end": {
          "line": 410,
          "column": 39
        }
      },
      "124": {
        "start": {
          "line": 411,
          "column": 2
        },
        "end": {
          "line": 411,
          "column": 39
        }
      },
      "125": {
        "start": {
          "line": 412,
          "column": 2
        },
        "end": {
          "line": 421,
          "column": 5
        }
      },
      "126": {
        "start": {
          "line": 413,
          "column": 4
        },
        "end": {
          "line": 413,
          "column": 150
        }
      },
      "127": {
        "start": {
          "line": 414,
          "column": 4
        },
        "end": {
          "line": 420,
          "column": 7
        }
      },
      "128": {
        "start": {
          "line": 415,
          "column": 6
        },
        "end": {
          "line": 416,
          "column": 15
        }
      },
      "129": {
        "start": {
          "line": 416,
          "column": 8
        },
        "end": {
          "line": 416,
          "column": 15
        }
      },
      "130": {
        "start": {
          "line": 417,
          "column": 32
        },
        "end": {
          "line": 417,
          "column": 115
        }
      },
      "131": {
        "start": {
          "line": 418,
          "column": 6
        },
        "end": {
          "line": 419,
          "column": 54
        }
      },
      "132": {
[...]
            }
          },
          {
            "start": {
              "line": 75,
              "column": 117
            },
            "end": {
              "line": 75,
              "column": 119
            }
          }
        ],
        "line": 75
      },
      "7": {
        "loc": {
          "start": {
            "line": 194,
            "column": 0
          },
          "end": {
            "line": 207,
            "column": 1
          }
        },
        "type": "if",
        "locations": [
          {
            "start": {
              "line": 194,
              "column": 0
            },
            "end": {
              "line": 207,
              "column": 1
            }
          },
          {
            "start": {},
            "end": {}
          }
        ],
        "line": 194
      },
      "8": {
        "loc": {
          "start": {
            "line": 194,
            "column": 4
          },
          "end": {
            "line": 194,
            "column": 35
          }
        },
        "type": "binary-expr",
        "locations": [
          {
            "start": {
              "line": 194,
              "column": 4
            },
            "end": {
              "line": 194,
              "column": 19
            }
          },
          {
            "start": {
              "line": 194,
              "column": 23
            },
            "end": {
              "line": 194,
              "column": 35
            }
          }
        ],
        "line": 194
      },
      "9": {
        "loc": {
          "start": {
            "line": 200,
            "column": 6
          },
          "end": {
            "line": 201,
            "column": 15
          }
        },
        "type": "if",
        "locations": [
          {
            "start": {
              "line": 200,
              "column": 6
            },
            "end": {
              "line": 201,
              "column": 15
            }
          },
          {
            "start": {},
            "end": {}
          }
        ],
        "line": 200
      },
      "10": {
        "loc": {
          "start": {
            "line": 203,
            "column": 6
          },
          "end": {
            "line": 204,
            "column": 54
          }
        },
        "type": "if",
        "locations": [
          {
            "start": {
              "line": 203,
              "column": 6
            },
            "end": {
              "line": 204,
              "column": 54
            }
          },
          {
            "start": {},
            "end": {}
          }
        ],
        "line": 203
      }
    },
    "s": {
      "0": 20,
      "1": 20,
      "2": 20,
      "3": 0,
      "4": 20,
      "5": 20,
      "6": 20,
      "7": 20,
      "8": 20,
      "9": 20,
      "10": 106,
      "11": 106,
      "12": 100,
      "13": 100,
      "14": 40,
      "15": 40,
      "16": 32,
      "17": 0,
      "18": 32,
      "19": 32,
      "20": 32,
      "21": 32,
      "22": 0,
      "23": 100,
      "24": 52,
      "25": 380,
      "26": 380,
      "27": 380,
      "28": 816,
      "29": 124,
      "30": 20,
      "31": 20,
      "32": 20,
      "33": 20,
      "34": 20,
      "35": 20,
      "36": 20,
      "37": 18,
      "38": 18,
      "39": 0,
      "40": 0,
      "41": 0,
      "42": 0,
      "43": 0
    },
    "f": {
      "0": 20,
      "1": 106,
      "2": 40,
      "3": 32,
      "4": 32,
      "5": 52,
      "6": 380,
      "7": 816,
      "8": 124,
      "9": 18,
      "10": 0
    },
    "b": {
      "0": [
        20,
        0
      ],
      "1": [
        20,
        0
      ],
      "2": [
        20,
        20
      ],
      "3": [
        0,
        20
      ],
      "4": [
        0,
        32
      ],
      "5": [
        380,
        0
      ],
      "6": [
        208,
        608
      ],
      "7": [
        20,
        0
      ],
      "8": [
        20,
        20
      ],
      "9": [
        0,
        0
      ],
      "10": [
        0,
        0
      ]
    },
    "inputSourceMap": {
      "version": 3,
      "mappings": "AA4EyB;;;;;;;;;;;;;;;;;AA3EzB,OAAOA,WAAW;AAClB,SAAQC,UAAUC,iBAAgB;AAClC,SAASC,iBAAiBC,QAAQC,OAAOC,QAAQC,SAASC,YAAW;AACrE,SAASC,cAAc;AACvB,OAAOC,iBAAiB;AACxB,OAAOC,UAAU;AACjB,OAAOC,aAAa;AACpB,OAAOC,iBAAiB;AACxB,OAAOC,aAAa;AACpB,OAAOC,eAAe;AACtB,SAASC,oBAAoB;AAC7B,SAASC,oBAAqB;AAC9B,OAAO;AAGP,SAASC,MAAM;AAAAC,KAAA;AACb,QAAM,CAACC,OAAOC,QAAQ,IAAIpB,SAAqB,EAAE;AAEjD,QAAM,CAACqB,MAAMC,OAAO,IAAItB,SAAS;AAAA,IAC/BuB,IAAI;AAAA,IACJC,MAAM;AAAA,IACNC,OAAO;AAAA,IACPC,KAAK;AAAA,IACLC,OAAO;AAAA,EACT,CAAC;AAKD1B,YAAU,MAAM;AAId,QAAI;AACF2B,YAAM,WAAW,EACdC,KAAK,CAACC,aAAa;AAClB,YAAI,CAACA,SAASC,IAAI;AAChB,gBAAM,IAAIC,MAAO,uBAAsBF,SAASG,MAAO,EAAC;AAAA,QAC1D;AACA,eAAOH,SAASI,KAAK;AAAA,MACvB,CAAC,EACAL,KAAK,CAACM,SAAS;AACdC,gBAAQC,IAAI,iBAAiBF,IAAI;AACjCf,iBAASe,KAAK,CAAC,EAAEd,IAAI;AACrBe,gBAAQC,IAAI,4BAA4BlB,KAAK;AAAA,MAC/C,CAAC;AAAA,IACL,SAASmB,OAAO;AACdF,cAAQC,IAAI,gBAAgBC,MAAMC,OAAO;AAAA,IAC3C;AAAA,EAEF,GAAG,EAAE;AAEL,SACE,uBAAC,gBAAa,OAAO,EAAElB,MAAMC,QAAQ,GACrC,iCAAC,gBAAa,OAAO,EAAEH,OAAQC,SAAQ,GAIrC,iCAAC,UACC,iCAAC,UACD;AAAA;AAAA,MAAC;AAAA;AAAA,QACG,MAAK;AAAA,QACL,SACE;AAAA,UAAC;AAAA;AAAA,YACC,gBAAgB,MAAM;AAAA,cACpB,EAAEoB,MAAM,SAAShB,MAAM,OAAO;AAAA,cAC9B,EAAEgB,MAAM,aAAahB,MAAM,WAAW;AAAA,cACtC,EAAEgB,MAAM,iBAAiBhB,MAAM,eAAe;AAAA,cAC9C,EAAEgB,MAAM,aAAahB,MAAM,WAAW;AAAA,cACtC,EAAEgB,MAAM,eAAehB,MAAM,aAAa;AAAA,YAAC;AAAA,YAG7C,gBAAgB,CAACiB,MAAMC,QAAQ;AAC7B,oBAAMF,OAAOC,KAAKD,QAAQ;AAC1B,oBAAMG,gBAAgB,EAAEC,OAAO,UAAU;AACzC,qBAAO,uBAAC,WAAQ,IAAIJ,MAAM,OAAS,CAAC,EAACK,SAAQ,MAAIA,WAAUF,gBAAgB,CAAC,GAAKD,iBAA1E;AAAA;AAAA;AAAA;AAAA,qBAA8E;AAAA,YACvF;AAAA,YACA,WAAU;AAAA,YACV,oBAAoB,MAAM,uBAAC,QAAK,IAAK,KAAI,iCAAC,UAAQ,sBAAT;AAAA;AAAA;AAAA;AAAA,mBAAe,KAA9B;AAAA;AAAA;AAAA;AAAA,mBAAuC;AAAA,YAGjE,iCAAC,UACC;AAAA,qCAAC,SAAM,MAAK,SAAQ,SAAS,uBAAC,UAAD;AAAA;AAAA;AAAA;AAAA,qBAAK,KAAlC;AAAA;AAAA;AAAA;AAAA,qBAAsC;AAAA,cACtC,uBAAC,SAAM,MAAK,aAAY,SAAS,uBAAC,aAAD;AAAA;AAAA;AAAA;AAAA,qBAAQ,KAAzC;AAAA;AAAA;AAAA;AAAA,qBAA8C;AAAA,cAC9C,uBAAC,SAAM,MAAK,iBAAgB,SAAS,uBAAC,iBAAD;AAAA;AAAA;AAAA;AAAA,qBAAY,KAAjD;AAAA;AAAA;AAAA;AAAA,qBAAsD;AAAA,cACtD,uBAAC,SAAM,MAAK,aAAY,SAAS,uBAAC,aAAD;AAAA;AAAA;AAAA;AAAA,qBAAQ,KAAzC;AAAA;AAAA;AAAA;AAAA,qBAA6C;AAAA,cAC7C,uBAAC,SAAM,MAAK,eAAc,SAAS,uBAAC,eAAD;AAAA;AAAA;AAAA;AAAA,qBAAU,KAA7C;AAAA;AAAA;AAAA;AAAA,qBAAkD;AAAA,iBALpD;AAAA;AAAA;AAAA;AAAA,mBAMA;AAAA;AAAA,UAxBF;AAAA;AAAA;AAAA;AAAA;AAAA;AAAA;AAAA;AAAA,QAyBA;AAAA;AAAA,MA5BN;AAAA;AAAA;AAAA;AAAA;AAAA;AAAA;AAAA;AAAA,IA6BK;AAAA,IAEH,uBAAC,SAAkB,MAAK,KAAI,SAAS,uBAAC,WAAD;AAAA;AAAA;AAAA;AAAA,WAAM,KAAhC,SAAX;AAAA;AAAA;AAAA;AAAA,WAA+C;AAAA,OAhCjD;AAAA;AAAA;AAAA;AAAA,SAkCA,KAnCF;AAAA;AAAA;AAAA;AAAA,SAoCA,KAxCF;AAAA;AAAA;AAAA;AAAA,SA2CA,KA5CA;AAAA;AAAA;AAAA;AAAA,SA6CA;AAEJ;AAACxB,GArFQD,KAAG;AAAA6B,KAAH7B;AAuFT,eAAeA;AAAG,IAAA6B;AAAAC,aAAAD,IAAA",
      "names": [
        "Login",
        "useState",
        "useEffect",
        "BrowserRouter",
        "Router",
        "Route",
        "Routes",
        "NavLink",
        "Link",
        "Button",
        "BasicLayout",
        "Home",
        "MyLikes",
        "MyBookmarks",
        "MyPosts",
        "MyProfile",
        "PostProvider",
        "UserProvider",
        "App",
        "_s",
        "posts",
        "setPosts",
        "user",
        "setUser",
        "id",
        "name",
        "email",
        "bio",
        "photo",
        "fetch",
        "then",
        "response",
        "ok",
        "Error",
        "status",
        "json",
        "data",
        "console",
        "log",
        "error",
        "message",
        "path",
        "item",
        "dom",
        "isActiveStyle",
        "color",
        "isActive",
        "_c",
        "$RefreshReg$"
      ],
      "sources": [
        "C:/Users/shiva/Desktop/Projects/AlgoBulls/HiveSocial/src/App.tsx"
      ],
      "file": "C:/Users/shiva/Desktop/Projects/AlgoBulls/HiveSocial/src/App.tsx"
    },
    "_coverageSchema": "1a1c01bbd47fc00a2c39e90264f33305004495a9",
    "hash": "8e825d697a3d400d5654e21fc4eecb85c5e591a7"
  },
  "C:/Users/shiva/Desktop/Projects/AlgoBulls/HiveSocial/src/mocks/server.ts": {
    "path": "C:/Users/shiva/Desktop/Projects/AlgoBulls/HiveSocial/src/mocks/server.ts",
    "statementMap": {
      "0": {
        "start": {
          "line": 3,
          "column": 31
        },
        "end": {
          "line": 35,
          "column": 1
        }
      },
      "1": {
        "start": {
          "line": 4,
          "column": 2
        },
        "end": {
          "line": 34,
          "column": 5
        }
      },
      "2": {
        "start": {
          "line": 6,
          "column": 6
        },
        "end": {
          "line": 6,
          "column": 29
        }
      },
      "3": {
        "start": {
          "line": 7,
          "column": 6
        },
        "end": {
          "line": 18,
          "column": 9
        }
      },
      "4": {
        "start": {
          "line": 8,
          "column": 22
        },
        "end": {
          "line": 8,
          "column": 53
        }
      },
      "5": {
        "start": {
          "line": 9,
          "column": 8
        },
        "end": {
          "line": 14,
          "column": 9
        }
      },
      "6": {
        "start": {
          "line": 10,
          "column": 10
        },
        "end": {
          "line": 13,
          "column": 12
        }
      },
      "7": {
        "start": {
          "line": 15,
          "column": 8
        },
        "end": {
          "line": 17,
          "column": 10
        }
      },
      "8": {
        "start": {
          "line": 19,
          "column": 6
        },
        "end": {
          "line": 21,
          "column": 9
        }
      },
      "9": {
        "start": {
          "line": 20,
          "column": 8
        },
        "end": {
          "line": 20,
          "column": 21
        }
      },
      "10": {
        "start": {
          "line": 22,
          "column": 6
        },
        "end": {
          "line": 32,
          "column": 9
        }
      },
      "11": {
        "start": {
          "line": 23,
          "column": 22
        },
        "end": {
          "line": 23,
          "column": 53
        }
      },
      "12": {
        "start": {
          "line": 24,
          "column": 8
        },
        "end": {
          "line": 28,
          "column": 9
        }
      },
      "13": {
        "start": {
          "line": 25,
          "column": 10
        },
        "end": {
          "line": 27,
          "column": 12
        }
      },
      "14": {
        "start": {
          "line": 29,
          "column": 8
        },
        "end": {
          "line": 31,
          "column": 10
        }
      }
    },
    "fnMap": {
      "0": {
        "name": "(anonymous_0)",
        "decl": {
          "start": {
            "line": 3,
            "column": 31
          },
          "end": {
            "line": 3,
            "column": 32
          }
        },
        "loc": {
          "start": {
            "line": 3,
            "column": 37
          },
          "end": {
            "line": 35,
            "column": 1
          }
        },
        "line": 3
      },
      "1": {
        "name": "(anonymous_1)",
        "decl": {
          "start": {
            "line": 5,
            "column": 4
          },
          "end": {
            "line": 5,
            "column": 5
          }
        },
        "loc": {
          "start": {
            "line": 5,
            "column": 13
          },
          "end": {
            "line": 33,
            "column": 5
          }
        },
        "line": 5
      },
      "2": {
        "name": "(anonymous_2)",
        "decl": {
          "start": {
            "line": 7,
            "column": 26
          },
          "end": {
            "line": 7,
            "column": 27
          }
        },
        "loc": {
          "start": {
            "line": 7,
            "column": 42
          },
          "end": {
            "line": 18,
            "column": 7
          }
        },
        "line": 7
      },
      "3": {
        "name": "(anonymous_3)",
        "decl": {
          "start": {
            "line": 19,
            "column": 24
          },
          "end": {
            "line": 19,
            "column": 25
          }
        },
        "loc": {
          "start": {
            "line": 19,
            "column": 30
          },
          "end": {
            "line": 21,
            "column": 7
          }
        },
        "line": 19
      },
      "4": {
        "name": "(anonymous_4)",
        "decl": {
          "start": {
            "line": 22,
            "column": 27
          },
          "end": {
            "line": 22,
            "column": 28
          }
        },
        "loc": {
          "start": {
            "line": 22,
            "column": 43
          },
          "end": {
            "line": 32,
            "column": 7
          }
        },
        "line": 22
      }
    },
    "branchMap": {
      "0": {
        "loc": {
          "start": {
            "line": 9,
            "column": 8
          },
          "end": {
            "line": 14,
            "column": 9
          }
        },
        "type": "if",
        "locations": [
          {
            "start": {
              "line": 9,
              "column": 8
            },
            "end": {
              "line": 14,
              "column": 9
            }
          },
          {
            "start": {},
            "end": {}
          }
        ],
        "line": 9
      },
      "1": {
        "loc": {
          "start": {
            "line": 9,
            "column": 12
          },
          "end": {
            "line": 9,
            "column": 76
          }
        },
        "type": "binary-expr",
        "locations": [
          {
            "start": {
              "line": 9,
              "column": 12
            },
            "end": {
              "line": 9,
              "column": 43
            }
          },
          {
            "start": {
              "line": 9,
              "column": 47
            },
            "end": {
              "line": 9,
              "column": 76
            }
          }
        ],
        "line": 9
      },
      "2": {
        "loc": {
          "start": {
            "line": 24,
            "column": 8
          },
          "end": {
            "line": 28,
            "column": 9
          }
        },
        "type": "if",
        "locations": [
          {
            "start": {
              "line": 24,
              "column": 8
            },
            "end": {
              "line": 28,
              "column": 9
            }
          },
          {
            "start": {},
            "end": {}
          }
        ],
        "line": 24
      },
      "3": {
        "loc": {
          "start": {
            "line": 24,
            "column": 12
          },
          "end": {
            "line": 24,
            "column": 41
          }
        },
        "type": "binary-expr",
        "locations": [
          {
            "start": {
              "line": 24,
              "column": 12
            },
            "end": {
              "line": 24,
              "column": 23
            }
          },
          {
            "start": {
              "line": 24,
              "column": 27
            },
            "end": {
              "line": 24,
              "column": 41
            }
          }
        ],
        "line": 24
      }
    },
    "s": {
      "0": 20,
      "1": 20,
      "2": 20,
      "3": 20,
      "4": 14,
      "5": 14,
      "6": 12,
      "7": 2,
      "8": 20,
      "9": 40,
      "10": 20,
      "11": 0,
      "12": 0,
      "13": 0,
      "14": 0
    },
    "f": {
      "0": 20,
      "1": 20,
      "2": 14,
      "3": 40,
      "4": 0
    },
    "b": {
      "0": [
        12,
        2
      ],
      "1": [
        14,
        12
      ],
      "2": [
        0,
        0
      ],
      "3": [
        0,
        0
      ]
    },
    "inputSourceMap": {
      "version": 3,
      "sources": [
        "C:/Users/shiva/Desktop/Projects/AlgoBulls/HiveSocial/src/mocks/server.ts"
      ],
      "mappings": "AAAA,SAAS,oBAAoB;AAC7B,OAAO,WAAW;AAEX,aAAM,kBAAkB,MAAM;AACrC,eAAa;AAAA,IACX,SAAS;AACP,WAAK,YAAY;AAGjB,WAAK,KAAK,UAAU,CAAC,GAAE,YAAY;AACjC,cAAM,QAAQ,KAAK,MAAM,QAAQ,WAAW;AAG5C,YAAI,MAAM,UAAU,mBAAmB,MAAM,aAAa,YAAY;AACpE,iBAAO;AAAA,YACL,QAAQ;AAAA,YACR,OAAO;AAAA,UACT;AAAA,QACF;AAGA,eAAO;AAAA,UACL,QAAQ;AAAA,QACV;AAAA,MACF,CAAC;AAED,WAAK,IAAI,SAAS,MAAM;AACpB,eAAO;AAAA,MACT,CAAC;AAEH,WAAK,KAAK,WAAW,CAAC,GAAG,YAAY;AACnC,cAAM,QAAQ,KAAK,MAAM,QAAQ,WAAW;AAG5C,YAAI,MAAM,SAAS,MAAM,UAAU;AACjC,iBAAO;AAAA,YACL,QAAQ;AAAA,UACV;AAAA,QACF;AAGA,eAAO;AAAA,UACL,QAAQ;AAAA,QACV;AAAA,MACF,CAAC;AAAA,IACH;AAAA,EACF,CAAC;AACD;",
      "names": []
    },
    "_coverageSchema": "1a1c01bbd47fc00a2c39e90264f33305004495a9",
    "hash": "019ff99fc131eed38ae7b856ec2efa79e3e6213a"
  },
  "C:/Users/shiva/Desktop/Projects/AlgoBulls/HiveSocial/src/main.tsx": {
    "path": "C:/Users/shiva/Desktop/Projects/AlgoBulls/HiveSocial/src/main.tsx",
    "statementMap": {
      "0": {
        "start": {
          "line": 7,
          "column": 0
        },
        "end": {
          "line": 7,
          "column": 18
        }
      },
      "1": {
        "start": {
          "line": 8,
          "column": 0
        },
        "end": {
          "line": 18,
          "column": 2
        }
      }
    },
    "fnMap": {},
    "branchMap": {},
    "s": {
      "0": 20,
      "1": 20
    },
    "f": {},
    "b": {},
    "inputSourceMap": {
      "version": 3,
      "mappings": "AASI;AATJ,OAAOA,WAAW;AAClB,OAAOC,cAAc;AACrB,OAAOC,SAAS;AAChB,OAAO;AACP,SAASC,uBAAuB;AAEhCA,gBAAgB;AAChBF,SAASG,WAAWC,SAASC,eAAe,MAAM,CAAE,EAAEC;AAAAA,EACpD,uBAAC,MAAM,YAAN,EACC,iCAAC,SAAD;AAAA;AAAA;AAAA;AAAA,SAAI,KADN;AAAA;AAAA;AAAA;AAAA,SAEA;AACF",
      "names": [
        "React",
        "ReactDOM",
        "App",
        "startMockServer",
        "createRoot",
        "document",
        "getElementById",
        "render"
      ],
      "sources": [
        "C:/Users/shiva/Desktop/Projects/AlgoBulls/HiveSocial/src/main.tsx"
      ],
      "file": "C:/Users/shiva/Desktop/Projects/AlgoBulls/HiveSocial/src/main.tsx"
    },
    "_coverageSchema": "1a1c01bbd47fc00a2c39e90264f33305004495a9",
    "hash": "573b525a2d435b4462f7b060d673857872a08feb"
  },
  "C:/Users/shiva/Desktop/Projects/AlgoBulls/HiveSocial/src/tests/App.test.tsx": {
    "path": "C:/Users/shiva/Desktop/Projects/AlgoBulls/HiveSocial/src/tests/App.test.tsx",
    "statementMap": {},
    "fnMap": {},
    "branchMap": {},
    "s": {},
    "f": {},
    "b": {}
  },
  "C:/Users/shiva/Desktop/Projects/AlgoBulls/HiveSocial/src/tests/Home.test.tsx": {
    "path": "C:/Users/shiva/Desktop/Projects/AlgoBulls/HiveSocial/src/tests/Home.test.tsx",
    "statementMap": {},
    "fnMap": {},
    "branchMap": {},
    "s": {},
    "f": {},
    "b": {}
  },
  "C:/Users/shiva/Desktop/Projects/AlgoBulls/HiveSocial/src/tests/MyLikes.test.tsx": {
    "path": "C:/Users/shiva/Desktop/Projects/AlgoBulls/HiveSocial/src/tests/MyLikes.test.tsx",
    "statementMap": {},
    "fnMap": {},
    "branchMap": {},
    "s": {},
    "f": {},
    "b": {}
  },
  "C:/Users/shiva/Desktop/Projects/AlgoBulls/HiveSocial/src/tests/MyPosts.test.tsx": {
    "path": "C:/Users/shiva/Desktop/Projects/AlgoBulls/HiveSocial/src/tests/MyPosts.test.tsx",
    "statementMap": {},
    "fnMap": {},
    "branchMap": {},
    "s": {},
    "f": {},
    "b": {}
  },
  "C:/Users/shiva/Desktop/Projects/AlgoBulls/HiveSocial/src/tests/SignInForm.test.tsx": {
    "path": "C:/Users/shiva/Desktop/Projects/AlgoBulls/HiveSocial/src/tests/SignInForm.test.tsx",
    "statementMap": {},
    "fnMap": {},
    "branchMap": {},
    "s": {},
    "f": {},
    "b": {}
  }
}
