{
  "/vercel/path0/src/component/auth/SignUpForm.tsx": {
    "path": "C:\\Users\\shiva\\Desktop\\Projects\\AlgoBulls\\HiveSocial\\src\\component\\auth\\SignUpForm.tsx",
    "statementMap": {
      "0": {
        "start": {
          "line": 6,
          "column": 18
        },
        "end": {
          "line": 6,
          "column": 28
        }
      },
      "1": {
        "start": {
          "line": 7,
          "column": 19
        },
        "end": {
          "line": 94,
          "column": 1
        }
      },
      "2": {
        "start": {
          "line": 8,
          "column": 19
        },
        "end": {
          "line": 10,
          "column": 3
        }
      },
      "3": {
        "start": {
          "line": 9,
          "column": 4
        },
        "end": {
          "line": 9,
          "column": 36
        }
      },
      "4": {
        "start": {
          "line": 11,
          "column": 2
        },
        "end": {
          "line": 93,
          "column": 7
        }
      },
      "5": {
        "start": {
          "line": 73,
          "column": 40
        },
        "end": {
          "line": 84,
          "column": 17
        }
      },
      "6": {
        "start": {
          "line": 75,
          "column": 20
        },
        "end": {
          "line": 77,
          "column": 21
        }
      },
      "7": {
        "start": {
          "line": 76,
          "column": 22
        },
        "end": {
          "line": 76,
          "column": 47
        }
      },
      "8": {
        "start": {
          "line": 78,
          "column": 20
        },
        "end": {
          "line": 82,
          "column": 22
        }
      }
    },
    "fnMap": {
      "0": {
        "name": "(anonymous_0)",
        "decl": {
          "start": {
            "line": 7,
            "column": 19
          },
          "end": {
            "line": 7,
            "column": 20
          }
        },
        "loc": {
          "start": {
            "line": 7,
            "column": 25
          },
          "end": {
            "line": 94,
            "column": 1
          }
        },
        "line": 7
      },
      "1": {
        "name": "(anonymous_1)",
        "decl": {
          "start": {
            "line": 8,
            "column": 19
          },
          "end": {
            "line": 8,
            "column": 20
          }
        },
        "loc": {
          "start": {
            "line": 8,
            "column": 31
          },
          "end": {
            "line": 10,
            "column": 3
          }
        },
        "line": 8
      },
      "2": {
        "name": "(anonymous_2)",
        "decl": {
          "start": {
            "line": 73,
            "column": 16
          },
          "end": {
            "line": 73,
            "column": 17
          }
        },
        "loc": {
          "start": {
            "line": 73,
            "column": 40
          },
          "end": {
            "line": 84,
            "column": 17
          }
        },
        "line": 73
      },
      "3": {
        "name": "(anonymous_3)",
        "decl": {
          "start": {
            "line": 74,
            "column": 18
          },
          "end": {
            "line": 74,
            "column": 19
          }
        },
        "loc": {
          "start": {
            "line": 74,
            "column": 38
          },
          "end": {
            "line": 83,
            "column": 19
          }
        },
        "line": 74
      }
    },
    "branchMap": {
      "0": {
        "loc": {
          "start": {
            "line": 75,
            "column": 20
          },
          "end": {
            "line": 77,
            "column": 21
          }
        },
        "type": "if",
        "locations": [
          {
            "start": {
              "line": 75,
              "column": 20
            },
            "end": {
              "line": 77,
              "column": 21
            }
          },
          {
            "start": {},
            "end": {}
          }
        ],
        "line": 75
      },
      "1": {
        "loc": {
          "start": {
            "line": 75,
            "column": 24
          },
          "end": {
            "line": 75,
            "column": 69
          }
        },
        "type": "binary-expr",
        "locations": [
          {
            "start": {
              "line": 75,
              "column": 24
            },
            "end": {
              "line": 75,
              "column": 30
            }
          },
          {
            "start": {
              "line": 75,
              "column": 34
            },
            "end": {
              "line": 75,
              "column": 69
            }
          }
        ],
        "line": 75
      }
    },
    "s": {
      "0": 11,
      "1": 11,
      "2": 0,
      "3": 0,
      "4": 0,
      "5": 0,
      "6": 0,
      "7": 0,
      "8": 0
    },
    "f": {
      "0": 0,
      "1": 0,
      "2": 0,
      "3": 0
    },
    "b": {
      "0": [
        0,
        0
      ],
      "1": [
        0,
        0
      ]
    },
    "inputSourceMap": {
      "version": 3,
      "file": null,
      "sources": [
        "/vercel/path0/src/component/auth/SignUpForm.tsx"
      ],
      "names": [],
      "mappings": "AAoBM,cAEA,YAFA;AAjBN,SAAS,MAAM,OAAO,cAAc;AACpC,SAAS,cAAc,oBAAoB;AAC3C,SAAU,kBAAkB;AAC5B,OAAO;AACP,MAAM,EAAE,MAAM,IAAI;AAMlB,MAAM,aAAa,MAAM;AACvB,QAAM,WAAW,CAAC,WAAgB;AAChC,YAAQ,IAAI,YAAY,MAAM;AAAA,EAChC;AAEA,SACE,qBAAC,SAAI,OAAO,EAAC,SAAQ,QAAQ,eAAc,SAAQ,GACjD;AAAA,wBAAC,SAAM,qBAAO;AAAA,IAEd;AAAA,MAAC;AAAA;AAAA,QAAK,MAAK;AAAA,QAAQ,eAAe,EAAE,OAAO,GAAG;AAAA,QAAG;AAAA,QAC/C,OAAO,EAAE,OAAO,IAAI;AAAA,QACpB;AAAA;AAAA,YAAC,KAAK;AAAA,YAAL;AAAA,cACC,MAAK;AAAA,cACL,OAAO;AAAA,gBACL;AAAA,kBACE,MAAM;AAAA,kBACN,SAAS;AAAA,gBACX;AAAA,gBACA;AAAA,kBACE,UAAU;AAAA,kBACV,SAAS;AAAA,gBACX;AAAA,cACF;AAAA,cACA,aAAW;AAAA,cAEX,8BAAC,SAAM,QAAQ,oBAAC,gBAAa,GAAI,aAAY,SAAQ;AAAA;AAAA,UACvD;AAAA,UACA;AAAA,YAAC,KAAK;AAAA,YAAL;AAAA,cACC,MAAK;AAAA,cACL,OAAO;AAAA,gBACL;AAAA,kBACE,UAAU;AAAA,kBACV,SAAS;AAAA,kBACT,KAAK;AAAA,kBACL,KAAK;AAAA,gBACP;AAAA,cACF;AAAA,cACA,aAAW;AAAA,cAEX;AAAA,gBAAC,MAAM;AAAA,gBAAN;AAAA,kBACC,QAAQ,oBAAC,gBAAa;AAAA,kBACtB,MAAK;AAAA,kBACL,aAAY;AAAA;AAAA,cACd;AAAA;AAAA,UACF;AAAA,UAEA;AAAA,YAAC,KAAK;AAAA,YAAL;AAAA,cACC,MAAK;AAAA,cACL,cAAc,CAAC,UAAU;AAAA,cACzB,aAAW;AAAA,cAEX,OAAO;AAAA,gBACL;AAAA,kBACE,UAAU;AAAA,kBACV,SAAS;AAAA,gBACX;AAAA,gBACA,CAAC,EAAE,cAAc,OAAO;AAAA,kBACtB,UAAU,GAAG,OAAO;AAClB,wBAAI,CAAC,SAAS,cAAc,UAAU,MAAM,OAAO;AACjD,6BAAO,QAAQ,QAAQ;AAAA,oBACzB;AAEA,2BAAO,QAAQ;AAAA,sBACb,IAAI;AAAA,wBACF;AAAA,sBACF;AAAA,oBACF;AAAA,kBACF;AAAA,gBACF;AAAA,cACF;AAAA,cAEA,8BAAC,MAAM,UAAN,EAAe,QAAQ,oBAAC,gBAAa,GAAI;AAAA;AAAA,UAC5C;AAAA,UAIA,oBAAC,KAAK,MAAL,EACC,8BAAC,UAAO,MAAK,WAAU,UAAS,UAAS,oBAEzC,GAEF;AAAA;AAAA;AAAA,IACF;AAAA,KACF;AAEJ;AAEA,eAAe;"
    },
    "_coverageSchema": "1a1c01bbd47fc00a2c39e90264f33305004495a9",
    "hash": "a69987451d164a059d60f059b5100fa97e67a2ce"
  },
  "/vercel/path0/src/component/auth/SignInForm.tsx": {
    "path": "C:\\Users\\shiva\\Desktop\\Projects\\AlgoBulls\\HiveSocial\\src\\component\\auth\\SignInForm.tsx",
    "statementMap": {
      "0": {
        "start": {
          "line": 8,
          "column": 18
        },
        "end": {
          "line": 8,
          "column": 28
        }
      },
      "1": {
        "start": {
          "line": 10,
          "column": 19
        },
        "end": {
          "line": 10,
          "column": 32
        }
      },
      "2": {
        "start": {
          "line": 11,
          "column": 19
        },
        "end": {
          "line": 26,
          "column": 3
        }
      },
      "3": {
        "start": {
          "line": 12,
          "column": 4
        },
        "end": {
          "line": 12,
          "column": 24
        }
      },
      "4": {
        "start": {
          "line": 13,
          "column": 4
        },
        "end": {
          "line": 25,
          "column": 5
        }
      },
      "5": {
        "start": {
          "line": 14,
          "column": 23
        },
        "end": {
          "line": 14,
          "column": 61
        }
      },
      "6": {
        "start": {
          "line": 15,
          "column": 6
        },
        "end": {
          "line": 15,
          "column": 28
        }
      },
      "7": {
        "start": {
          "line": 16,
          "column": 6
        },
        "end": {
          "line": 22,
          "column": 7
        }
      },
      "8": {
        "start": {
          "line": 17,
          "column": 8
        },
        "end": {
          "line": 17,
          "column": 51
        }
      },
      "9": {
        "start": {
          "line": 18,
          "column": 8
        },
        "end": {
          "line": 18,
          "column": 26
        }
      },
      "10": {
        "start": {
          "line": 20,
          "column": 8
        },
        "end": {
          "line": 20,
          "column": 30
        }
      },
      "11": {
        "start": {
          "line": 21,
          "column": 8
        },
        "end": {
          "line": 21,
          "column": 43
        }
      },
      "12": {
        "start": {
          "line": 24,
          "column": 6
        },
        "end": {
          "line": 24,
          "column": 25
        }
      },
      "13": {
        "start": {
          "line": 27,
          "column": 25
        },
        "end": {
          "line": 29,
          "column": 3
        }
      },
      "14": {
        "start": {
          "line": 28,
          "column": 4
        },
        "end": {
          "line": 28,
          "column": 38
        }
      },
      "15": {
        "start": {
          "line": 30,
          "column": 2
        },
        "end": {
          "line": 88,
          "column": 7
        }
      }
    },
    "fnMap": {
      "0": {
        "name": "SignInForm",
        "decl": {
          "start": {
            "line": 9,
            "column": 9
          },
          "end": {
            "line": 9,
            "column": 19
          }
        },
        "loc": {
          "start": {
            "line": 9,
            "column": 22
          },
          "end": {
            "line": 89,
            "column": 1
          }
        },
        "line": 9
      },
      "1": {
        "name": "(anonymous_1)",
        "decl": {
          "start": {
            "line": 11,
            "column": 19
          },
          "end": {
            "line": 11,
            "column": 20
          }
        },
        "loc": {
          "start": {
            "line": 11,
            "column": 37
          },
          "end": {
            "line": 26,
            "column": 3
          }
        },
        "line": 11
      },
      "2": {
        "name": "(anonymous_2)",
        "decl": {
          "start": {
            "line": 27,
            "column": 25
          },
          "end": {
            "line": 27,
            "column": 26
          }
        },
        "loc": {
          "start": {
            "line": 27,
            "column": 40
          },
          "end": {
            "line": 29,
            "column": 3
          }
        },
        "line": 27
      }
    },
    "branchMap": {
      "0": {
        "loc": {
          "start": {
            "line": 16,
            "column": 6
          },
          "end": {
            "line": 22,
            "column": 7
          }
        },
        "type": "if",
        "locations": [
          {
            "start": {
              "line": 16,
              "column": 6
            },
            "end": {
              "line": 22,
              "column": 7
            }
          },
          {
            "start": {
              "line": 19,
              "column": 13
            },
            "end": {
              "line": 22,
              "column": 7
            }
          }
        ],
        "line": 16
      }
    },
    "s": {
      "0": 11,
      "1": 20,
      "2": 20,
      "3": 8,
      "4": 8,
      "5": 8,
      "6": 8,
      "7": 8,
      "8": 7,
      "9": 7,
      "10": 1,
      "11": 1,
      "12": 0,
      "13": 20,
      "14": 0,
      "15": 20
    },
    "f": {
      "0": 20,
      "1": 8,
      "2": 0
    },
    "b": {
      "0": [
        7,
        1
      ]
    },
    "inputSourceMap": {
      "version": 3,
      "file": null,
      "sources": [
        "/vercel/path0/src/component/auth/SignInForm.tsx"
      ],
      "names": [],
      "mappings": "AA4CQ,cACA,YADA;AA3CR,SAAS,MAAM,OAAO,QAAQ,UAAU,eAAe;AACvD,SAAS,cAAc,oBAAoB;AAC3C,SAAU,kBAAkB;AAC5B,SAAS,mBAAmB;AAE5B,OAAO,WAAW;AAClB,OAAO;AACP,MAAM,EAAE,MAAM,IAAI;AAClB,SAAS,aAAa;AAClB,QAAM,WAAU,YAAY;AAE5B,QAAM,WAAW,OAAO,WAAqB;AACzC,YAAQ,IAAI,MAAM;AAClB,QAAG;AACC,YAAM,WAAW,MAAM,MAAM,KAAK,cAAc,MAAM;AACtD,cAAQ,IAAI,QAAQ;AACpB,UAAI,SAAS,KAAK,WAAW,MAAM;AAC/B,gBAAQ,QAAQ,yBAAyB;AAEzC,iBAAS,OAAO;AAAA,MAClB,OAAO;AACL,gBAAQ,IAAI,QAAQ;AACpB,gBAAQ,MAAM,mBAAmB;AAAA,MACnC;AAAA,IACN,SACM,OAAO;AACT,cAAQ,IAAI,KAAK;AAAA,IAErB;AAAA,EAEF;AAEA,QAAM,iBAAiB,CAAC,cAA8C;AACpE,YAAQ,IAAI,WAAW,SAAS;AAAA,EAClC;AAOF,SACI,qBAAC,SAAI,OAAO,EAAC,SAAQ,QAAQ,eAAc,SAAQ,GACnD;AAAA,wBAAC,SAAM,oBAAM;AAAA,IACb;AAAA,MAAC;AAAA;AAAA,QACG,MAAK;AAAA,QAEL,OAAO,EAAE,OAAO,IAAI;AAAA,QACpB,eAAe,EAAE,UAAU,KAAK;AAAA,QAChC;AAAA,QACA;AAAA,QACA,cAAa;AAAA,QAEb;AAAA;AAAA,YAAC,KAAK;AAAA,YAAL;AAAA,cAEG,MAAK;AAAA,cACL,aAAW;AAAA,cACX,OAAO;AAAA,gBACH;AAAA,kBACE,MAAM;AAAA,kBACN,SAAS;AAAA,gBACX;AAAA,gBACA;AAAA,kBACE,UAAU;AAAA,kBACV,SAAS;AAAA,gBACX;AAAA,cACF;AAAA,cAGF,8BAAC,SAAM,QAAQ,oBAAC,gBAAa,WAAU,uBAAsB,GAAI,aAAY,eAAc,MAAK,SAAQ,WAAU,cAAY;AAAA;AAAA,UAClI;AAAA,UAEA;AAAA,YAAC,KAAK;AAAA,YAAL;AAAA,cAEG,MAAK;AAAA,cACL,OAAO,CAAC,EAAE,UAAU,MAAM,SAAS,8BAA8B,CAAC;AAAA,cAElE;AAAA,gBAAC,MAAM;AAAA,gBAAN;AAAA,kBAAe,QAAQ,oBAAC,gBAAa,WAAU,uBAAsB;AAAA,kBAClE,MAAK;AAAA,kBACL,aAAY;AAAA,kBAAW,MAAK;AAAA;AAAA,cAAU;AAAA;AAAA,UAC9C;AAAA,UAEA;AAAA,YAAC,KAAK;AAAA,YAAL;AAAA,cACG,MAAK;AAAA,cACL,eAAc;AAAA,cAGd,8BAAC,YAAS,yBAAW;AAAA;AAAA,UACzB;AAAA,UAEA,oBAAC,KAAK,MAAL,EACG,8BAAC,UAAO,MAAK,SAAQ,MAAK,WAAU,UAAS,UAAS,WAAU,eAAc,mBAE9E,GAEJ;AAAA;AAAA;AAAA,IACJ;AAAA,KACA;AAER;AAEA,eAAe;"
    },
    "_coverageSchema": "1a1c01bbd47fc00a2c39e90264f33305004495a9",
    "hash": "e2c3ba3899debdaedd6a8c9ae5bc814a23ca4686"
  },
  "/vercel/path0/src/component/auth/Auth.tsx": {
    "path": "C:\\Users\\shiva\\Desktop\\Projects\\AlgoBulls\\HiveSocial\\src\\component\\auth\\Auth.tsx",
    "statementMap": {
      "0": {
        "start": {
          "line": 7,
          "column": 54
        },
        "end": {
          "line": 7,
          "column": 68
        }
      },
      "1": {
        "start": {
          "line": 8,
          "column": 27
        },
        "end": {
          "line": 8,
          "column": 75
        }
      },
      "2": {
        "start": {
          "line": 8,
          "column": 33
        },
        "end": {
          "line": 8,
          "column": 75
        }
      },
      "3": {
        "start": {
          "line": 9,
          "column": 2
        },
        "end": {
          "line": 21,
          "column": 10
        }
      }
    },
    "fnMap": {
      "0": {
        "name": "Login",
        "decl": {
          "start": {
            "line": 6,
            "column": 9
          },
          "end": {
            "line": 6,
            "column": 14
          }
        },
        "loc": {
          "start": {
            "line": 6,
            "column": 17
          },
          "end": {
            "line": 22,
            "column": 1
          }
        },
        "line": 6
      },
      "1": {
        "name": "(anonymous_1)",
        "decl": {
          "start": {
            "line": 8,
            "column": 27
          },
          "end": {
            "line": 8,
            "column": 28
          }
        },
        "loc": {
          "start": {
            "line": 8,
            "column": 33
          },
          "end": {
            "line": 8,
            "column": 75
          }
        },
        "line": 8
      }
    },
    "branchMap": {
      "0": {
        "loc": {
          "start": {
            "line": 15,
            "column": 6
          },
          "end": {
            "line": 15,
            "column": 100
          }
        },
        "type": "cond-expr",
        "locations": [
          {
            "start": {
              "line": 15,
              "column": 43
            },
            "end": {
              "line": 15,
              "column": 62
            }
          },
          {
            "start": {
              "line": 15,
              "column": 81
            },
            "end": {
              "line": 15,
              "column": 100
            }
          }
        ],
        "line": 15
      },
      "1": {
        "loc": {
          "start": {
            "line": 17,
            "column": 8
          },
          "end": {
            "line": 17,
            "column": 167
          }
        },
        "type": "cond-expr",
        "locations": [
          {
            "start": {
              "line": 17,
              "column": 45
            },
            "end": {
              "line": 17,
              "column": 105
            }
          },
          {
            "start": {
              "line": 17,
              "column": 124
            },
            "end": {
              "line": 17,
              "column": 167
            }
          }
        ],
        "line": 17
      },
      "2": {
        "loc": {
          "start": {
            "line": 18,
            "column": 159
          },
          "end": {
            "line": 18,
            "column": 209
          }
        },
        "type": "cond-expr",
        "locations": [
          {
            "start": {
              "line": 18,
              "column": 180
            },
            "end": {
              "line": 18,
              "column": 198
            }
          },
          {
            "start": {
              "line": 18,
              "column": 201
            },
            "end": {
              "line": 18,
              "column": 209
            }
          }
        ],
        "line": 18
      }
    },
    "s": {
      "0": 20,
      "1": 20,
      "2": 0,
      "3": 20
    },
    "f": {
      "0": 20,
      "1": 0
    },
    "b": {
      "0": [
        20,
        0
      ],
      "1": [
        20,
        0
      ],
      "2": [
        20,
        0
      ]
    },
    "inputSourceMap": {
      "version": 3,
      "file": null,
      "sources": [
        "/vercel/path0/src/component/auth/Auth.tsx"
      ],
      "names": [],
      "mappings": "AAaQ,SACA,KADA;AAbR,SAAS,gBAAgB;AACzB,OAAO;AAGP,OAAO,gBAAgB;AACvB,OAAO,gBAAgB;AACvB,SAAS,QAAQ;AACf,QAAM,CAAC,oBAAoB,qBAAqB,IAAI,SAAS,IAAI;AACjE,QAAM,mBAAmB,MAAM,sBAAsB,CAAC,kBAAkB;AAExE,SACE,oBAAC,SAAI,WAAU,yBACb,+BAAC,SAAI,WAAU,yBACb;AAAA,yBAAC,SAAI,WAAU,qBACf;AAAA,0BAAC,QAAG,yBAAW;AAAA,MACf,oBAAC,OAAE,gDAAkC;AAAA,OACrC;AAAA,IAEA,qBAAC,SAAI,WAAU,oBAEb;AAAA,2BACE,oBAAC,cAAW,IAEZ,oBAAC,cAAW;AAAA,MAGhB,qBAAC,SAAI,WAAU,cAAa,OAAO,EAAE,YAAY,QAAQ,aAAa,QAAQ,WAAW,GAAG,GAC3F;AAAA,6BACD,oBAAC,OAAE,gDAAkC,IAErC,oBAAC,OAAE,+BAAiB;AAAA,QAEpB,oBAAC,OAAG,SAAS,kBAAmB,OAAO,EAAE,YAAY,QAAQ,aAAa,QAAQ,WAAW,GAAG,WAAU,SAAQ,GAC/G,+BAAqB,qBAAqB,UAC7C;AAAA,SACA;AAAA,OAEA;AAAA,KAIF,GAGF;AAEJ;AAEA,eAAe;"
    },
    "_coverageSchema": "1a1c01bbd47fc00a2c39e90264f33305004495a9",
    "hash": "6a08b0f296064d369f9611b6883bb4fa9200acc6"
  },
  "/vercel/path0/src/component/post/Post.tsx": {
    "path": "C:\\Users\\shiva\\Desktop\\Projects\\AlgoBulls\\HiveSocial\\src\\component\\post\\Post.tsx",
    "statementMap": {
      "0": {
        "start": {
          "line": 9,
          "column": 13
        },
        "end": {
          "line": 250,
          "column": 1
        }
      },
      "1": {
        "start": {
          "line": 10,
          "column": 30
        },
        "end": {
          "line": 10,
          "column": 52
        }
      },
      "2": {
        "start": {
          "line": 11,
          "column": 40
        },
        "end": {
          "line": 11,
          "column": 67
        }
      },
      "3": {
        "start": {
          "line": 12,
          "column": 30
        },
        "end": {
          "line": 12,
          "column": 46
        }
      },
      "4": {
        "start": {
          "line": 13,
          "column": 46
        },
        "end": {
          "line": 13,
          "column": 61
        }
      },
      "5": {
        "start": {
          "line": 14,
          "column": 44
        },
        "end": {
          "line": 14,
          "column": 66
        }
      },
      "6": {
        "start": {
          "line": 15,
          "column": 52
        },
        "end": {
          "line": 15,
          "column": 67
        }
      },
      "7": {
        "start": {
          "line": 16,
          "column": 38
        },
        "end": {
          "line": 16,
          "column": 50
        }
      },
      "8": {
        "start": {
          "line": 17,
          "column": 50
        },
        "end": {
          "line": 17,
          "column": 64
        }
      },
      "9": {
        "start": {
          "line": 18,
          "column": 52
        },
        "end": {
          "line": 18,
          "column": 64
        }
      },
      "10": {
        "start": {
          "line": 19,
          "column": 64
        },
        "end": {
          "line": 19,
          "column": 78
        }
      },
      "11": {
        "start": {
          "line": 20,
          "column": 62
        },
        "end": {
          "line": 20,
          "column": 74
        }
      },
      "12": {
        "start": {
          "line": 21,
          "column": 30
        },
        "end": {
          "line": 23,
          "column": 3
        }
      },
      "13": {
        "start": {
          "line": 22,
          "column": 4
        },
        "end": {
          "line": 22,
          "column": 45
        }
      },
      "14": {
        "start": {
          "line": 24,
          "column": 30
        },
        "end": {
          "line": 51,
          "column": 3
        }
      },
      "15": {
        "start": {
          "line": 25,
          "column": 4
        },
        "end": {
          "line": 25,
          "column": 27
        }
      },
      "16": {
        "start": {
          "line": 26,
          "column": 21
        },
        "end": {
          "line": 26,
          "column": 31
        }
      },
      "17": {
        "start": {
          "line": 27,
          "column": 4
        },
        "end": {
          "line": 30,
          "column": 5
        }
      },
      "18": {
        "start": {
          "line": 28,
          "column": 6
        },
        "end": {
          "line": 28,
          "column": 53
        }
      },
      "19": {
        "start": {
          "line": 29,
          "column": 6
        },
        "end": {
          "line": 29,
          "column": 13
        }
      },
      "20": {
        "start": {
          "line": 31,
          "column": 34
        },
        "end": {
          "line": 31,
          "column": 44
        }
      },
      "21": {
        "start": {
          "line": 32,
          "column": 23
        },
        "end": {
          "line": 32,
          "column": 111
        }
      },
      "22": {
        "start": {
          "line": 33,
          "column": 26
        },
        "end": {
          "line": 40,
          "column": 5
        }
      },
      "23": {
        "start": {
          "line": 41,
          "column": 4
        },
        "end": {
          "line": 49,
          "column": 7
        }
      },
      "24": {
        "start": {
          "line": 42,
          "column": 6
        },
        "end": {
          "line": 48,
          "column": 9
        }
      },
      "25": {
        "start": {
          "line": 43,
          "column": 8
        },
        "end": {
          "line": 46,
          "column": 9
        }
      },
      "26": {
        "start": {
          "line": 44,
          "column": 27
        },
        "end": {
          "line": 44,
          "column": 70
        }
      },
      "27": {
        "start": {
          "line": 45,
          "column": 10
        },
        "end": {
          "line": 45,
          "column": 66
        }
      },
      "28": {
        "start": {
          "line": 47,
          "column": 8
        },
        "end": {
          "line": 47,
          "column": 17
        }
      },
      "29": {
        "start": {
          "line": 50,
          "column": 4
        },
        "end": {
          "line": 50,
          "column": 22
        }
      },
      "30": {
        "start": {
          "line": 52,
          "column": 30
        },
        "end": {
          "line": 76,
          "column": 3
        }
      },
      "31": {
        "start": {
          "line": 53,
          "column": 4
        },
        "end": {
          "line": 75,
          "column": 7
        }
      },
      "32": {
        "start": {
          "line": 60,
          "column": 8
        },
        "end": {
          "line": 70,
          "column": 11
        }
      },
      "33": {
        "start": {
          "line": 61,
          "column": 10
        },
        "end": {
          "line": 69,
          "column": 13
        }
      },
      "34": {
        "start": {
          "line": 62,
          "column": 12
        },
        "end": {
          "line": 67,
          "column": 13
        }
      },
      "35": {
        "start": {
          "line": 63,
          "column": 14
        },
        "end": {
          "line": 66,
          "column": 16
        }
      },
      "36": {
        "start": {
          "line": 65,
          "column": 57
        },
        "end": {
          "line": 65,
          "column": 81
        }
      },
      "37": {
        "start": {
          "line": 68,
          "column": 12
        },
        "end": {
          "line": 68,
          "column": 21
        }
      },
      "38": {
        "start": {
          "line": 73,
          "column": 8
        },
        "end": {
          "line": 73,
          "column": 30
        }
      },
      "39": {
        "start": {
          "line": 77,
          "column": 30
        },
        "end": {
          "line": 102,
          "column": 3
        }
      },
      "40": {
        "start": {
          "line": 78,
          "column": 4
        },
        "end": {
          "line": 101,
          "column": 7
        }
      },
      "41": {
        "start": {
          "line": 84,
          "column": 8
        },
        "end": {
          "line": 94,
          "column": 11
        }
      },
      "42": {
        "start": {
          "line": 85,
          "column": 10
        },
        "end": {
          "line": 93,
          "column": 13
        }
      },
      "43": {
        "start": {
          "line": 86,
          "column": 12
        },
        "end": {
          "line": 91,
          "column": 13
        }
      },
      "44": {
        "start": {
          "line": 87,
          "column": 14
        },
        "end": {
          "line": 90,
          "column": 16
        }
      },
      "45": {
        "start": {
          "line": 89,
          "column": 54
        },
        "end": {
          "line": 89,
          "column": 140
        }
      },
      "46": {
        "start": {
          "line": 92,
          "column": 12
        },
        "end": {
          "line": 92,
          "column": 21
        }
      },
      "47": {
        "start": {
          "line": 95,
          "column": 8
        },
        "end": {
          "line": 95,
          "column": 34
        }
      },
      "48": {
        "start": {
          "line": 96,
          "column": 8
        },
        "end": {
          "line": 96,
          "column": 41
        }
      },
      "49": {
        "start": {
          "line": 99,
          "column": 8
        },
        "end": {
          "line": 99,
          "column": 30
        }
      },
      "50": {
        "start": {
          "line": 103,
          "column": 26
        },
        "end": {
          "line": 112,
          "column": 3
        }
      },
      "51": {
        "start": {
          "line": 104,
          "column": 4
        },
        "end": {
          "line": 104,
          "column": 23
        }
      },
      "52": {
        "start": {
          "line": 105,
          "column": 25
        },
        "end": {
          "line": 110,
          "column": 6
        }
      },
      "53": {
        "start": {
          "line": 106,
          "column": 6
        },
        "end": {
          "line": 108,
          "column": 7
        }
      },
      "54": {
        "start": {
          "line": 107,
          "column": 8
        },
        "end": {
          "line": 107,
          "column": 41
        }
      },
      "55": {
        "start": {
          "line": 109,
          "column": 6
        },
        "end": {
          "line": 109,
          "column": 15
        }
      },
      "56": {
        "start": {
          "line": 111,
          "column": 4
        },
        "end": {
          "line": 111,
          "column": 27
        }
      },
      "57": {
        "start": {
          "line": 113,
          "column": 30
        },
        "end": {
          "line": 122,
          "column": 3
        }
      },
      "58": {
        "start": {
          "line": 114,
          "column": 4
        },
        "end": {
          "line": 114,
          "column": 33
        }
      },
      "59": {
        "start": {
          "line": 115,
          "column": 25
        },
        "end": {
          "line": 120,
          "column": 6
        }
      },
      "60": {
        "start": {
          "line": 116,
          "column": 6
        },
        "end": {
          "line": 118,
          "column": 7
        }
      },
      "61": {
        "start": {
          "line": 117,
          "column": 8
        },
        "end": {
          "line": 117,
          "column": 53
        }
      },
      "62": {
        "start": {
          "line": 119,
          "column": 6
        },
        "end": {
          "line": 119,
          "column": 15
        }
      },
      "63": {
        "start": {
          "line": 121,
          "column": 4
        },
        "end": {
          "line": 121,
          "column": 27
        }
      },
      "64": {
        "start": {
          "line": 123,
          "column": 28
        },
        "end": {
          "line": 138,
          "column": 3
        }
      },
      "65": {
        "start": {
          "line": 124,
          "column": 4
        },
        "end": {
          "line": 137,
          "column": 7
        }
      },
      "66": {
        "start": {
          "line": 131,
          "column": 29
        },
        "end": {
          "line": 131,
          "column": 66
        }
      },
      "67": {
        "start": {
          "line": 131,
          "column": 49
        },
        "end": {
          "line": 131,
          "column": 65
        }
      },
      "68": {
        "start": {
          "line": 132,
          "column": 8
        },
        "end": {
          "line": 132,
          "column": 31
        }
      },
      "69": {
        "start": {
          "line": 135,
          "column": 8
        },
        "end": {
          "line": 135,
          "column": 30
        }
      },
      "70": {
        "start": {
          "line": 139,
          "column": 28
        },
        "end": {
          "line": 147,
          "column": 3
        }
      },
      "71": {
        "start": {
          "line": 140,
          "column": 26
        },
        "end": {
          "line": 140,
          "column": 83
        }
      },
      "72": {
        "start": {
          "line": 140,
          "column": 58
        },
        "end": {
          "line": 140,
          "column": 82
        }
      },
      "73": {
        "start": {
          "line": 141,
          "column": 4
        },
        "end": {
          "line": 144,
          "column": 5
        }
      },
      "74": {
        "start": {
          "line": 142,
          "column": 6
        },
        "end": {
          "line": 142,
          "column": 55
        }
      },
      "75": {
        "start": {
          "line": 143,
          "column": 6
        },
        "end": {
          "line": 143,
          "column": 50
        }
      },
      "76": {
        "start": {
          "line": 145,
          "column": 4
        },
        "end": {
          "line": 145,
          "column": 35
        }
      },
      "77": {
        "start": {
          "line": 146,
          "column": 4
        },
        "end": {
          "line": 146,
          "column": 42
        }
      },
      "78": {
        "start": {
          "line": 148,
          "column": 26
        },
        "end": {
          "line": 150,
          "column": 3
        }
      },
      "79": {
        "start": {
          "line": 149,
          "column": 4
        },
        "end": {
          "line": 149,
          "column": 28
        }
      },
      "80": {
        "start": {
          "line": 151,
          "column": 19
        },
        "end": {
          "line": 162,
          "column": 3
        }
      },
      "81": {
        "start": {
          "line": 152,
          "column": 34
        },
        "end": {
          "line": 152,
          "column": 44
        }
      },
      "82": {
        "start": {
          "line": 153,
          "column": 23
        },
        "end": {
          "line": 153,
          "column": 111
        }
      },
      "83": {
        "start": {
          "line": 154,
          "column": 25
        },
        "end": {
          "line": 159,
          "column": 6
        }
      },
      "84": {
        "start": {
          "line": 155,
          "column": 6
        },
        "end": {
          "line": 157,
          "column": 7
        }
      },
      "85": {
        "start": {
          "line": 156,
          "column": 8
        },
        "end": {
          "line": 156,
          "column": 66
        }
      },
      "86": {
        "start": {
          "line": 158,
          "column": 6
        },
        "end": {
          "line": 158,
          "column": 15
        }
      },
      "87": {
        "start": {
          "line": 160,
          "column": 4
        },
        "end": {
          "line": 160,
          "column": 27
        }
      },
      "88": {
        "start": {
          "line": 161,
          "column": 4
        },
        "end": {
          "line": 161,
          "column": 29
        }
      },
      "89": {
        "start": {
          "line": 163,
          "column": 23
        },
        "end": {
          "line": 165,
          "column": 3
        }
      },
      "90": {
        "start": {
          "line": 164,
          "column": 4
        },
        "end": {
          "line": 164,
          "column": 29
        }
      },
      "91": {
        "start": {
          "line": 166,
          "column": 82
        },
        "end": {
          "line": 166,
          "column": 86
        }
      },
      "92": {
        "start": {
          "line": 167,
          "column": 18
        },
        "end": {
          "line": 180,
          "column": 3
        }
      },
      "93": {
        "start": {
          "line": 181,
          "column": 2
        },
        "end": {
          "line": 188,
          "column": 3
        }
      },
      "94": {
        "start": {
          "line": 182,
          "column": 4
        },
        "end": {
          "line": 187,
          "column": 6
        }
      },
      "95": {
        "start": {
          "line": 189,
          "column": 22
        },
        "end": {
          "line": 211,
          "column": 19
        }
      },
      "96": {
        "start": {
          "line": 189,
          "column": 70
        },
        "end": {
          "line": 211,
          "column": 18
        }
      },
      "97": {
        "start": {
          "line": 194,
          "column": 55
        },
        "end": {
          "line": 194,
          "column": 84
        }
      },
      "98": {
        "start": {
          "line": 195,
          "column": 55
        },
        "end": {
          "line": 195,
          "column": 86
        }
      },
      "99": {
        "start": {
          "line": 199,
          "column": 123
        },
        "end": {
          "line": 199,
          "column": 159
        }
      },
      "100": {
        "start": {
          "line": 206,
          "column": 8
        },
        "end": {
          "line": 206,
          "column": 41
        }
      },
      "101": {
        "start": {
          "line": 207,
          "column": 8
        },
        "end": {
          "line": 207,
          "column": 34
        }
      },
      "102": {
        "start": {
          "line": 208,
          "column": 8
        },
        "end": {
          "line": 208,
          "column": 53
        }
      },
      "103": {
        "start": {
          "line": 212,
          "column": 2
        },
        "end": {
          "line": 249,
          "column": 7
        }
      },
      "104": {
        "start": {
          "line": 228,
          "column": 103
        },
        "end": {
          "line": 228,
          "column": 132
        }
      },
      "105": {
        "start": {
          "line": 230,
          "column": 183
        },
        "end": {
          "line": 230,
          "column": 212
        }
      },
      "106": {
        "start": {
          "line": 246,
          "column": 86
        },
        "end": {
          "line": 246,
          "column": 118
        }
      }
    },
    "fnMap": {
      "0": {
        "name": "(anonymous_0)",
        "decl": {
          "start": {
            "line": 9,
            "column": 13
          },
          "end": {
            "line": 9,
            "column": 14
          }
        },
        "loc": {
          "start": {
            "line": 9,
            "column": 27
          },
          "end": {
            "line": 250,
            "column": 1
          }
        },
        "line": 9
      },
      "1": {
        "name": "(anonymous_1)",
        "decl": {
          "start": {
            "line": 21,
            "column": 30
          },
          "end": {
            "line": 21,
            "column": 31
          }
        },
        "loc": {
          "start": {
            "line": 21,
            "column": 36
          },
          "end": {
            "line": 23,
            "column": 3
          }
        },
        "line": 21
      },
      "2": {
        "name": "(anonymous_2)",
        "decl": {
          "start": {
            "line": 24,
            "column": 30
          },
          "end": {
            "line": 24,
            "column": 31
          }
        },
        "loc": {
          "start": {
            "line": 24,
            "column": 47
          },
          "end": {
            "line": 51,
            "column": 3
          }
        },
        "line": 24
      },
      "3": {
        "name": "(anonymous_3)",
        "decl": {
          "start": {
            "line": 41,
            "column": 13
          },
          "end": {
            "line": 41,
            "column": 14
          }
        },
        "loc": {
          "start": {
            "line": 41,
            "column": 28
          },
          "end": {
            "line": 49,
            "column": 5
          }
        },
        "line": 41
      },
      "4": {
        "name": "(anonymous_4)",
        "decl": {
          "start": {
            "line": 42,
            "column": 27
          },
          "end": {
            "line": 42,
            "column": 28
          }
        },
        "loc": {
          "start": {
            "line": 42,
            "column": 34
          },
          "end": {
            "line": 48,
            "column": 7
          }
        },
        "line": 42
      },
      "5": {
        "name": "(anonymous_5)",
        "decl": {
          "start": {
            "line": 52,
            "column": 30
          },
          "end": {
            "line": 52,
            "column": 31
          }
        },
        "loc": {
          "start": {
            "line": 52,
            "column": 45
          },
          "end": {
            "line": 76,
            "column": 3
          }
        },
        "line": 52
      },
      "6": {
        "name": "(anonymous_6)",
        "decl": {
          "start": {
            "line": 59,
            "column": 6
          },
          "end": {
            "line": 59,
            "column": 7
          }
        },
        "loc": {
          "start": {
            "line": 59,
            "column": 13
          },
          "end": {
            "line": 71,
            "column": 7
          }
        },
        "line": 59
      },
      "7": {
        "name": "(anonymous_7)",
        "decl": {
          "start": {
            "line": 60,
            "column": 17
          },
          "end": {
            "line": 60,
            "column": 18
          }
        },
        "loc": {
          "start": {
            "line": 60,
            "column": 32
          },
          "end": {
            "line": 70,
            "column": 9
          }
        },
        "line": 60
      },
      "8": {
        "name": "(anonymous_8)",
        "decl": {
          "start": {
            "line": 61,
            "column": 31
          },
          "end": {
            "line": 61,
            "column": 32
          }
        },
        "loc": {
          "start": {
            "line": 61,
            "column": 38
          },
          "end": {
            "line": 69,
            "column": 11
          }
        },
        "line": 61
      },
      "9": {
        "name": "(anonymous_9)",
        "decl": {
          "start": {
            "line": 65,
            "column": 44
          },
          "end": {
            "line": 65,
            "column": 45
          }
        },
        "loc": {
          "start": {
            "line": 65,
            "column": 57
          },
          "end": {
            "line": 65,
            "column": 81
          }
        },
        "line": 65
      },
      "10": {
        "name": "(anonymous_10)",
        "decl": {
          "start": {
            "line": 72,
            "column": 6
          },
          "end": {
            "line": 72,
            "column": 7
          }
        },
        "loc": {
          "start": {
            "line": 72,
            "column": 17
          },
          "end": {
            "line": 74,
            "column": 7
          }
        },
        "line": 72
      },
      "11": {
        "name": "(anonymous_11)",
        "decl": {
          "start": {
            "line": 77,
            "column": 30
          },
          "end": {
            "line": 77,
            "column": 31
          }
        },
        "loc": {
          "start": {
            "line": 77,
            "column": 36
          },
          "end": {
            "line": 102,
            "column": 3
          }
        },
        "line": 77
      },
      "12": {
        "name": "(anonymous_12)",
        "decl": {
          "start": {
            "line": 83,
            "column": 6
          },
          "end": {
            "line": 83,
            "column": 7
          }
        },
        "loc": {
          "start": {
            "line": 83,
            "column": 13
          },
          "end": {
            "line": 97,
            "column": 7
          }
        },
        "line": 83
      },
      "13": {
        "name": "(anonymous_13)",
        "decl": {
          "start": {
            "line": 84,
            "column": 17
          },
          "end": {
            "line": 84,
            "column": 18
          }
        },
        "loc": {
          "start": {
            "line": 84,
            "column": 32
          },
          "end": {
            "line": 94,
            "column": 9
          }
        },
        "line": 84
      },
      "14": {
        "name": "(anonymous_14)",
        "decl": {
          "start": {
            "line": 85,
            "column": 31
          },
          "end": {
            "line": 85,
            "column": 32
          }
        },
        "loc": {
          "start": {
            "line": 85,
            "column": 38
          },
          "end": {
            "line": 93,
            "column": 11
          }
        },
        "line": 85
      },
      "15": {
        "name": "(anonymous_15)",
        "decl": {
          "start": {
            "line": 89,
            "column": 41
          },
          "end": {
            "line": 89,
            "column": 42
          }
        },
        "loc": {
          "start": {
            "line": 89,
            "column": 54
          },
          "end": {
            "line": 89,
            "column": 140
          }
        },
        "line": 89
      },
      "16": {
        "name": "(anonymous_16)",
        "decl": {
          "start": {
            "line": 98,
            "column": 6
          },
          "end": {
            "line": 98,
            "column": 7
          }
        },
        "loc": {
          "start": {
            "line": 98,
            "column": 17
          },
          "end": {
            "line": 100,
            "column": 7
          }
        },
        "line": 98
      },
      "17": {
        "name": "(anonymous_17)",
        "decl": {
          "start": {
            "line": 103,
            "column": 26
          },
          "end": {
            "line": 103,
            "column": 27
          }
        },
        "loc": {
          "start": {
            "line": 103,
            "column": 32
          },
          "end": {
            "line": 112,
            "column": 3
          }
        },
        "line": 103
      },
      "18": {
        "name": "(anonymous_18)",
        "decl": {
          "start": {
            "line": 105,
            "column": 35
          },
          "end": {
            "line": 105,
            "column": 36
          }
        },
        "loc": {
          "start": {
            "line": 105,
            "column": 42
          },
          "end": {
            "line": 110,
            "column": 5
          }
        },
        "line": 105
      },
      "19": {
        "name": "(anonymous_19)",
        "decl": {
          "start": {
            "line": 113,
            "column": 30
          },
          "end": {
            "line": 113,
            "column": 31
          }
        },
        "loc": {
          "start": {
            "line": 113,
            "column": 36
          },
          "end": {
            "line": 122,
            "column": 3
          }
        },
        "line": 113
      },
      "20": {
        "name": "(anonymous_20)",
        "decl": {
          "start": {
            "line": 115,
            "column": 35
          },
          "end": {
            "line": 115,
            "column": 36
          }
        },
        "loc": {
          "start": {
            "line": 115,
            "column": 42
          },
          "end": {
            "line": 120,
            "column": 5
          }
        },
        "line": 115
      },
      "21": {
        "name": "(anonymous_21)",
        "decl": {
          "start": {
            "line": 123,
            "column": 28
          },
          "end": {
            "line": 123,
            "column": 29
          }
        },
        "loc": {
          "start": {
            "line": 123,
            "column": 34
          },
          "end": {
            "line": 138,
            "column": 3
          }
        },
        "line": 123
      },
      "22": {
        "name": "(anonymous_22)",
        "decl": {
          "start": {
            "line": 130,
            "column": 6
          },
          "end": {
            "line": 130,
            "column": 7
          }
        },
        "loc": {
          "start": {
            "line": 130,
            "column": 13
          },
          "end": {
            "line": 133,
            "column": 7
          }
        },
        "line": 130
      },
      "23": {
        "name": "(anonymous_23)",
        "decl": {
          "start": {
            "line": 131,
            "column": 42
          },
          "end": {
            "line": 131,
            "column": 43
          }
        },
        "loc": {
          "start": {
            "line": 131,
            "column": 49
          },
          "end": {
            "line": 131,
            "column": 65
          }
        },
        "line": 131
      },
      "24": {
        "name": "(anonymous_24)",
        "decl": {
          "start": {
            "line": 134,
            "column": 6
          },
          "end": {
            "line": 134,
            "column": 7
          }
        },
        "loc": {
          "start": {
            "line": 134,
            "column": 17
          },
          "end": {
            "line": 136,
            "column": 7
          }
        },
        "line": 134
      },
      "25": {
        "name": "(anonymous_25)",
        "decl": {
          "start": {
            "line": 139,
            "column": 28
          },
          "end": {
            "line": 139,
            "column": 29
          }
        },
        "loc": {
          "start": {
            "line": 139,
            "column": 43
          },
          "end": {
            "line": 147,
            "column": 3
          }
        },
        "line": 139
      },
      "26": {
        "name": "(anonymous_26)",
        "decl": {
          "start": {
            "line": 140,
            "column": 45
          },
          "end": {
            "line": 140,
            "column": 46
          }
        },
        "loc": {
          "start": {
            "line": 140,
            "column": 58
          },
          "end": {
            "line": 140,
            "column": 82
          }
        },
        "line": 140
      },
      "27": {
        "name": "(anonymous_27)",
        "decl": {
          "start": {
            "line": 148,
            "column": 26
          },
          "end": {
            "line": 148,
            "column": 27
          }
        },
        "loc": {
          "start": {
            "line": 148,
            "column": 32
          },
          "end": {
            "line": 150,
            "column": 3
          }
        },
        "line": 148
      },
      "28": {
        "name": "(anonymous_28)",
        "decl": {
          "start": {
            "line": 151,
            "column": 19
          },
          "end": {
            "line": 151,
            "column": 20
          }
        },
        "loc": {
          "start": {
            "line": 151,
            "column": 25
          },
          "end": {
            "line": 162,
            "column": 3
          }
        },
        "line": 151
      },
      "29": {
        "name": "(anonymous_29)",
        "decl": {
          "start": {
            "line": 154,
            "column": 35
          },
          "end": {
            "line": 154,
            "column": 36
          }
        },
        "loc": {
          "start": {
            "line": 154,
            "column": 42
          },
          "end": {
            "line": 159,
            "column": 5
          }
        },
        "line": 154
      },
      "30": {
        "name": "(anonymous_30)",
        "decl": {
          "start": {
            "line": 163,
            "column": 23
          },
          "end": {
            "line": 163,
            "column": 24
          }
        },
        "loc": {
          "start": {
            "line": 163,
            "column": 29
          },
          "end": {
            "line": 165,
            "column": 3
          }
        },
        "line": 163
      },
      "31": {
        "name": "(anonymous_31)",
        "decl": {
          "start": {
            "line": 189,
            "column": 41
          },
          "end": {
            "line": 189,
            "column": 42
          }
        },
        "loc": {
          "start": {
            "line": 189,
            "column": 70
          },
          "end": {
            "line": 211,
            "column": 18
          }
        },
        "line": 189
      },
      "32": {
        "name": "(anonymous_32)",
        "decl": {
          "start": {
            "line": 194,
            "column": 49
          },
          "end": {
            "line": 194,
            "column": 50
          }
        },
        "loc": {
          "start": {
            "line": 194,
            "column": 55
          },
          "end": {
            "line": 194,
            "column": 84
          }
        },
        "line": 194
      },
      "33": {
        "name": "(anonymous_33)",
        "decl": {
          "start": {
            "line": 195,
            "column": 49
          },
          "end": {
            "line": 195,
            "column": 50
          }
        },
        "loc": {
          "start": {
            "line": 195,
            "column": 55
          },
          "end": {
            "line": 195,
            "column": 86
          }
        },
        "line": 195
      },
      "34": {
        "name": "(anonymous_34)",
        "decl": {
          "start": {
            "line": 199,
            "column": 116
          },
          "end": {
            "line": 199,
            "column": 117
          }
        },
        "loc": {
          "start": {
            "line": 199,
            "column": 123
          },
          "end": {
            "line": 199,
            "column": 159
          }
        },
        "line": 199
      },
      "35": {
        "name": "(anonymous_35)",
        "decl": {
          "start": {
            "line": 205,
            "column": 45
          },
          "end": {
            "line": 205,
            "column": 46
          }
        },
        "loc": {
          "start": {
            "line": 205,
            "column": 51
          },
          "end": {
            "line": 209,
            "column": 7
          }
        },
        "line": 205
      },
      "36": {
        "name": "(anonymous_36)",
        "decl": {
          "start": {
            "line": 228,
            "column": 77
          },
          "end": {
            "line": 228,
            "column": 78
          }
        },
        "loc": {
          "start": {
            "line": 228,
            "column": 103
          },
          "end": {
            "line": 228,
            "column": 132
          }
        },
        "line": 228
      },
      "37": {
        "name": "(anonymous_37)",
        "decl": {
          "start": {
            "line": 230,
            "column": 176
          },
          "end": {
            "line": 230,
            "column": 177
          }
        },
        "loc": {
          "start": {
            "line": 230,
            "column": 183
          },
          "end": {
            "line": 230,
            "column": 212
          }
        },
        "line": 230
      },
      "38": {
        "name": "(anonymous_38)",
        "decl": {
          "start": {
            "line": 246,
            "column": 79
          },
          "end": {
            "line": 246,
            "column": 80
          }
        },
        "loc": {
          "start": {
            "line": 246,
            "column": 86
          },
          "end": {
            "line": 246,
            "column": 118
          }
        },
        "line": 246
      }
    },
    "branchMap": {
      "0": {
        "loc": {
          "start": {
            "line": 27,
            "column": 4
          },
          "end": {
            "line": 30,
            "column": 5
          }
        },
        "type": "if",
        "locations": [
          {
            "start": {
              "line": 27,
              "column": 4
            },
            "end": {
              "line": 30,
              "column": 5
            }
          },
          {
            "start": {},
            "end": {}
          }
        ],
        "line": 27
      },
      "1": {
        "loc": {
          "start": {
            "line": 43,
            "column": 8
          },
          "end": {
            "line": 46,
            "column": 9
          }
        },
        "type": "if",
        "locations": [
          {
            "start": {
              "line": 43,
              "column": 8
            },
            "end": {
              "line": 46,
              "column": 9
            }
          },
          {
            "start": {},
            "end": {}
          }
        ],
        "line": 43
      },
      "2": {
        "loc": {
          "start": {
            "line": 44,
            "column": 27
          },
          "end": {
            "line": 44,
            "column": 70
          }
        },
        "type": "cond-expr",
        "locations": [
          {
            "start": {
              "line": 44,
              "column": 55
            },
            "end": {
              "line": 44,
              "column": 65
            }
          },
          {
            "start": {
              "line": 44,
              "column": 68
            },
            "end": {
              "line": 44,
              "column": 70
            }
          }
        ],
        "line": 44
      },
      "3": {
        "loc": {
          "start": {
            "line": 62,
            "column": 12
          },
          "end": {
            "line": 67,
            "column": 13
          }
        },
        "type": "if",
        "locations": [
          {
            "start": {
              "line": 62,
              "column": 12
            },
            "end": {
              "line": 67,
              "column": 13
            }
          },
          {
            "start": {},
            "end": {}
          }
        ],
        "line": 62
      },
      "4": {
        "loc": {
          "start": {
            "line": 86,
            "column": 12
          },
          "end": {
            "line": 91,
            "column": 13
          }
        },
        "type": "if",
        "locations": [
          {
            "start": {
              "line": 86,
              "column": 12
            },
            "end": {
              "line": 91,
              "column": 13
            }
          },
          {
            "start": {},
            "end": {}
          }
        ],
        "line": 86
      },
      "5": {
        "loc": {
          "start": {
            "line": 89,
            "column": 54
          },
          "end": {
            "line": 89,
            "column": 140
          }
        },
        "type": "cond-expr",
        "locations": [
          {
            "start": {
              "line": 89,
              "column": 88
            },
            "end": {
              "line": 89,
              "column": 130
            }
          },
          {
            "start": {
              "line": 89,
              "column": 133
            },
            "end": {
              "line": 89,
              "column": 140
            }
          }
        ],
        "line": 89
      },
      "6": {
        "loc": {
          "start": {
            "line": 106,
            "column": 6
          },
          "end": {
            "line": 108,
            "column": 7
          }
        },
        "type": "if",
        "locations": [
          {
            "start": {
              "line": 106,
              "column": 6
            },
            "end": {
              "line": 108,
              "column": 7
            }
          },
          {
            "start": {},
            "end": {}
          }
        ],
        "line": 106
      },
      "7": {
        "loc": {
          "start": {
            "line": 116,
            "column": 6
          },
          "end": {
            "line": 118,
            "column": 7
          }
        },
        "type": "if",
        "locations": [
          {
            "start": {
              "line": 116,
              "column": 6
            },
            "end": {
              "line": 118,
              "column": 7
            }
          },
          {
            "start": {},
            "end": {}
          }
        ],
        "line": 116
      },
      "8": {
        "loc": {
          "start": {
            "line": 141,
            "column": 4
          },
          "end": {
            "line": 144,
            "column": 5
          }
        },
        "type": "if",
        "locations": [
          {
            "start": {
              "line": 141,
              "column": 4
            },
            "end": {
              "line": 144,
              "column": 5
            }
          },
          {
            "start": {},
            "end": {}
          }
        ],
        "line": 141
      },
      "9": {
        "loc": {
          "start": {
            "line": 155,
            "column": 6
          },
          "end": {
            "line": 157,
            "column": 7
          }
        },
        "type": "if",
        "locations": [
          {
            "start": {
              "line": 155,
              "column": 6
            },
            "end": {
              "line": 157,
              "column": 7
            }
          },
          {
            "start": {},
            "end": {}
          }
        ],
        "line": 155
      },
      "10": {
        "loc": {
          "start": {
            "line": 168,
            "column": 82
          },
          "end": {
            "line": 168,
            "column": 107
          }
        },
        "type": "cond-expr",
        "locations": [
          {
            "start": {
              "line": 168,
              "column": 90
            },
            "end": {
              "line": 168,
              "column": 95
            }
          },
          {
            "start": {
              "line": 168,
              "column": 98
            },
            "end": {
              "line": 168,
              "column": 107
            }
          }
        ],
        "line": 168
      },
      "11": {
        "loc": {
          "start": {
            "line": 170,
            "column": 44
          },
          "end": {
            "line": 170,
            "column": 69
          }
        },
        "type": "cond-expr",
        "locations": [
          {
            "start": {
              "line": 170,
              "column": 52
            },
            "end": {
              "line": 170,
              "column": 61
            }
          },
          {
            "start": {
              "line": 170,
              "column": 64
            },
            "end": {
              "line": 170,
              "column": 69
            }
          }
        ],
        "line": 170
      },
      "12": {
        "loc": {
          "start": {
            "line": 172,
            "column": 86
          },
          "end": {
            "line": 172,
            "column": 116
          }
        },
        "type": "cond-expr",
        "locations": [
          {
            "start": {
              "line": 172,
              "column": 99
            },
            "end": {
              "line": 172,
              "column": 104
            }
          },
          {
            "start": {
              "line": 172,
              "column": 107
            },
            "end": {
              "line": 172,
              "column": 116
            }
          }
        ],
        "line": 172
      },
      "13": {
        "loc": {
          "start": {
            "line": 174,
            "column": 44
          },
          "end": {
            "line": 174,
            "column": 82
          }
        },
        "type": "cond-expr",
        "locations": [
          {
            "start": {
              "line": 174,
              "column": 57
            },
            "end": {
              "line": 174,
              "column": 70
            }
          },
          {
            "start": {
              "line": 174,
              "column": 73
            },
            "end": {
              "line": 174,
              "column": 82
            }
          }
        ],
        "line": 174
      },
      "14": {
        "loc": {
          "start": {
            "line": 178,
            "column": 44
          },
          "end": {
            "line": 178,
            "column": 84
          }
        },
        "type": "cond-expr",
        "locations": [
          {
            "start": {
              "line": 178,
              "column": 60
            },
            "end": {
              "line": 178,
              "column": 80
            }
          },
          {
            "start": {
              "line": 178,
              "column": 83
            },
            "end": {
              "line": 178,
              "column": 84
            }
          }
        ],
        "line": 178
      },
      "15": {
        "loc": {
          "start": {
            "line": 181,
            "column": 2
          },
          "end": {
            "line": 188,
            "column": 3
          }
        },
        "type": "if",
        "locations": [
          {
            "start": {
              "line": 181,
              "column": 2
            },
            "end": {
              "line": 188,
              "column": 3
            }
          },
          {
            "start": {},
            "end": {}
          }
        ],
        "line": 181
      },
      "16": {
        "loc": {
          "start": {
            "line": 193,
            "column": 17
          },
          "end": {
            "line": 196,
            "column": 14
          }
        },
        "type": "cond-expr",
        "locations": [
          {
            "start": {
              "line": 193,
              "column": 35
            },
            "end": {
              "line": 196,
              "column": 9
            }
          },
          {
            "start": {
              "line": 196,
              "column": 12
            },
            "end": {
              "line": 196,
              "column": 14
            }
          }
        ],
        "line": 193
      },
      "17": {
        "loc": {
          "start": {
            "line": 199,
            "column": 17
          },
          "end": {
            "line": 199,
            "column": 180
          }
        },
        "type": "cond-expr",
        "locations": [
          {
            "start": {
              "line": 199,
              "column": 67
            },
            "end": {
              "line": 199,
              "column": 162
            }
          },
          {
            "start": {
              "line": 199,
              "column": 165
            },
            "end": {
              "line": 199,
              "column": 180
            }
          }
        ],
        "line": 199
      },
      "18": {
        "loc": {
          "start": {
            "line": 203,
            "column": 4
          },
          "end": {
            "line": 210,
            "column": 8
          }
        },
        "type": "binary-expr",
        "locations": [
          {
            "start": {
              "line": 203,
              "column": 4
            },
            "end": {
              "line": 203,
              "column": 35
            }
          },
          {
            "start": {
              "line": 203,
              "column": 39
            },
            "end": {
              "line": 203,
              "column": 77
            }
          },
          {
            "start": {
              "line": 203,
              "column": 97
            },
            "end": {
              "line": 210,
              "column": 8
            }
          }
        ],
        "line": 203
      },
      "19": {
        "loc": {
          "start": {
            "line": 227,
            "column": 10
          },
          "end": {
            "line": 233,
            "column": 14
          }
        },
        "type": "binary-expr",
        "locations": [
          {
            "start": {
              "line": 227,
              "column": 10
            },
            "end": {
              "line": 227,
              "column": 27
            }
          },
          {
            "start": {
              "line": 227,
              "column": 47
            },
            "end": {
              "line": 233,
              "column": 14
            }
          }
        ],
        "line": 227
      }
    },
    "s": {
      "0": 11,
      "1": 374,
      "2": 374,
      "3": 374,
      "4": 374,
      "5": 374,
      "6": 374,
      "7": 374,
      "8": 374,
      "9": 374,
      "10": 374,
      "11": 374,
      "12": 374,
      "13": 1,
      "14": 374,
      "15": 2,
      "16": 2,
      "17": 2,
      "18": 0,
      "19": 0,
      "20": 2,
      "21": 2,
      "22": 2,
      "23": 2,
      "24": 2,
      "25": 40,
      "26": 2,
      "27": 2,
      "28": 38,
      "29": 2,
      "30": 374,
      "31": 1,
      "32": 1,
      "33": 1,
      "34": 20,
      "35": 1,
      "36": 1,
      "37": 19,
      "38": 0,
      "39": 374,
      "40": 1,
      "41": 1,
      "42": 1,
      "43": 20,
      "44": 1,
      "45": 1,
      "46": 19,
      "47": 1,
      "48": 1,
      "49": 0,
      "50": 374,
      "51": 1,
      "52": 1,
      "53": 19,
      "54": 1,
      "55": 18,
      "56": 1,
      "57": 374,
      "58": 1,
      "59": 1,
      "60": 19,
      "61": 1,
      "62": 18,
      "63": 1,
      "64": 374,
      "65": 0,
      "66": 0,
      "67": 0,
      "68": 0,
      "69": 0,
      "70": 374,
      "71": 1,
      "72": 1,
      "73": 1,
      "74": 1,
      "75": 1,
      "76": 1,
      "77": 1,
      "78": 374,
      "79": 0,
      "80": 374,
      "81": 0,
      "82": 0,
      "83": 0,
      "84": 0,
      "85": 0,
      "86": 0,
      "87": 0,
      "88": 0,
      "89": 374,
      "90": 0,
      "91": 374,
      "92": 374,
      "93": 374,
      "94": 198,
      "95": 374,
      "96": 835,
      "97": 1,
      "98": 1,
      "99": 23,
      "100": 0,
      "101": 0,
      "102": 0,
      "103": 374,
      "104": 27,
      "105": 44,
      "106": 0
    },
    "f": {
      "0": 374,
      "1": 1,
      "2": 2,
      "3": 2,
      "4": 40,
      "5": 1,
      "6": 1,
      "7": 1,
      "8": 20,
      "9": 1,
      "10": 0,
      "11": 1,
      "12": 1,
      "13": 1,
      "14": 20,
      "15": 1,
      "16": 0,
      "17": 1,
      "18": 19,
      "19": 1,
      "20": 19,
      "21": 0,
      "22": 0,
      "23": 0,
      "24": 0,
      "25": 1,
      "26": 1,
      "27": 0,
      "28": 0,
      "29": 0,
      "30": 0,
      "31": 835,
      "32": 1,
      "33": 1,
      "34": 23,
      "35": 0,
      "36": 27,
      "37": 44,
      "38": 0
    },
    "b": {
      "0": [
        0,
        2
      ],
      "1": [
        2,
        38
      ],
      "2": [
        2,
        0
      ],
      "3": [
        1,
        19
      ],
      "4": [
        1,
        19
      ],
      "5": [
        1,
        0
      ],
      "6": [
        1,
        18
      ],
      "7": [
        1,
        18
      ],
      "8": [
        1,
        0
      ],
      "9": [
        0,
        0
      ],
      "10": [
        152,
        222
      ],
      "11": [
        152,
        222
      ],
      "12": [
        120,
        254
      ],
      "13": [
        120,
        254
      ],
      "14": [
        374,
        0
      ],
      "15": [
        198,
        176
      ],
      "16": [
        327,
        508
      ],
      "17": [
        24,
        811
      ],
      "18": [
        835,
        24,
        24
      ],
      "19": [
        374,
        73
      ]
    },
    "inputSourceMap": {
      "version": 3,
      "file": null,
      "sources": [
        "/vercel/path0/src/component/post/Post.tsx"
      ],
      "names": [
        "content"
      ],
      "mappings": "AAoNQ,cAoCQ,YApCR;AApNR,SAAe,gBAAgB;AAC/B,OAAO,aAAa;AACpB,SAAS,OAAO,QAAQ,OAAO,QAAS,MAAM,eAAc;AAC5D,SAAS,cAAc,cAAc,cAAc,gBAAgB,uBAAuB;AAC1F,SAAS,sBAAsB;AAC/B,SAAS,eAAe;AACxB,OAAO;AA6BP,MAAM,OAAwB,CAAC,EAAE,KAAK,MAAM;AACxC,QAAM,CAAC,OAAO,UAAU,IAAI,SAAS,KAAK,OAAO;AACjD,QAAM,CAAC,YAAY,eAAe,IAAI,SAAS,KAAK,YAAY;AAChE,QAAM,EAAE,OAAO,SAAS,IAAI,eAAe;AAC3C,QAAM,CAAC,gBAAgB,iBAAiB,IAAI,SAAS,KAAK;AAC1D,QAAM,CAAC,eAAe,gBAAgB,IAAI,SAAS,KAAK,OAAO;AAC/D,QAAM,CAAC,mBAAmB,oBAAoB,IAAI,SAAS,KAAK;AAChE,QAAM,CAAC,YAAY,aAAa,IAAI,SAAS,EAAE;AAC/C,QAAM,CAAC,kBAAkB,mBAAmB,IAAI,SAAwB,IAAI;AAC5E,QAAM,CAAC,mBAAmB,oBAAoB,IAAI,SAAS,EAAE;AAC7D,QAAM,CAAC,yBAAyB,0BAA0B,IAAI,SAAwB,IAAI;AAC1F,QAAM,CAAC,wBAAwB,yBAAyB,IAAI,SAAS,EAAE;AAGvE,QAAM,sBAAsB,MAAM;AAC9B,yBAAqB,CAAC,iBAAiB;AAAA,EAC3C;AACA,QAAM,sBAAsB,OAAO,UAA4B;AAC3D,UAAM,eAAe;AAGrB,UAAMA,WAAU;AAGhB,QAAI,CAACA,UAAS;AACV,cAAQ,MAAM,+BAA+B;AAC7C;AAAA,IACJ;AAGA,UAAM,QAAQ,oBAAI,KAAK;AACvB,UAAM,aAAa,MAAM,mBAAmB,SAAS,EAAE,MAAM,WAAW,OAAO,WAAW,KAAK,UAAU,CAAC;AAC1G,UAAM,gBAA6B;AAAA,MAC/B,IAAI,KAAK,OAAO;AAAA,MAChB,SAASA;AAAA,MACT,QAAQ;AAAA;AAAA,MACR,MAAM;AAAA,MACN,SAAS;AAAA,IACb;AAGA,aAAS,CAAC,cAA0B;AAChC,aAAO,UAAU,IAAI,CAAC,MAAM;AACxB,YAAI,EAAE,OAAO,KAAK,IAAI;AAClB,gBAAM,WAAW,MAAM,QAAQ,EAAE,QAAQ,IAAI,EAAE,WAAW,CAAC;AAC3D,iBAAO,EAAE,GAAG,GAAG,UAAU,CAAC,GAAG,UAAU,aAAa,EAAE;AAAA,QAC1D;AACA,eAAO;AAAA,MACX,CAAC;AAAA,IACL,CAAC;AAGD,kBAAc,EAAE;AAAA,EACpB;AACA,QAAM,sBAAsB,CAAC,cAAsB;AAC/C,UAAM,QAAQ;AAAA,MACV,OAAO;AAAA,MACP,SAAS;AAAA,MACT,QAAQ;AAAA,MACR,QAAQ;AAAA,MACR,YAAY;AAAA,MACZ,OAAO;AACH,iBAAS,CAAC,cAA0B;AAChC,iBAAO,UAAU,IAAI,CAAC,MAAM;AACxB,gBAAI,EAAE,OAAO,KAAK,IAAI;AAClB,qBAAO;AAAA,gBACH,GAAG;AAAA,gBACH,UAAU,EAAE,SAAS,OAAO,aAAW,QAAQ,OAAO,SAAS;AAAA,cACnE;AAAA,YACJ;AACA,mBAAO;AAAA,UACX,CAAC;AAAA,QACL,CAAC;AAAA,MACL;AAAA,MACA,WAAW;AACP,gBAAQ,IAAI,QAAQ;AAAA,MACxB;AAAA,IACJ,CAAC;AAAA,EACL;AAEA,QAAM,sBAAsB,MAAM;AAC9B,UAAM,QAAQ;AAAA,MACV,OAAO;AAAA,MACP,SAAS;AAAA,MACT,QAAQ;AAAA,MACR,YAAY;AAAA,MACZ,OAAO;AACH,iBAAS,CAAC,cAA0B;AAChC,iBAAO,UAAU,IAAI,CAAC,MAAM;AACxB,gBAAI,EAAE,OAAO,KAAK,IAAI;AAClB,qBAAO;AAAA,gBACH,GAAG;AAAA,gBACH,UAAU,EAAE,SAAS,IAAI,aAAW,QAAQ,OAAO,mBAAmB,EAAE,GAAG,SAAS,SAAS,kBAAkB,IAAI,OAAO;AAAA,cAC9H;AAAA,YACJ;AACA,mBAAO;AAAA,UACX,CAAC;AAAA,QACL,CAAC;AACD,4BAAoB,IAAI;AACxB,mCAA2B,IAAI;AAAA,MACnC;AAAA,MACA,WAAW;AACP,gBAAQ,IAAI,QAAQ;AAAA,MACxB;AAAA,IACJ,CAAC;AAAA,EACL;AACA,QAAM,kBAAkB,MAAM;AAC1B,eAAW,CAAC,KAAK;AACjB,UAAM,eAAe,MAAM,IAAI,CAAC,MAAgB;AAC5C,UAAI,EAAE,OAAO,KAAK,IAAI;AAClB,eAAO,EAAE,GAAG,GAAG,SAAS,CAAC,MAAM;AAAA,MACnC;AACA,aAAO;AAAA,IACX,CAAC;AACD,aAAS,YAAY;AAAA,EACzB;AAEA,QAAM,sBAAsB,MAAM;AAC9B,oBAAgB,CAAC,UAAU;AAE3B,UAAM,eAAe,MAAM,IAAI,CAAC,MAAgB;AAC5C,UAAI,EAAE,OAAO,KAAK,IAAI;AAClB,eAAO,EAAE,GAAG,GAAG,cAAc,CAAC,aAAa;AAAA,MAC/C;AACA,aAAO;AAAA,IACX,CAAC;AACD,aAAS,YAAY;AAAA,EACzB;AAEA,QAAM,oBAAoB,MAAM;AAC5B,UAAM,QAAQ;AAAA,MACV,OAAO;AAAA,MACP,SAAS;AAAA,MACT,QAAQ;AAAA,MACR,QAAQ;AAAA,MACR,YAAY;AAAA,MACZ,OAAO;AACH,cAAM,eAAe,MAAM,OAAO,CAAC,MAAM,EAAE,OAAO,KAAK,EAAE;AACzD,iBAAS,YAAY;AAAA,MACzB;AAAA,MACA,WAAW;AACP,gBAAQ,IAAI,QAAQ;AAAA,MACxB;AAAA,IACJ,CAAC;AAAA,EACL;AACA,QAAM,oBAAoB,CAAC,cAAsB;AAC7C,UAAM,gBAAgB,KAAK,SAAS,KAAK,CAAC,YAAyB,QAAQ,OAAO,SAAS;AAC3F,QAAI,eAAe;AACf,gCAA0B,cAAc,OAAO;AAC/C,2BAAqB,cAAc,OAAO;AAAA,IAC9C;AACA,wBAAoB,SAAS;AAC7B,+BAA2B,SAAS;AAAA,EACxC;AACA,QAAM,kBAAkB,MAAM;AAC1B,sBAAkB,IAAI;AAAA,EAC1B;AACA,QAAM,WAAW,MAAM;AACnB,UAAM,QAAQ,oBAAI,KAAK;AACvB,UAAM,aAAa,MAAM,mBAAmB,SAAS,EAAE,MAAM,WAAW,OAAO,WAAW,KAAK,UAAU,CAAC;AAC1G,UAAM,eAAe,MAAM,IAAI,CAAC,MAAM;AAClC,UAAI,EAAE,OAAO,KAAK,IAAI;AAClB,eAAO,EAAE,GAAG,GAAG,MAAM,YAAY,SAAS,cAAc;AAAA,MAC5D;AACA,aAAO;AAAA,IACX,CAAC;AACD,aAAS,YAAY;AACrB,sBAAkB,KAAK;AAAA,EAC3B;AACA,QAAM,eAAe,MAAM;AACvB,sBAAkB,KAAK;AAAA,EAC3B;AAEA,QAAM,EAAE,MAAM,OAAO,MAAM,SAAS,OAAO,WAAW,SAAS,aAAa,IAAI;AAGhF,QAAM,UAAU;AAAA,IACZ,oBAAC,gBAAwB,SAAS,iBAAiB,OAAO,EAAE,OAAO,QAAQ,QAAQ,WAAW,UAAU,OAAO,KAA7F,MAAgG;AAAA;AAAA,IAClH,oBAAC,UAAM,kBAAQ,QAAQ,IAAI,OAAM;AAAA;AAAA,IACjC,oBAAC,gBAA4B,SAAS,qBAAqB,OAAO,EAAE,OAAO,aAAa,QAAQ,WAAW,UAAU,OAAO,KAA1G,UAA6G;AAAA;AAAA,IAC/H,oBAAC,UAAM,uBAAa,YAAY,IAAI,WAAU;AAAA;AAAA,IAC9C,oBAAC,mBAA+B,SAAS,qBAAqB,OAAO,EAAE,UAAU,OAAO,KAAnE,UAAsE;AAAA;AAAA,IAC3F,oBAAC,UAAM,eAAK,WAAW,KAAK,SAAS,SAAS,GAAE;AAAA;AAAA,EACpD;AAGA,MAAI,SAAS;AACT,YAAQ;AAAA,MACJ,oBAAC,gBAAwB,SAAS,mBAAhB,MAAiC;AAAA;AAAA,MACnD,oBAAC,kBAA4B,SAAS,qBAAlB,QAAqC;AAAA;AAAA,IAC7D;AAAA,EACJ;AAEA,QAAM,cAAc,KAAK,UAAU,IAAI,CAAC,YACpC,qBAAC,QAAoB,OAAO,EAAE,SAAS,QAAQ,KAAK,OAAO,GAEvD;AAAA;AAAA,MAAC;AAAA;AAAA,QACG,SAAS,QAAQ,UAAU;AAAA,UACvB,oBAAC,UAAiB,SAAS,MAAM,kBAAkB,QAAQ,EAAE,GAAG,oBAAtD,MAA0D;AAAA,UACpE,oBAAC,UAAmB,SAAS,MAAM,oBAAoB,QAAQ,EAAE,GAAG,sBAA1D,QAAgE;AAAA,QAC9E,IAAI,CAAC;AAAA,QACL,QAAQ,QAAQ;AAAA,QAChB,QAAQ,oBAAC,UAAO,KAAK,6BAA6B,QAAQ,EAAE,eAAe;AAAA,QAC3E,SACI,qBAAqB,QAAQ,KACzB,oBAAC,SAAM,OAAO,mBAAmB,UAAU,CAAC,MAAM,qBAAqB,EAAE,OAAO,KAAK,GAAG,IAExF,QAAQ;AAAA,QAGhB,UAAU,QAAQ;AAAA;AAAA,IACtB;AAAA,IACC,qBAAqB,QAAQ,MAAM,4BAA4B,QAAQ,MACpE,qBAAC,SAAI,WAAU,kBACX;AAAA,0BAAC,UAAO,MAAK,WAAU,OAAO,CAAG,GAAG,SAAS,qBAAqB,oBAAM;AAAA,MACxE,oBAAC,UAAO,SAAS,MAAM;AACnB,mCAA2B,IAAI;AAC/B,4BAAoB,IAAI;AACxB,6BAAqB,sBAAsB;AAAA,MAC/C,GAAG,oBAAM;AAAA,OACb;AAAA,OA1BC,QAAQ,EA4BjB,CAEH;AAED,SACI,qBAAC,SAAI,eAAY,QACb;AAAA;AAAA,MAAC;AAAA;AAAA,QACG,OAAO,EAAE,QAAQ,QAAQ,cAAc,QAAQ,UAAU,SAAS;AAAA,QAClE,SAAS;AAAA,QACT,OAAO,qBAAC,SAAI;AAAA,8BAAC,SAAI,KAAK,OAAO,KAAK,MAAM;AAAA,UAAG;AAAA,UAAK;AAAA,WAAK;AAAA,QACrD,OAAO;AAAA,QACP;AAAA,QAEA;AAAA,8BAAC,OAAE,OAAO,EAAE,UAAU,SAAS,GAAI,mBAAQ;AAAA,UAC1C,qBACG,qBAAC,SACG;AAAA,gCAAC,QAAK,YAAY,aAAa,YAAY,CAAC,SAAS,oBAAC,QAAI,gBAAK,GAAO;AAAA,YACtE,qBAAC,UAAK,UAAU,qBAAqB,OAAO,EAAE,SAAS,QAAQ,eAAe,UAAU,KAAK,OAAO,GAChG;AAAA,kCAAC,cAAS,MAAK,WAAU,aAAY,2BAA0B,OAAO,EAAE,OAAO,QAAQ,QAAQ,OAAO,GAAG,OAAO,YAAY,UAAU,CAAC,MAAM,cAAc,EAAE,OAAO,KAAK,GAAG;AAAA,cAC5K,oBAAC,YAAO,MAAK,UAAS,MAAK,iBAAgB,OAAO,EAAE,UAAU,QAAQ,iBAAiB,WAAW,OAAO,SAAS,UAAU,QAAQ,cAAc,OAAO,GAAG,qBAAO;AAAA,eACvK;AAAA,aACJ;AAAA;AAAA;AAAA,IAER;AAAA,IACA;AAAA,MAAC;AAAA;AAAA,QAAM,OAAM;AAAA,QAAY,MAAM;AAAA,QAAgB,MAAM;AAAA,QAAU,UAAU;AAAA,QAAc,QAAO;AAAA,QAC1F,YAAW;AAAA,QACX,8BAAC,SAAM,OAAO,eAAe,UAAU,CAAC,MAAM,iBAAiB,EAAE,OAAO,KAAK,GAAG;AAAA;AAAA,IACpF;AAAA,KAEJ;AAIR;AAEA,eAAe;"
    },
    "_coverageSchema": "1a1c01bbd47fc00a2c39e90264f33305004495a9",
    "hash": "97760151f755886c7c37be1f28cff71284889583"
  },
  "/vercel/path0/src/pages/mobile/HomeDesktop.tsx": {
    "path": "C:\\Users\\shiva\\Desktop\\Projects\\AlgoBulls\\HiveSocial\\src\\pages\\mobile\\HomeDesktop.tsx",
    "statementMap": {
      "0": {
        "start": {
          "line": 8,
          "column": 23
        },
        "end": {
          "line": 8,
          "column": 25
        }
      },
      "1": {
        "start": {
          "line": 10,
          "column": 30
        },
        "end": {
          "line": 10,
          "column": 46
        }
      },
      "2": {
        "start": {
          "line": 11,
          "column": 42
        },
        "end": {
          "line": 11,
          "column": 56
        }
      },
      "3": {
        "start": {
          "line": 12,
          "column": 28
        },
        "end": {
          "line": 12,
          "column": 40
        }
      },
      "4": {
        "start": {
          "line": 13,
          "column": 2
        },
        "end": {
          "line": 13,
          "column": 21
        }
      },
      "5": {
        "start": {
          "line": 14,
          "column": 23
        },
        "end": {
          "line": 41,
          "column": 3
        }
      },
      "6": {
        "start": {
          "line": 15,
          "column": 4
        },
        "end": {
          "line": 15,
          "column": 27
        }
[...]
          "column": 139
        }
      }
    },
    "fnMap": {
      "0": {
        "name": "App",
        "decl": {
          "start": {
            "line": 15,
            "column": 9
          },
          "end": {
            "line": 15,
            "column": 12
          }
        },
        "loc": {
          "start": {
            "line": 15,
            "column": 15
          },
          "end": {
            "line": 75,
            "column": 1
          }
        },
        "line": 15
      },
      "1": {
        "name": "(anonymous_1)",
        "decl": {
          "start": {
            "line": 24,
            "column": 12
          },
          "end": {
            "line": 24,
            "column": 13
          }
        },
        "loc": {
          "start": {
            "line": 24,
            "column": 18
          },
          "end": {
            "line": 39,
            "column": 3
          }
        },
        "line": 24
      },
      "2": {
        "name": "(anonymous_2)",
        "decl": {
          "start": {
            "line": 26,
            "column": 30
          },
          "end": {
            "line": 26,
            "column": 31
          }
        },
        "loc": {
          "start": {
            "line": 26,
            "column": 44
          },
          "end": {
            "line": 31,
            "column": 7
          }
        },
        "line": 26
      },
      "3": {
        "name": "(anonymous_3)",
        "decl": {
          "start": {
            "line": 31,
            "column": 14
          },
          "end": {
            "line": 31,
            "column": 15
          }
        },
        "loc": {
          "start": {
            "line": 31,
            "column": 24
          },
          "end": {
            "line": 35,
            "column": 7
          }
        },
        "line": 31
      },
      "4": {
        "name": "(anonymous_4)",
        "decl": {
          "start": {
            "line": 48,
            "column": 28
          },
          "end": {
            "line": 48,
            "column": 29
          }
        },
        "loc": {
          "start": {
            "line": 48,
            "column": 34
          },
          "end": {
            "line": 54,
            "column": 13
          }
        },
        "line": 48
      },
      "5": {
        "name": "(anonymous_5)",
        "decl": {
          "start": {
            "line": 55,
            "column": 28
          },
          "end": {
            "line": 55,
            "column": 29
          }
        },
        "loc": {
          "start": {
            "line": 55,
            "column": 43
          },
          "end": {
            "line": 59,
            "column": 13
          }
        },
        "line": 55
      },
      "6": {
        "name": "(anonymous_6)",
        "decl": {
          "start": {
            "line": 58,
            "column": 69
          },
          "end": {
            "line": 58,
            "column": 70
          }
        },
        "loc": {
          "start": {
            "line": 58,
            "column": 87
          },
          "end": {
            "line": 58,
            "column": 116
          }
        },
        "line": 58
      },
      "7": {
        "name": "(anonymous_7)",
        "decl": {
          "start": {
            "line": 61,
            "column": 32
          },
          "end": {
            "line": 61,
            "column": 33
          }
        },
        "loc": {
          "start": {
            "line": 61,
            "column": 54
          },
          "end": {
            "line": 61,
            "column": 139
          }
        },
        "line": 61
      }
    },
    "branchMap": {
      "0": {
        "loc": {
          "start": {
            "line": 27,
            "column": 8
          },
          "end": {
            "line": 29,
            "column": 9
          }
        },
        "type": "if",
        "locations": [
          {
            "start": {
              "line": 27,
              "column": 8
            },
            "end": {
              "line": 29,
              "column": 9
            }
          },
          {
            "start": {},
            "end": {}
          }
        ],
        "line": 27
      },
      "1": {
        "loc": {
          "start": {
            "line": 56,
            "column": 27
          },
          "end": {
            "line": 56,
            "column": 43
          }
        },
        "type": "binary-expr",
        "locations": [
          {
            "start": {
              "line": 56,
              "column": 27
            },
            "end": {
              "line": 56,
              "column": 36
            }
          },
          {
            "start": {
              "line": 56,
              "column": 40
            },
            "end": {
              "line": 56,
              "column": 43
            }
          }
        ],
        "line": 56
      },
      "2": {
        "loc": {
          "start": {
            "line": 58,
            "column": 87
          },
          "end": {
            "line": 58,
            "column": 116
          }
        },
        "type": "cond-expr",
        "locations": [
          {
            "start": {
              "line": 58,
              "column": 98
            },
            "end": {
              "line": 58,
              "column": 111
            }
          },
          {
            "start": {
              "line": 58,
              "column": 114
            },
            "end": {
              "line": 58,
              "column": 116
            }
          }
        ],
        "line": 58
      }
    },
    "s": {
      "0": 51,
      "1": 51,
      "2": 51,
      "3": 11,
      "4": 11,
      "5": 9,
      "6": 0,
      "7": 9,
      "8": 9,
      "9": 9,
      "10": 9,
      "11": 0,
      "12": 51,
      "13": 38,
      "14": 230,
      "15": 230,
      "16": 230,
      "17": 321,
      "18": 59
    },
    "f": {
      "0": 51,
      "1": 11,
      "2": 9,
      "3": 9,
      "4": 38,
      "5": 230,
      "6": 321,
      "7": 59
    },
    "b": {
      "0": [
        0,
        9
      ],
      "1": [
        230,
        0
      ],
      "2": [
        77,
        244
      ]
    },
    "inputSourceMap": {
      "version": 3,
      "file": null,
      "sources": [
        "/vercel/path0/src/App.tsx"
      ],
      "names": [],
      "mappings": "AA4EyB,cAMT,YANS;AA3EzB,OAAO,WAAW;AAClB,SAAQ,UAAU,iBAAgB;AAClC,SAAS,iBAAiB,QAAQ,OAAO,QAAQ,SAAS,YAAW;AACrE,SAAS,cAAc;AACvB,OAAO,iBAAiB;AACxB,OAAO,UAAU;AACjB,OAAO,aAAa;AACpB,OAAO,iBAAiB;AACxB,OAAO,aAAa;AACpB,OAAO,eAAe;AACtB,SAAS,oBAAoB;AAC7B,SAAS,oBAAqB;AAC9B,OAAO;AAGP,SAAS,MAAM;AACb,QAAM,CAAC,OAAO,QAAQ,IAAI,SAAqB,CAAC,CAAC;AAEjD,QAAM,CAAC,MAAM,OAAO,IAAI,SAAS;AAAA,IAC/B,IAAI;AAAA,IACJ,MAAM;AAAA,IACN,OAAO;AAAA,IACP,KAAK;AAAA,IACL,OAAO;AAAA,EACT,CAAC;AAKD,YAAU,MAAM;AAId,QAAI;AACF,YAAM,WAAW,EACd,KAAK,CAAC,aAAa;AAClB,YAAI,CAAC,SAAS,IAAI;AAChB,gBAAM,IAAI,MAAM,uBAAuB,SAAS,MAAM,EAAE;AAAA,QAC1D;AACA,eAAO,SAAS,KAAK;AAAA,MACvB,CAAC,EACA,KAAK,CAAC,SAAS;AACd,gBAAQ,IAAI,iBAAiB,IAAI;AACjC,iBAAS,KAAK,CAAC,EAAE,IAAI;AACrB,gBAAQ,IAAI,4BAA4B,KAAK;AAAA,MAC/C,CAAC;AAAA,IACL,SAAS,OAAO;AACd,cAAQ,IAAI,gBAAgB,MAAM,OAAO;AAAA,IAC3C;AAAA,EAEF,GAAG,CAAC,CAAC;AAEL,SACE,oBAAC,gBAAa,OAAO,EAAE,MAAM,QAAQ,GACrC,8BAAC,gBAAa,OAAO,EAAE,OAAQ,SAAQ,GAIrC,8BAAC,UACC,+BAAC,UACD;AAAA;AAAA,MAAC;AAAA;AAAA,QACG,MAAK;AAAA,QACL,SACE;AAAA,UAAC;AAAA;AAAA,YACC,gBAAgB,MAAM;AAAA,cACpB,EAAE,MAAM,SAAS,MAAM,OAAO;AAAA,cAC9B,EAAE,MAAM,aAAa,MAAM,WAAW;AAAA,cACtC,EAAE,MAAM,iBAAiB,MAAM,eAAe;AAAA,cAC9C,EAAE,MAAM,aAAa,MAAM,WAAW;AAAA,cACtC,EAAE,MAAM,eAAe,MAAM,aAAa;AAAA,YAE5C;AAAA,YACA,gBAAgB,CAAC,MAAM,QAAQ;AAC7B,oBAAM,OAAO,KAAK,QAAQ;AAC1B,oBAAM,gBAAgB,EAAE,OAAO,UAAU;AACzC,qBAAO,oBAAC,WAAQ,IAAI,MAAM,OAAS,CAAC,EAAC,SAAQ,MAAI,WAAU,gBAAgB,CAAC,GAAK,eAAI;AAAA,YACvF;AAAA,YACA,WAAU;AAAA,YACV,oBAAoB,MAAM,oBAAC,QAAK,IAAK,KAAI,8BAAC,UAAQ,oBAAM,GAAS;AAAA,YAGjE,+BAAC,UACC;AAAA,kCAAC,SAAM,MAAK,SAAQ,SAAS,oBAAC,QAAK,GAAI;AAAA,cACvC,oBAAC,SAAM,MAAK,aAAY,SAAS,oBAAC,WAAS,GAAI;AAAA,cAC/C,oBAAC,SAAM,MAAK,iBAAgB,SAAS,oBAAC,eAAa,GAAI;AAAA,cACvD,oBAAC,SAAM,MAAK,aAAY,SAAS,oBAAC,WAAQ,GAAI;AAAA,cAC9C,oBAAC,SAAM,MAAK,eAAc,SAAS,oBAAC,aAAW,GAAI;AAAA,eACrD;AAAA;AAAA,QACF;AAAA;AAAA,IAEJ;AAAA,IACA,oBAAC,SAAkB,MAAK,KAAI,SAAS,oBAAC,SAAM,KAAjC,OAAqC;AAAA,KAElD,GACF,GAGF,GACA;AAEJ;AAEA,eAAe;"
    },
    "_coverageSchema": "1a1c01bbd47fc00a2c39e90264f33305004495a9",
    "hash": "6a9e8926754e3a5fa9711dd46ca0f545a9f79043"
  },
  "/vercel/path0/src/mocks/server.ts": {
    "path": "C:\\Users\\shiva\\Desktop\\Projects\\AlgoBulls\\HiveSocial\\src\\mocks\\server.ts",
    "statementMap": {
      "0": {
        "start": {
          "line": 3,
          "column": 31
        },
        "end": {
          "line": 35,
          "column": 1
        }
      },
      "1": {
        "start": {
          "line": 4,
          "column": 2
        },
        "end": {
          "line": 34,
          "column": 5
        }
      },
      "2": {
        "start": {
          "line": 6,
          "column": 6
        },
        "end": {
          "line": 6,
          "column": 29
        }
      },
      "3": {
        "start": {
          "line": 7,
          "column": 6
        },
        "end": {
          "line": 18,
          "column": 9
        }
      },
      "4": {
        "start": {
          "line": 8,
          "column": 22
        },
        "end": {
          "line": 8,
          "column": 53
        }
      },
      "5": {
        "start": {
          "line": 9,
          "column": 8
        },
        "end": {
          "line": 14,
          "column": 9
        }
      },
      "6": {
        "start": {
          "line": 10,
          "column": 10
        },
        "end": {
          "line": 13,
          "column": 12
        }
      },
      "7": {
        "start": {
          "line": 15,
          "column": 8
        },
        "end": {
          "line": 17,
          "column": 10
        }
      },
      "8": {
        "start": {
          "line": 19,
          "column": 6
        },
        "end": {
          "line": 21,
          "column": 9
        }
      },
      "9": {
        "start": {
          "line": 20,
          "column": 8
        },
        "end": {
          "line": 20,
          "column": 21
        }
      },
      "10": {
        "start": {
          "line": 22,
          "column": 6
        },
        "end": {
          "line": 32,
          "column": 9
        }
      },
      "11": {
        "start": {
          "line": 23,
          "column": 22
        },
        "end": {
          "line": 23,
          "column": 53
        }
      },
      "12": {
        "start": {
          "line": 24,
          "column": 8
        },
        "end": {
          "line": 28,
          "column": 9
        }
      },
      "13": {
        "start": {
          "line": 25,
          "column": 10
        },
        "end": {
          "line": 27,
          "column": 12
        }
      },
      "14": {
        "start": {
          "line": 29,
          "column": 8
        },
        "end": {
          "line": 31,
          "column": 10
        }
      }
    },
    "fnMap": {
      "0": {
        "name": "(anonymous_0)",
        "decl": {
          "start": {
            "line": 3,
            "column": 31
          },
          "end": {
            "line": 3,
            "column": 32
          }
        },
        "loc": {
          "start": {
            "line": 3,
            "column": 37
          },
          "end": {
            "line": 35,
            "column": 1
          }
        },
        "line": 3
      },
      "1": {
        "name": "(anonymous_1)",
        "decl": {
          "start": {
            "line": 5,
            "column": 4
          },
          "end": {
            "line": 5,
            "column": 5
          }
        },
        "loc": {
          "start": {
            "line": 5,
            "column": 13
          },
          "end": {
            "line": 33,
            "column": 5
          }
        },
        "line": 5
      },
      "2": {
        "name": "(anonymous_2)",
        "decl": {
          "start": {
            "line": 7,
            "column": 26
          },
          "end": {
            "line": 7,
            "column": 27
          }
        },
        "loc": {
          "start": {
            "line": 7,
            "column": 42
          },
          "end": {
            "line": 18,
            "column": 7
          }
        },
        "line": 7
      },
      "3": {
        "name": "(anonymous_3)",
        "decl": {
          "start": {
            "line": 19,
            "column": 24
          },
          "end": {
            "line": 19,
            "column": 25
          }
        },
        "loc": {
          "start": {
            "line": 19,
            "column": 30
          },
          "end": {
            "line": 21,
            "column": 7
          }
        },
        "line": 19
      },
      "4": {
        "name": "(anonymous_4)",
        "decl": {
          "start": {
            "line": 22,
            "column": 27
          },
          "end": {
            "line": 22,
            "column": 28
          }
        },
        "loc": {
          "start": {
            "line": 22,
            "column": 43
          },
          "end": {
            "line": 32,
            "column": 7
          }
        },
        "line": 22
      }
    },
    "branchMap": {
      "0": {
        "loc": {
          "start": {
            "line": 9,
            "column": 8
          },
          "end": {
            "line": 14,
            "column": 9
          }
        },
        "type": "if",
        "locations": [
          {
            "start": {
              "line": 9,
              "column": 8
            },
            "end": {
              "line": 14,
              "column": 9
            }
          },
          {
            "start": {},
            "end": {}
          }
        ],
        "line": 9
      },
      "1": {
        "loc": {
          "start": {
            "line": 9,
            "column": 12
          },
          "end": {
            "line": 9,
            "column": 76
          }
        },
        "type": "binary-expr",
        "locations": [
          {
            "start": {
              "line": 9,
              "column": 12
            },
            "end": {
              "line": 9,
              "column": 43
            }
          },
          {
            "start": {
              "line": 9,
              "column": 47
            },
            "end": {
              "line": 9,
              "column": 76
            }
          }
        ],
        "line": 9
      },
      "2": {
        "loc": {
          "start": {
            "line": 24,
            "column": 8
          },
          "end": {
            "line": 28,
            "column": 9
          }
        },
        "type": "if",
        "locations": [
          {
            "start": {
              "line": 24,
              "column": 8
            },
            "end": {
              "line": 28,
              "column": 9
            }
          },
          {
            "start": {},
            "end": {}
          }
        ],
        "line": 24
      },
      "3": {
        "loc": {
          "start": {
            "line": 24,
            "column": 12
          },
          "end": {
            "line": 24,
            "column": 41
          }
        },
        "type": "binary-expr",
        "locations": [
          {
            "start": {
              "line": 24,
              "column": 12
            },
            "end": {
              "line": 24,
              "column": 23
            }
          },
          {
            "start": {
              "line": 24,
              "column": 27
            },
            "end": {
              "line": 24,
              "column": 41
            }
          }
        ],
        "line": 24
      }
    },
    "s": {
      "0": 11,
      "1": 11,
      "2": 11,
      "3": 11,
      "4": 8,
      "5": 8,
      "6": 7,
      "7": 1,
      "8": 11,
      "9": 11,
      "10": 11,
      "11": 0,
      "12": 0,
      "13": 0,
      "14": 0
    },
    "f": {
      "0": 11,
      "1": 11,
      "2": 8,
      "3": 11,
      "4": 0
    },
    "b": {
      "0": [
        7,
        1
      ],
      "1": [
        8,
        7
      ],
      "2": [
        0,
        0
      ],
      "3": [
        0,
        0
      ]
    },
    "inputSourceMap": {
      "version": 3,
      "file": null,
      "sources": [
        "/vercel/path0/src/mocks/server.ts"
      ],
      "names": [],
      "mappings": "AAAA,SAAS,oBAAoB;AAC7B,OAAO,WAAW;AAEX,aAAM,kBAAkB,MAAM;AACrC,eAAa;AAAA,IACX,SAAS;AACP,WAAK,YAAY;AAGjB,WAAK,KAAK,UAAU,CAAC,GAAE,YAAY;AACjC,cAAM,QAAQ,KAAK,MAAM,QAAQ,WAAW;AAG5C,YAAI,MAAM,UAAU,mBAAmB,MAAM,aAAa,YAAY;AACpE,iBAAO;AAAA,YACL,QAAQ;AAAA,YACR,OAAO;AAAA,UACT;AAAA,QACF;AAGA,eAAO;AAAA,UACL,QAAQ;AAAA,QACV;AAAA,MACF,CAAC;AAED,WAAK,IAAI,SAAS,MAAM;AACpB,eAAO;AAAA,MACT,CAAC;AAEH,WAAK,KAAK,WAAW,CAAC,GAAG,YAAY;AACnC,cAAM,QAAQ,KAAK,MAAM,QAAQ,WAAW;AAG5C,YAAI,MAAM,SAAS,MAAM,UAAU;AACjC,iBAAO;AAAA,YACL,QAAQ;AAAA,UACV;AAAA,QACF;AAGA,eAAO;AAAA,UACL,QAAQ;AAAA,QACV;AAAA,MACF,CAAC;AAAA,IACH;AAAA,EACF,CAAC;AACD;"
    },
    "_coverageSchema": "1a1c01bbd47fc00a2c39e90264f33305004495a9",
    "hash": "5d6320583a9a1e1b81d392d6ea2f413ccf78217d"
  },
  "/vercel/path0/src/main.tsx": {
    "path": "C:\\Users\\shiva\\Desktop\\Projects\\AlgoBulls\\HiveSocial\\src\\main.tsx",
    "statementMap": {
      "0": {
        "start": {
          "line": 7,
          "column": 0
        },
        "end": {
          "line": 7,
          "column": 18
        }
      },
      "1": {
        "start": {
          "line": 8,
          "column": 0
        },
        "end": {
          "line": 10,
          "column": 2
        }
      }
    },
    "fnMap": {},
    "branchMap": {},
    "s": {
      "0": 11,
      "1": 11
    },
    "f": {},
    "b": {},
    "inputSourceMap": {
      "version": 3,
      "file": null,
      "sources": [
        "/vercel/path0/src/main.tsx"
      ],
      "names": [],
      "mappings": "AASI;AATJ,OAAO,WAAW;AAClB,OAAO,cAAc;AACrB,OAAO,SAAS;AAChB,OAAO;AACP,SAAS,uBAAuB;AAEhC,gBAAgB;AAChB,SAAS,WAAW,SAAS,eAAe,MAAM,CAAE,EAAE;AAAA,EACpD,oBAAC,MAAM,YAAN,EACC,8BAAC,OAAI,GACP;AACF;"
    },
    "_coverageSchema": "1a1c01bbd47fc00a2c39e90264f33305004495a9",
    "hash": "71aa517af1e4d9847d4ac8fe6e8560fbc1685403"
  },
  "C:/Users/shiva/Desktop/Projects/AlgoBulls/HiveSocial/src/tests/App.test.tsx": {
    "path": "C:/Users/shiva/Desktop/Projects/AlgoBulls/HiveSocial/src/tests/App.test.tsx",
    "statementMap": {},
    "fnMap": {},
    "branchMap": {},
    "s": {},
    "f": {},
    "b": {}
  },
  "C:/Users/shiva/Desktop/Projects/AlgoBulls/HiveSocial/src/tests/Home.test.tsx": {
    "path": "C:/Users/shiva/Desktop/Projects/AlgoBulls/HiveSocial/src/tests/Home.test.tsx",
    "statementMap": {},
    "fnMap": {},
    "branchMap": {},
    "s": {},
    "f": {},
    "b": {}
  },
  "C:/Users/shiva/Desktop/Projects/AlgoBulls/HiveSocial/src/tests/MyLikes.test.tsx": {
    "path": "C:/Users/shiva/Desktop/Projects/AlgoBulls/HiveSocial/src/tests/MyLikes.test.tsx",
    "statementMap": {},
    "fnMap": {},
    "branchMap": {},
    "s": {},
    "f": {},
    "b": {}
  },
  "C:/Users/shiva/Desktop/Projects/AlgoBulls/HiveSocial/src/tests/MyPosts.test.tsx": {
    "path": "C:/Users/shiva/Desktop/Projects/AlgoBulls/HiveSocial/src/tests/MyPosts.test.tsx",
    "statementMap": {},
    "fnMap": {},
    "branchMap": {},
    "s": {},
    "f": {},
    "b": {}
  },
  "C:/Users/shiva/Desktop/Projects/AlgoBulls/HiveSocial/src/tests/SignInForm.test.tsx": {
    "path": "C:/Users/shiva/Desktop/Projects/AlgoBulls/HiveSocial/src/tests/SignInForm.test.tsx",
    "statementMap": {},
    "fnMap": {},
    "branchMap": {},
    "s": {},
    "f": {},
    "b": {}
  }
}
