{"C:\\Users\\shiva\\Desktop\\Projects\\AlgoBulls\\HiveSocial\\styleMock.js": {"path":"C:\\Users\\shiva\\Desktop\\Projects\\AlgoBulls\\HiveSocial\\styleMock.js","statementMap":{"0":{"start":{"line":1,"column":0},"end":{"line":1,"column":20}}},"fnMap":{},"branchMap":{},"s":{"0":3},"f":{},"b":{},"inputSourceMap":null,"_coverageSchema":"1a1c01bbd47fc00a2c39e90264f33305004495a9","hash":"7d948463e10f3df55653afcaad1a3c455e186896"}
,"C:\\Users\\shiva\\Desktop\\Projects\\AlgoBulls\\HiveSocial\\Context\\PostContext.tsx": {"path":"C:\\Users\\shiva\\Desktop\\Projects\\AlgoBulls\\HiveSocial\\Context\\PostContext.tsx","statementMap":{"0":{"start":{"line":5,"column":0},"end":{"line":5,"column":49}},"1":{"start":{"line":14,"column":89},"end":{"line":20,"column":1}},"2":{"start":{"line":15,"column":2},"end":{"line":19,"column":4}},"3":{"start":{"line":14,"column":13},"end":{"line":14,"column":89}}},"fnMap":{"0":{"name":"(anonymous_0)","decl":{"start":{"line":14,"column":89},"end":{"line":14,"column":90}},"loc":{"start":{"line":14,"column":113},"end":{"line":20,"column":1}}}},"branchMap":{},"s":{"0":4,"1":4,"2":8,"3":4},"f":{"0":8},"b":{}}
,"C:\\Users\\shiva\\Desktop\\Projects\\AlgoBulls\\HiveSocial\\Context\\PostContextUtils.ts": {"path":"C:\\Users\\shiva\\Desktop\\Projects\\AlgoBulls\\HiveSocial\\Context\\PostContextUtils.ts","statementMap":{"0":{"start":{"line":3,"column":0},"end":{"line":3,"column":45}},"1":{"start":{"line":11,"column":20},"end":{"line":14,"column":2}},"2":{"start":{"line":24,"column":9},"end":{"line":24,"column":20}},"3":{"start":{"line":16,"column":23},"end":{"line":22,"column":1}},"4":{"start":{"line":17,"column":18},"end":{"line":17,"column":47}},"5":{"start":{"line":18,"column":2},"end":{"line":20,"column":3}},"6":{"start":{"line":19,"column":4},"end":{"line":19,"column":73}},"7":{"start":{"line":21,"column":2},"end":{"line":21,"column":17}},"8":{"start":{"line":24,"column":22},"end":{"line":24,"column":36}}},"fnMap":{"0":{"name":"(anonymous_6)","decl":{"start":{"line":13,"column":12},"end":{"line":13,"column":15}},"loc":{"start":{"line":13,"column":17},"end":{"line":13,"column":20}}},"1":{"name":"(anonymous_7)","decl":{"start":{"line":16,"column":23},"end":{"line":16,"column":43}},"loc":{"start":{"line":16,"column":45},"end":{"line":22,"column":1}}}},"branchMap":{"0":{"loc":{"start":{"line":18,"column":2},"end":{"line":20,"column":3}},"type":"if","locations":[{"start":{"line":18,"column":2},"end":{"line":20,"column":3}}]}},"s":{"0":4,"1":4,"2":4,"3":4,"4":15,"5":15,"6":0,"7":15,"8":4},"f":{"0":0,"1":15},"b":{"0":[0]}}
,"C:\\Users\\shiva\\Desktop\\Projects\\AlgoBulls\\HiveSocial\\Context\\Providers.tsx": {"path":"C:\\Users\\shiva\\Desktop\\Projects\\AlgoBulls\\HiveSocial\\Context\\Providers.tsx","statementMap":{"0":{"start":{"line":1,"column":0},"end":{"line":1,"column":43}},"1":{"start":{"line":2,"column":0},"end":{"line":2,"column":46}},"2":{"start":{"line":9,"column":92},"end":{"line":15,"column":4}},"3":{"start":{"line":10,"column":4},"end":{"line":14,"column":6}},"4":{"start":{"line":9,"column":16},"end":{"line":9,"column":92}},"5":{"start":{"line":21,"column":22},"end":{"line":24,"column":4}},"6":{"start":{"line":25,"column":91},"end":{"line":31,"column":3}},"7":{"start":{"line":26,"column":4},"end":{"line":30,"column":6}},"8":{"start":{"line":25,"column":15},"end":{"line":25,"column":91}}},"fnMap":{"0":{"name":"(anonymous_0)","decl":{"start":{"line":9,"column":92},"end":{"line":9,"column":93}},"loc":{"start":{"line":9,"column":117},"end":{"line":15,"column":4}}},"1":{"name":"(anonymous_1)","decl":{"start":{"line":23,"column":14},"end":{"line":23,"column":17}},"loc":{"start":{"line":23,"column":19},"end":{"line":23,"column":22}}},"2":{"name":"(anonymous_2)","decl":{"start":{"line":25,"column":91},"end":{"line":25,"column":92}},"loc":{"start":{"line":25,"column":115},"end":{"line":31,"column":3}}}},"branchMap":{},"s":{"0":1,"1":1,"2":1,"3":1,"4":1,"5":1,"6":1,"7":0,"8":1},"f":{"0":1,"1":0,"2":0},"b":{}}
,"C:\\Users\\shiva\\Desktop\\Projects\\AlgoBulls\\HiveSocial\\Context\\UserContext.tsx": {"path":"C:\\Users\\shiva\\Desktop\\Projects\\AlgoBulls\\HiveSocial\\Context\\UserContext.tsx","statementMap":{"0":{"start":{"line":1,"column":0},"end":{"line":1,"column":26}},"1":{"start":{"line":2,"column":0},"end":{"line":2,"column":46}},"2":{"start":{"line":10,"column":33},"end":{"line":16,"column":4}},"3":{"start":{"line":11,"column":20},"end":{"line":11,"column":49}},"4":{"start":{"line":12,"column":4},"end":{"line":14,"column":5}},"5":{"start":{"line":13,"column":6},"end":{"line":13,"column":75}},"6":{"start":{"line":15,"column":4},"end":{"line":15,"column":19}},"7":{"start":{"line":10,"column":16},"end":{"line":10,"column":33}}},"fnMap":{"0":{"name":"(anonymous_1)","decl":{"start":{"line":10,"column":33},"end":{"line":10,"column":53}},"loc":{"start":{"line":10,"column":55},"end":{"line":16,"column":4}}}},"branchMap":{"0":{"loc":{"start":{"line":12,"column":4},"end":{"line":14,"column":5}},"type":"if","locations":[{"start":{"line":12,"column":4},"end":{"line":14,"column":5}}]}},"s":{"0":1,"1":1,"2":1,"3":0,"4":0,"5":0,"6":0,"7":1},"f":{"0":0},"b":{"0":[0]}}
,"C:\\Users\\shiva\\Desktop\\Projects\\AlgoBulls\\HiveSocial\\Context\\UserContextUtils.ts": {"path":"C:\\Users\\shiva\\Desktop\\Projects\\AlgoBulls\\HiveSocial\\Context\\UserContextUtils.ts","statementMap":{"0":{"start":{"line":2,"column":0},"end":{"line":2,"column":26}},"1":{"start":{"line":9,"column":23},"end":{"line":18,"column":5}},"2":{"start":{"line":20,"column":11},"end":{"line":20,"column":22}}},"fnMap":{"0":{"name":"(anonymous_1)","decl":{"start":{"line":17,"column":13},"end":{"line":17,"column":16}},"loc":{"start":{"line":17,"column":18},"end":{"line":17,"column":21}}}},"branchMap":{},"s":{"0":1,"1":1,"2":1},"f":{"0":0},"b":{}}
,"C:\\Users\\shiva\\Desktop\\Projects\\AlgoBulls\\HiveSocial\\src\\App.tsx": {"path":"C:\\Users\\shiva\\Desktop\\Projects\\AlgoBulls\\HiveSocial\\src\\App.tsx","statementMap":{"0":{"start":{"line":2,"column":0},"end":{"line":2,"column":42}},"1":{"start":{"line":3,"column":0},"end":{"line":3,"column":42}},"2":{"start":{"line":4,"column":0},"end":{"line":4,"column":88}},"3":{"start":{"line":5,"column":0},"end":{"line":5,"column":30}},"4":{"start":{"line":6,"column":0},"end":{"line":6,"column":49}},"5":{"start":{"line":7,"column":0},"end":{"line":7,"column":32}},"6":{"start":{"line":8,"column":0},"end":{"line":8,"column":38}},"7":{"start":{"line":9,"column":0},"end":{"line":9,"column":46}},"8":{"start":{"line":10,"column":0},"end":{"line":10,"column":38}},"9":{"start":{"line":11,"column":0},"end":{"line":11,"column":42}},"10":{"start":{"line":12,"column":0},"end":{"line":12,"column":58}},"11":{"start":{"line":13,"column":0},"end":{"line":13,"column":57}},"12":{"start":{"line":14,"column":0},"end":{"line":14,"column":19}},"13":{"start":{"line":18,"column":28},"end":{"line":18,"column":52}},"14":{"start":{"line":20,"column":26},"end":{"line":26,"column":4}},"15":{"start":{"line":27,"column":23},"end":{"line":30,"column":3}},"16":{"start":{"line":34,"column":2},"end":{"line":55,"column":null}},"17":{"start":{"line":38,"column":4},"end":{"line":53,"column":5}},"18":{"start":{"line":39,"column":6},"end":{"line":50,"column":11}},"19":{"start":{"line":41,"column":10},"end":{"line":43,"column":11}},"20":{"start":{"line":42,"column":12},"end":{"line":42,"column":70}},"21":{"start":{"line":44,"column":10},"end":{"line":44,"column":33}},"22":{"start":{"line":47,"column":10},"end":{"line":47,"column":45}},"23":{"start":{"line":48,"column":10},"end":{"line":48,"column":33}},"24":{"start":{"line":49,"column":10},"end":{"line":49,"column":57}},"25":{"start":{"line":52,"column":6},"end":{"line":52,"column":49}},"26":{"start":{"line":57,"column":2},"end":{"line":103,"column":null}},"27":{"start":{"line":69,"column":38},"end":{"line":76,"column":null}},"28":{"start":{"line":78,"column":31},"end":{"line":78,"column":47}},"29":{"start":{"line":79,"column":40},"end":{"line":79,"column":60}},"30":{"start":{"line":80,"column":18},"end":{"line":80,"column":114}},"31":{"start":{"line":80,"column":67},"end":{"line":80,"column":95}},"32":{"start":{"line":82,"column":42},"end":{"line":82,"column":110}},"33":{"start":{"line":106,"column":0},"end":{"line":106,"column":null}}},"fnMap":{"0":{"name":"App","decl":{"start":{"line":17,"column":9},"end":{"line":17,"column":12}},"loc":{"start":{"line":17,"column":12},"end":{"line":104,"column":1}}},"1":{"name":"(anonymous_2)","decl":{"start":{"line":27,"column":23},"end":{"line":27,"column":26}},"loc":{"start":{"line":27,"column":28},"end":{"line":30,"column":3}}},"2":{"name":"(anonymous_3)","decl":{"start":{"line":34,"column":12},"end":{"line":34,"column":15}},"loc":{"start":{"line":34,"column":17},"end":{"line":55,"column":3}}},"3":{"name":"(anonymous_4)","decl":{"start":{"line":40,"column":14},"end":{"line":40,"column":15}},"loc":{"start":{"line":40,"column":27},"end":{"line":45,"column":9}}},"4":{"name":"(anonymous_5)","decl":{"start":{"line":46,"column":14},"end":{"line":46,"column":15}},"loc":{"start":{"line":46,"column":23},"end":{"line":50,"column":9}}},"5":{"name":"(anonymous_6)","decl":{"start":{"line":69,"column":32},"end":{"line":69,"column":35}},"loc":{"start":{"line":69,"column":38},"end":{"line":76,"column":null}}},"6":{"name":"(anonymous_7)","decl":{"start":{"line":77,"column":32},"end":{"line":77,"column":33}},"loc":{"start":{"line":77,"column":46},"end":{"line":81,"column":17}}},"7":{"name":"(anonymous_8)","decl":{"start":{"line":80,"column":53},"end":{"line":80,"column":54}},"loc":{"start":{"line":80,"column":67},"end":{"line":80,"column":95}}},"8":{"name":"(anonymous_9)","decl":{"start":{"line":82,"column":36},"end":{"line":82,"column":39}},"loc":{"start":{"line":82,"column":42},"end":{"line":82,"column":110}}}},"branchMap":{"0":{"loc":{"start":{"line":41,"column":10},"end":{"line":43,"column":11}},"type":"if","locations":[{"start":{"line":41,"column":10},"end":{"line":43,"column":11}}]},"1":{"loc":{"start":{"line":78,"column":31},"end":{"line":78,"column":47}},"type":"binary-expr","locations":[{"start":{"line":78,"column":31},"end":{"line":78,"column":40}},{"start":{"line":78,"column":44},"end":{"line":78,"column":47}}]},"2":{"loc":{"start":{"line":80,"column":67},"end":{"line":80,"column":95}},"type":"cond-expr","locations":[{"start":{"line":80,"column":77},"end":{"line":80,"column":90}},{"start":{"line":80,"column":93},"end":{"line":80,"column":95}}]}},"s":{"0":1,"1":1,"2":1,"3":1,"4":1,"5":1,"6":1,"7":1,"8":1,"9":1,"10":1,"11":1,"12":1,"13":1,"14":1,"15":1,"16":1,"17":1,"18":1,"19":0,"20":0,"21":0,"22":0,"23":0,"24":0,"25":1,"26":1,"27":0,"28":0,"29":0,"30":0,"31":0,"32":0,"33":1},"f":{"0":1,"1":0,"2":1,"3":0,"4":0,"5":0,"6":0,"7":0,"8":0},"b":{"0":[0],"1":[0,0],"2":[0,0]}}
,"C:\\Users\\shiva\\Desktop\\Projects\\AlgoBulls\\HiveSocial\\src\\component\\auth\\Auth.tsx": {"path":"C:\\Users\\shiva\\Desktop\\Projects\\AlgoBulls\\HiveSocial\\src\\component\\auth\\Auth.tsx","statementMap":{"0":{"start":{"line":1,"column":0},"end":{"line":1,"column":33}},"1":{"start":{"line":2,"column":0},"end":{"line":2,"column":21}},"2":{"start":{"line":5,"column":0},"end":{"line":5,"column":38}},"3":{"start":{"line":6,"column":0},"end":{"line":6,"column":38}},"4":{"start":{"line":8,"column":54},"end":{"line":8,"column":68}},"5":{"start":{"line":9,"column":27},"end":{"line":9,"column":75}},"6":{"start":{"line":9,"column":33},"end":{"line":9,"column":75}},"7":{"start":{"line":11,"column":2},"end":{"line":46,"column":null}},"8":{"start":{"line":49,"column":0},"end":{"line":49,"column":null}}},"fnMap":{"0":{"name":"Login","decl":{"start":{"line":7,"column":9},"end":{"line":7,"column":14}},"loc":{"start":{"line":7,"column":14},"end":{"line":47,"column":1}}},"1":{"name":"(anonymous_2)","decl":{"start":{"line":9,"column":27},"end":{"line":9,"column":30}},"loc":{"start":{"line":9,"column":33},"end":{"line":9,"column":75}}}},"branchMap":{"0":{"loc":{"start":{"line":21,"column":10},"end":{"line":24,"column":26}},"type":"cond-expr","locations":[{"start":{"line":22,"column":12},"end":{"line":22,"column":26}},{"start":{"line":24,"column":12},"end":{"line":24,"column":26}}]},"1":{"loc":{"start":{"line":28,"column":9},"end":{"line":31,"column":32}},"type":"cond-expr","locations":[{"start":{"line":29,"column":8},"end":{"line":29,"column":49}},{"start":{"line":31,"column":8},"end":{"line":31,"column":32}}]},"2":{"loc":{"start":{"line":34,"column":11},"end":{"line":34,"column":61}},"type":"cond-expr","locations":[{"start":{"line":34,"column":32},"end":{"line":34,"column":50}},{"start":{"line":34,"column":53},"end":{"line":34,"column":61}}]}},"s":{"0":2,"1":2,"2":2,"3":2,"4":1,"5":1,"6":0,"7":1,"8":2},"f":{"0":1,"1":0},"b":{"0":[1,0],"1":[1,0],"2":[1,0]}}
,"C:\\Users\\shiva\\Desktop\\Projects\\AlgoBulls\\HiveSocial\\src\\component\\auth\\SignInForm.tsx": {"path":"C:\\Users\\shiva\\Desktop\\Projects\\AlgoBulls\\HiveSocial\\src\\component\\auth\\SignInForm.tsx","statementMap":{"0":{"start":{"line":2,"column":0},"end":{"line":2,"column":62}},"1":{"start":{"line":3,"column":0},"end":{"line":3,"column":63}},"2":{"start":{"line":4,"column":0},"end":{"line":4,"column":35}},"3":{"start":{"line":5,"column":0},"end":{"line":5,"column":47}},"4":{"start":{"line":7,"column":0},"end":{"line":7,"column":25}},"5":{"start":{"line":8,"column":0},"end":{"line":8,"column":15}},"6":{"start":{"line":9,"column":18},"end":{"line":9,"column":28}},"7":{"start":{"line":11,"column":20},"end":{"line":11,"column":33}},"8":{"start":{"line":13,"column":21},"end":{"line":32,"column":7}},"9":{"start":{"line":14,"column":8},"end":{"line":14,"column":null}},"10":{"start":{"line":15,"column":8},"end":{"line":30,"column":9}},"11":{"start":{"line":16,"column":29},"end":{"line":16,"column":67}},"12":{"start":{"line":17,"column":12},"end":{"line":17,"column":null}},"13":{"start":{"line":18,"column":12},"end":{"line":25,"column":15}},"14":{"start":{"line":19,"column":16},"end":{"line":19,"column":59}},"15":{"start":{"line":21,"column":16},"end":{"line":21,"column":34}},"16":{"start":{"line":23,"column":16},"end":{"line":23,"column":null}},"17":{"start":{"line":24,"column":16},"end":{"line":24,"column":51}},"18":{"start":{"line":28,"column":12},"end":{"line":28,"column":31}},"19":{"start":{"line":34,"column":29},"end":{"line":36,"column":7}},"20":{"start":{"line":35,"column":8},"end":{"line":35,"column":42}},"21":{"start":{"line":43,"column":4},"end":{"line":100,"column":null}},"22":{"start":{"line":103,"column":0},"end":{"line":103,"column":null}}},"fnMap":{"0":{"name":"SignInForm","decl":{"start":{"line":10,"column":9},"end":{"line":10,"column":19}},"loc":{"start":{"line":10,"column":19},"end":{"line":101,"column":1}}},"1":{"name":"(anonymous_2)","decl":{"start":{"line":13,"column":21},"end":{"line":13,"column":26}},"loc":{"start":{"line":13,"column":48},"end":{"line":32,"column":7}}},"2":{"name":"(anonymous_3)","decl":{"start":{"line":34,"column":29},"end":{"line":34,"column":30}},"loc":{"start":{"line":34,"column":75},"end":{"line":36,"column":7}}}},"branchMap":{"0":{"loc":{"start":{"line":18,"column":12},"end":{"line":25,"column":15}},"type":"if","locations":[{"start":{"line":18,"column":12},"end":{"line":25,"column":15}},{"start":{"line":22,"column":21},"end":{"line":25,"column":15}}]}},"s":{"0":2,"1":2,"2":2,"3":2,"4":2,"5":2,"6":2,"7":3,"8":3,"9":1,"10":1,"11":1,"12":1,"13":1,"14":1,"15":1,"16":0,"17":0,"18":0,"19":3,"20":0,"21":3,"22":2},"f":{"0":3,"1":1,"2":0},"b":{"0":[1,0]}}
,"C:\\Users\\shiva\\Desktop\\Projects\\AlgoBulls\\HiveSocial\\src\\component\\auth\\SignUpForm.tsx": {"path":"C:\\Users\\shiva\\Desktop\\Projects\\AlgoBulls\\HiveSocial\\src\\component\\auth\\SignUpForm.tsx","statementMap":{"0":{"start":{"line":4,"column":0},"end":{"line":4,"column":43}},"1":{"start":{"line":5,"column":0},"end":{"line":5,"column":63}},"2":{"start":{"line":6,"column":0},"end":{"line":6,"column":35}},"3":{"start":{"line":7,"column":0},"end":{"line":7,"column":15}},"4":{"start":{"line":8,"column":18},"end":{"line":8,"column":28}},"5":{"start":{"line":14,"column":19},"end":{"line":99,"column":1}},"6":{"start":{"line":15,"column":19},"end":{"line":17,"column":3}},"7":{"start":{"line":16,"column":4},"end":{"line":16,"column":36}},"8":{"start":{"line":19,"column":2},"end":{"line":98,"column":4}},"9":{"start":{"line":70,"column":36},"end":{"line":82,"column":14}},"10":{"start":{"line":72,"column":16},"end":{"line":74,"column":17}},"11":{"start":{"line":73,"column":18},"end":{"line":73,"column":43}},"12":{"start":{"line":76,"column":16},"end":{"line":80,"column":18}},"13":{"start":{"line":101,"column":0},"end":{"line":101,"column":26}}},"fnMap":{"0":{"name":"(anonymous_0)","decl":{"start":{"line":14,"column":19},"end":{"line":14,"column":22}},"loc":{"start":{"line":14,"column":24},"end":{"line":99,"column":1}}},"1":{"name":"(anonymous_1)","decl":{"start":{"line":15,"column":19},"end":{"line":15,"column":20}},"loc":{"start":{"line":15,"column":35},"end":{"line":17,"column":3}}},"2":{"name":"(anonymous_2)","decl":{"start":{"line":70,"column":12},"end":{"line":70,"column":13}},"loc":{"start":{"line":70,"column":36},"end":{"line":82,"column":14}}},"3":{"name":"(anonymous_3)","decl":{"start":{"line":71,"column":14},"end":{"line":71,"column":23}},"loc":{"start":{"line":71,"column":32},"end":{"line":81,"column":15}}}},"branchMap":{"0":{"loc":{"start":{"line":72,"column":16},"end":{"line":74,"column":17}},"type":"if","locations":[{"start":{"line":72,"column":16},"end":{"line":74,"column":17}}]},"1":{"loc":{"start":{"line":72,"column":20},"end":{"line":72,"column":65}},"type":"binary-expr","locations":[{"start":{"line":72,"column":20},"end":{"line":72,"column":26}},{"start":{"line":72,"column":30},"end":{"line":72,"column":65}}]}},"s":{"0":2,"1":2,"2":2,"3":2,"4":2,"5":2,"6":0,"7":0,"8":0,"9":0,"10":0,"11":0,"12":0,"13":2},"f":{"0":0,"1":0,"2":0,"3":0},"b":{"0":[0],"1":[0,0]}}
,"C:\\Users\\shiva\\Desktop\\Projects\\AlgoBulls\\HiveSocial\\src\\component\\post\\Post.tsx": {"path":"C:\\Users\\shiva\\Desktop\\Projects\\AlgoBulls\\HiveSocial\\src\\component\\post\\Post.tsx","statementMap":{"0":{"start":{"line":1,"column":0},"end":{"line":1,"column":39}},"1":{"start":{"line":2,"column":0},"end":{"line":2,"column":43}},"2":{"start":{"line":3,"column":0},"end":{"line":3,"column":67}},"3":{"start":{"line":4,"column":0},"end":{"line":4,"column":110}},"4":{"start":{"line":5,"column":0},"end":{"line":5,"column":67}},"5":{"start":{"line":6,"column":0},"end":{"line":6,"column":49}},"6":{"start":{"line":35,"column":30},"end":{"line":290,"column":1}},"7":{"start":{"line":36,"column":32},"end":{"line":36,"column":54}},"8":{"start":{"line":37,"column":42},"end":{"line":37,"column":69}},"9":{"start":{"line":38,"column":32},"end":{"line":38,"column":48}},"10":{"start":{"line":39,"column":48},"end":{"line":39,"column":63}},"11":{"start":{"line":40,"column":46},"end":{"line":40,"column":68}},"12":{"start":{"line":41,"column":54},"end":{"line":41,"column":69}},"13":{"start":{"line":42,"column":40},"end":{"line":42,"column":52}},"14":{"start":{"line":43,"column":52},"end":{"line":43,"column":81}},"15":{"start":{"line":44,"column":54},"end":{"line":44,"column":66}},"16":{"start":{"line":45,"column":66},"end":{"line":45,"column":95}},"17":{"start":{"line":46,"column":64},"end":{"line":46,"column":76}},"18":{"start":{"line":49,"column":32},"end":{"line":51,"column":5}},"19":{"start":{"line":50,"column":8},"end":{"line":50,"column":49}},"20":{"start":{"line":52,"column":32},"end":{"line":88,"column":5}},"21":{"start":{"line":53,"column":8},"end":{"line":53,"column":31}},"22":{"start":{"line":56,"column":24},"end":{"line":56,"column":34}},"23":{"start":{"line":59,"column":8},"end":{"line":62,"column":9}},"24":{"start":{"line":60,"column":12},"end":{"line":60,"column":59}},"25":{"start":{"line":61,"column":12},"end":{"line":61,"column":19}},"26":{"start":{"line":65,"column":22},"end":{"line":65,"column":32}},"27":{"start":{"line":66,"column":27},"end":{"line":66,"column":115}},"28":{"start":{"line":67,"column":43},"end":{"line":73,"column":10}},"29":{"start":{"line":76,"column":8},"end":{"line":84,"column":11}},"30":{"start":{"line":77,"column":12},"end":{"line":83,"column":15}},"31":{"start":{"line":78,"column":16},"end":{"line":81,"column":17}},"32":{"start":{"line":79,"column":37},"end":{"line":79,"column":80}},"33":{"start":{"line":80,"column":20},"end":{"line":80,"column":76}},"34":{"start":{"line":82,"column":16},"end":{"line":82,"column":25}},"35":{"start":{"line":87,"column":8},"end":{"line":87,"column":26}},"36":{"start":{"line":89,"column":32},"end":{"line":113,"column":5}},"37":{"start":{"line":90,"column":8},"end":{"line":112,"column":11}},"38":{"start":{"line":97,"column":16},"end":{"line":107,"column":19}},"39":{"start":{"line":98,"column":20},"end":{"line":106,"column":23}},"40":{"start":{"line":99,"column":24},"end":{"line":104,"column":25}},"41":{"start":{"line":100,"column":28},"end":{"line":103,"column":30}},"42":{"start":{"line":102,"column":71},"end":{"line":102,"column":95}},"43":{"start":{"line":105,"column":24},"end":{"line":105,"column":33}},"44":{"start":{"line":110,"column":16},"end":{"line":110,"column":38}},"45":{"start":{"line":115,"column":32},"end":{"line":140,"column":5}},"46":{"start":{"line":116,"column":8},"end":{"line":139,"column":11}},"47":{"start":{"line":122,"column":16},"end":{"line":132,"column":19}},"48":{"start":{"line":123,"column":20},"end":{"line":131,"column":23}},"49":{"start":{"line":124,"column":24},"end":{"line":129,"column":25}},"50":{"start":{"line":125,"column":28},"end":{"line":128,"column":30}},"51":{"start":{"line":127,"column":68},"end":{"line":127,"column":154}},"52":{"start":{"line":130,"column":24},"end":{"line":130,"column":33}},"53":{"start":{"line":133,"column":16},"end":{"line":133,"column":42}},"54":{"start":{"line":134,"column":16},"end":{"line":134,"column":49}},"55":{"start":{"line":137,"column":16},"end":{"line":137,"column":38}},"56":{"start":{"line":141,"column":28},"end":{"line":150,"column":5}},"57":{"start":{"line":142,"column":8},"end":{"line":142,"column":27}},"58":{"start":{"line":143,"column":29},"end":{"line":148,"column":10}},"59":{"start":{"line":144,"column":12},"end":{"line":146,"column":13}},"60":{"start":{"line":145,"column":16},"end":{"line":145,"column":49}},"61":{"start":{"line":147,"column":12},"end":{"line":147,"column":21}},"62":{"start":{"line":149,"column":8},"end":{"line":149,"column":31}},"63":{"start":{"line":152,"column":32},"end":{"line":162,"column":5}},"64":{"start":{"line":153,"column":8},"end":{"line":153,"column":37}},"65":{"start":{"line":155,"column":29},"end":{"line":160,"column":10}},"66":{"start":{"line":156,"column":12},"end":{"line":158,"column":13}},"67":{"start":{"line":157,"column":16},"end":{"line":157,"column":61}},"68":{"start":{"line":159,"column":12},"end":{"line":159,"column":21}},"69":{"start":{"line":161,"column":8},"end":{"line":161,"column":31}},"70":{"start":{"line":164,"column":30},"end":{"line":179,"column":5}},"71":{"start":{"line":165,"column":8},"end":{"line":178,"column":11}},"72":{"start":{"line":172,"column":37},"end":{"line":172,"column":74}},"73":{"start":{"line":172,"column":57},"end":{"line":172,"column":73}},"74":{"start":{"line":173,"column":16},"end":{"line":173,"column":39}},"75":{"start":{"line":176,"column":16},"end":{"line":176,"column":38}},"76":{"start":{"line":180,"column":30},"end":{"line":188,"column":5}},"77":{"start":{"line":181,"column":30},"end":{"line":181,"column":100}},"78":{"start":{"line":181,"column":75},"end":{"line":181,"column":99}},"79":{"start":{"line":182,"column":8},"end":{"line":185,"column":9}},"80":{"start":{"line":183,"column":12},"end":{"line":183,"column":61}},"81":{"start":{"line":184,"column":12},"end":{"line":184,"column":56}},"82":{"start":{"line":186,"column":8},"end":{"line":186,"column":39}},"83":{"start":{"line":187,"column":8},"end":{"line":187,"column":46}},"84":{"start":{"line":189,"column":28},"end":{"line":191,"column":5}},"85":{"start":{"line":190,"column":8},"end":{"line":190,"column":32}},"86":{"start":{"line":192,"column":21},"end":{"line":203,"column":5}},"87":{"start":{"line":193,"column":22},"end":{"line":193,"column":32}},"88":{"start":{"line":194,"column":27},"end":{"line":194,"column":115}},"89":{"start":{"line":195,"column":29},"end":{"line":200,"column":10}},"90":{"start":{"line":196,"column":12},"end":{"line":198,"column":13}},"91":{"start":{"line":197,"column":16},"end":{"line":197,"column":74}},"92":{"start":{"line":199,"column":12},"end":{"line":199,"column":21}},"93":{"start":{"line":201,"column":8},"end":{"line":201,"column":31}},"94":{"start":{"line":202,"column":8},"end":{"line":202,"column":33}},"95":{"start":{"line":204,"column":25},"end":{"line":206,"column":5}},"96":{"start":{"line":205,"column":8},"end":{"line":205,"column":33}},"97":{"start":{"line":208,"column":84},"end":{"line":208,"column":88}},"98":{"start":{"line":211,"column":20},"end":{"line":218,"column":6}},"99":{"start":{"line":221,"column":4},"end":{"line":226,"column":5}},"100":{"start":{"line":222,"column":8},"end":{"line":225,"column":10}},"101":{"start":{"line":228,"column":24},"end":{"line":259,"column":6}},"102":{"start":{"line":229,"column":8},"end":{"line":229,"column":29}},"103":{"start":{"line":233,"column":52},"end":{"line":233,"column":81}},"104":{"start":{"line":234,"column":54},"end":{"line":234,"column":85}},"105":{"start":{"line":240,"column":74},"end":{"line":240,"column":110}},"106":{"start":{"line":251,"column":24},"end":{"line":251,"column":57}},"107":{"start":{"line":252,"column":24},"end":{"line":252,"column":50}},"108":{"start":{"line":253,"column":24},"end":{"line":253,"column":69}},"109":{"start":{"line":261,"column":4},"end":{"line":289,"column":6}},"110":{"start":{"line":273,"column":77},"end":{"line":273,"column":92}},"111":{"start":{"line":275,"column":169},"end":{"line":275,"column":198}},"112":{"start":{"line":283,"column":62},"end":{"line":283,"column":94}},"113":{"start":{"line":292,"column":0},"end":{"line":292,"column":20}}},"fnMap":{"0":{"name":"(anonymous_1)","decl":{"start":{"line":35,"column":30},"end":{"line":35,"column":31}},"loc":{"start":{"line":35,"column":43},"end":{"line":290,"column":1}}},"1":{"name":"(anonymous_2)","decl":{"start":{"line":49,"column":32},"end":{"line":49,"column":35}},"loc":{"start":{"line":49,"column":37},"end":{"line":51,"column":5}}},"2":{"name":"(anonymous_3)","decl":{"start":{"line":52,"column":32},"end":{"line":52,"column":37}},"loc":{"start":{"line":52,"column":66},"end":{"line":88,"column":5}}},"3":{"name":"(anonymous_4)","decl":{"start":{"line":76,"column":17},"end":{"line":76,"column":18}},"loc":{"start":{"line":76,"column":43},"end":{"line":84,"column":9}}},"4":{"name":"(anonymous_5)","decl":{"start":{"line":77,"column":33},"end":{"line":77,"column":34}},"loc":{"start":{"line":77,"column":39},"end":{"line":83,"column":13}}},"5":{"name":"(anonymous_6)","decl":{"start":{"line":89,"column":32},"end":{"line":89,"column":33}},"loc":{"start":{"line":89,"column":54},"end":{"line":113,"column":5}}},"6":{"name":"(anonymous_7)","decl":{"start":{"line":96,"column":12},"end":{"line":96,"column":16}},"loc":{"start":{"line":96,"column":16},"end":{"line":108,"column":13}}},"7":{"name":"(anonymous_8)","decl":{"start":{"line":97,"column":25},"end":{"line":97,"column":26}},"loc":{"start":{"line":97,"column":51},"end":{"line":107,"column":17}}},"8":{"name":"(anonymous_9)","decl":{"start":{"line":98,"column":41},"end":{"line":98,"column":42}},"loc":{"start":{"line":98,"column":47},"end":{"line":106,"column":21}}},"9":{"name":"(anonymous_10)","decl":{"start":{"line":102,"column":60},"end":{"line":102,"column":67}},"loc":{"start":{"line":102,"column":71},"end":{"line":102,"column":95}}},"10":{"name":"(anonymous_11)","decl":{"start":{"line":109,"column":12},"end":{"line":109,"column":20}},"loc":{"start":{"line":109,"column":20},"end":{"line":111,"column":13}}},"11":{"name":"(anonymous_12)","decl":{"start":{"line":115,"column":32},"end":{"line":115,"column":35}},"loc":{"start":{"line":115,"column":37},"end":{"line":140,"column":5}}},"12":{"name":"(anonymous_13)","decl":{"start":{"line":121,"column":12},"end":{"line":121,"column":16}},"loc":{"start":{"line":121,"column":16},"end":{"line":135,"column":13}}},"13":{"name":"(anonymous_14)","decl":{"start":{"line":122,"column":25},"end":{"line":122,"column":26}},"loc":{"start":{"line":122,"column":51},"end":{"line":132,"column":17}}},"14":{"name":"(anonymous_15)","decl":{"start":{"line":123,"column":41},"end":{"line":123,"column":42}},"loc":{"start":{"line":123,"column":47},"end":{"line":131,"column":21}}},"15":{"name":"(anonymous_16)","decl":{"start":{"line":127,"column":57},"end":{"line":127,"column":64}},"loc":{"start":{"line":127,"column":68},"end":{"line":127,"column":154}}},"16":{"name":"(anonymous_17)","decl":{"start":{"line":136,"column":12},"end":{"line":136,"column":20}},"loc":{"start":{"line":136,"column":20},"end":{"line":138,"column":13}}},"17":{"name":"(anonymous_18)","decl":{"start":{"line":141,"column":28},"end":{"line":141,"column":31}},"loc":{"start":{"line":141,"column":33},"end":{"line":150,"column":5}}},"18":{"name":"(anonymous_19)","decl":{"start":{"line":143,"column":39},"end":{"line":143,"column":40}},"loc":{"start":{"line":143,"column":55},"end":{"line":148,"column":9}}},"19":{"name":"(anonymous_20)","decl":{"start":{"line":152,"column":32},"end":{"line":152,"column":35}},"loc":{"start":{"line":152,"column":37},"end":{"line":162,"column":5}}},"20":{"name":"(anonymous_21)","decl":{"start":{"line":155,"column":39},"end":{"line":155,"column":40}},"loc":{"start":{"line":155,"column":55},"end":{"line":160,"column":9}}},"21":{"name":"(anonymous_22)","decl":{"start":{"line":164,"column":30},"end":{"line":164,"column":33}},"loc":{"start":{"line":164,"column":35},"end":{"line":179,"column":5}}},"22":{"name":"(anonymous_23)","decl":{"start":{"line":171,"column":12},"end":{"line":171,"column":16}},"loc":{"start":{"line":171,"column":16},"end":{"line":174,"column":13}}},"23":{"name":"(anonymous_24)","decl":{"start":{"line":172,"column":50},"end":{"line":172,"column":51}},"loc":{"start":{"line":172,"column":57},"end":{"line":172,"column":73}}},"24":{"name":"(anonymous_25)","decl":{"start":{"line":175,"column":12},"end":{"line":175,"column":20}},"loc":{"start":{"line":175,"column":20},"end":{"line":177,"column":13}}},"25":{"name":"(anonymous_26)","decl":{"start":{"line":180,"column":30},"end":{"line":180,"column":31}},"loc":{"start":{"line":180,"column":52},"end":{"line":188,"column":5}}},"26":{"name":"(anonymous_27)","decl":{"start":{"line":181,"column":49},"end":{"line":181,"column":50}},"loc":{"start":{"line":181,"column":75},"end":{"line":181,"column":99}}},"27":{"name":"(anonymous_28)","decl":{"start":{"line":189,"column":28},"end":{"line":189,"column":31}},"loc":{"start":{"line":189,"column":33},"end":{"line":191,"column":5}}},"28":{"name":"(anonymous_29)","decl":{"start":{"line":192,"column":21},"end":{"line":192,"column":24}},"loc":{"start":{"line":192,"column":26},"end":{"line":203,"column":5}}},"29":{"name":"(anonymous_30)","decl":{"start":{"line":195,"column":39},"end":{"line":195,"column":40}},"loc":{"start":{"line":195,"column":45},"end":{"line":200,"column":9}}},"30":{"name":"(anonymous_31)","decl":{"start":{"line":204,"column":25},"end":{"line":204,"column":28}},"loc":{"start":{"line":204,"column":30},"end":{"line":206,"column":5}}},"31":{"name":"(anonymous_32)","decl":{"start":{"line":228,"column":43},"end":{"line":228,"column":44}},"loc":{"start":{"line":229,"column":8},"end":{"line":229,"column":29}}},"32":{"name":"(anonymous_33)","decl":{"start":{"line":233,"column":46},"end":{"line":233,"column":49}},"loc":{"start":{"line":233,"column":52},"end":{"line":233,"column":81}}},"33":{"name":"(anonymous_34)","decl":{"start":{"line":234,"column":48},"end":{"line":234,"column":51}},"loc":{"start":{"line":234,"column":54},"end":{"line":234,"column":85}}},"34":{"name":"(anonymous_35)","decl":{"start":{"line":240,"column":67},"end":{"line":240,"column":68}},"loc":{"start":{"line":240,"column":74},"end":{"line":240,"column":110}}},"35":{"name":"(anonymous_36)","decl":{"start":{"line":250,"column":37},"end":{"line":250,"column":40}},"loc":{"start":{"line":250,"column":42},"end":{"line":254,"column":21}}},"36":{"name":"(anonymous_37)","decl":{"start":{"line":273,"column":67},"end":{"line":273,"column":68}},"loc":{"start":{"line":273,"column":77},"end":{"line":273,"column":92}}},"37":{"name":"(anonymous_38)","decl":{"start":{"line":275,"column":162},"end":{"line":275,"column":163}},"loc":{"start":{"line":275,"column":169},"end":{"line":275,"column":198}}},"38":{"name":"(anonymous_39)","decl":{"start":{"line":283,"column":55},"end":{"line":283,"column":56}},"loc":{"start":{"line":283,"column":62},"end":{"line":283,"column":94}}}},"branchMap":{"0":{"loc":{"start":{"line":59,"column":8},"end":{"line":62,"column":9}},"type":"if","locations":[{"start":{"line":59,"column":8},"end":{"line":62,"column":9}}]},"1":{"loc":{"start":{"line":78,"column":16},"end":{"line":81,"column":17}},"type":"if","locations":[{"start":{"line":78,"column":16},"end":{"line":81,"column":17}}]},"2":{"loc":{"start":{"line":79,"column":37},"end":{"line":79,"column":80}},"type":"cond-expr","locations":[{"start":{"line":79,"column":65},"end":{"line":79,"column":75}},{"start":{"line":79,"column":78},"end":{"line":79,"column":80}}]},"3":{"loc":{"start":{"line":99,"column":24},"end":{"line":104,"column":25}},"type":"if","locations":[{"start":{"line":99,"column":24},"end":{"line":104,"column":25}}]},"4":{"loc":{"start":{"line":124,"column":24},"end":{"line":129,"column":25}},"type":"if","locations":[{"start":{"line":124,"column":24},"end":{"line":129,"column":25}}]},"5":{"loc":{"start":{"line":127,"column":68},"end":{"line":127,"column":154}},"type":"cond-expr","locations":[{"start":{"line":127,"column":102},"end":{"line":127,"column":144}},{"start":{"line":127,"column":147},"end":{"line":127,"column":154}}]},"6":{"loc":{"start":{"line":144,"column":12},"end":{"line":146,"column":13}},"type":"if","locations":[{"start":{"line":144,"column":12},"end":{"line":146,"column":13}}]},"7":{"loc":{"start":{"line":156,"column":12},"end":{"line":158,"column":13}},"type":"if","locations":[{"start":{"line":156,"column":12},"end":{"line":158,"column":13}}]},"8":{"loc":{"start":{"line":182,"column":8},"end":{"line":185,"column":9}},"type":"if","locations":[{"start":{"line":182,"column":8},"end":{"line":185,"column":9}}]},"9":{"loc":{"start":{"line":196,"column":12},"end":{"line":198,"column":13}},"type":"if","locations":[{"start":{"line":196,"column":12},"end":{"line":198,"column":13}}]},"10":{"loc":{"start":{"line":212,"column":75},"end":{"line":212,"column":100}},"type":"cond-expr","locations":[{"start":{"line":212,"column":83},"end":{"line":212,"column":88}},{"start":{"line":212,"column":91},"end":{"line":212,"column":100}}]},"11":{"loc":{"start":{"line":213,"column":15},"end":{"line":213,"column":40}},"type":"cond-expr","locations":[{"start":{"line":213,"column":23},"end":{"line":213,"column":32}},{"start":{"line":213,"column":35},"end":{"line":213,"column":40}}]},"12":{"loc":{"start":{"line":214,"column":83},"end":{"line":214,"column":113}},"type":"cond-expr","locations":[{"start":{"line":214,"column":96},"end":{"line":214,"column":101}},{"start":{"line":214,"column":104},"end":{"line":214,"column":113}}]},"13":{"loc":{"start":{"line":215,"column":15},"end":{"line":215,"column":53}},"type":"cond-expr","locations":[{"start":{"line":215,"column":28},"end":{"line":215,"column":41}},{"start":{"line":215,"column":44},"end":{"line":215,"column":53}}]},"14":{"loc":{"start":{"line":217,"column":15},"end":{"line":217,"column":55}},"type":"cond-expr","locations":[{"start":{"line":217,"column":31},"end":{"line":217,"column":51}},{"start":{"line":217,"column":54},"end":{"line":217,"column":55}}]},"15":{"loc":{"start":{"line":221,"column":4},"end":{"line":226,"column":5}},"type":"if","locations":[{"start":{"line":221,"column":4},"end":{"line":226,"column":5}}]},"16":{"loc":{"start":{"line":232,"column":25},"end":{"line":235,"column":22}},"type":"cond-expr","locations":[{"start":{"line":232,"column":43},"end":{"line":235,"column":18}},{"start":{"line":235,"column":20},"end":{"line":235,"column":22}}]},"17":{"loc":{"start":{"line":239,"column":20},"end":{"line":242,"column":null}},"type":"cond-expr","locations":[{"start":{"line":240,"column":24},"end":{"line":240,"column":114}},{"start":{"line":242,"column":24},"end":{"line":242,"column":39}}]},"18":{"loc":{"start":{"line":247,"column":13},"end":{"line":255,"column":null}},"type":"binary-expr","locations":[{"start":{"line":247,"column":13},"end":{"line":247,"column":44}},{"start":{"line":247,"column":48},"end":{"line":247,"column":86}},{"start":{"line":248,"column":16},"end":{"line":254,"column":null}}]},"19":{"loc":{"start":{"line":271,"column":17},"end":{"line":278,"column":null}},"type":"binary-expr","locations":[{"start":{"line":271,"column":17},"end":{"line":271,"column":34}},{"start":{"line":272,"column":20},"end":{"line":277,"column":null}}]}},"s":{"0":3,"1":3,"2":3,"3":3,"4":3,"5":3,"6":3,"7":3,"8":3,"9":3,"10":3,"11":3,"12":3,"13":3,"14":3,"15":3,"16":3,"17":3,"18":3,"19":0,"20":3,"21":0,"22":0,"23":0,"24":0,"25":0,"26":0,"27":0,"28":0,"29":0,"30":0,"31":0,"32":0,"33":0,"34":0,"35":0,"36":3,"37":0,"38":0,"39":0,"40":0,"41":0,"42":0,"43":0,"44":0,"45":3,"46":0,"47":0,"48":0,"49":0,"50":0,"51":0,"52":0,"53":0,"54":0,"55":0,"56":3,"57":0,"58":0,"59":0,"60":0,"61":0,"62":0,"63":3,"64":0,"65":0,"66":0,"67":0,"68":0,"69":0,"70":3,"71":0,"72":0,"73":0,"74":0,"75":0,"76":3,"77":0,"78":0,"79":0,"80":0,"81":0,"82":0,"83":0,"84":3,"85":0,"86":3,"87":0,"88":0,"89":0,"90":0,"91":0,"92":0,"93":0,"94":0,"95":3,"96":0,"97":3,"98":3,"99":3,"100":0,"101":3,"102":6,"103":0,"104":0,"105":0,"106":0,"107":0,"108":0,"109":3,"110":0,"111":0,"112":0,"113":3},"f":{"0":3,"1":0,"2":0,"3":0,"4":0,"5":0,"6":0,"7":0,"8":0,"9":0,"10":0,"11":0,"12":0,"13":0,"14":0,"15":0,"16":0,"17":0,"18":0,"19":0,"20":0,"21":0,"22":0,"23":0,"24":0,"25":0,"26":0,"27":0,"28":0,"29":0,"30":0,"31":6,"32":0,"33":0,"34":0,"35":0,"36":0,"37":0,"38":0},"b":{"0":[0],"1":[0],"2":[0,0],"3":[0],"4":[0],"5":[0,0],"6":[0],"7":[0],"8":[0],"9":[0],"10":[2,1],"11":[2,1],"12":[0,3],"13":[0,3],"14":[3,0],"15":[0],"16":[3,3],"17":[0,6],"18":[6,0,0],"19":[3,0]}}
,"C:\\Users\\shiva\\Desktop\\Projects\\AlgoBulls\\HiveSocial\\src\\pages\\Home.tsx": {"path":"C:\\Users\\shiva\\Desktop\\Projects\\AlgoBulls\\HiveSocial\\src\\pages\\Home.tsx","statementMap":{"0":{"start":{"line":2,"column":0},"end":{"line":2,"column":43}},"1":{"start":{"line":3,"column":0},"end":{"line":3,"column":31}},"2":{"start":{"line":4,"column":0},"end":{"line":4,"column":42}},"3":{"start":{"line":5,"column":0},"end":{"line":5,"column":64}},"4":{"start":{"line":6,"column":0},"end":{"line":6,"column":61}},"5":{"start":{"line":7,"column":0},"end":{"line":7,"column":33}},"6":{"start":{"line":8,"column":0},"end":{"line":8,"column":20}},"7":{"start":{"line":9,"column":23},"end":{"line":9,"column":25}},"8":{"start":{"line":34,"column":30},"end":{"line":34,"column":46}},"9":{"start":{"line":35,"column":42},"end":{"line":35,"column":56}},"10":{"start":{"line":36,"column":28},"end":{"line":36,"column":52}},"11":{"start":{"line":37,"column":2},"end":{"line":37,"column":null}},"12":{"start":{"line":41,"column":23},"end":{"line":83,"column":3}},"13":{"start":{"line":43,"column":4},"end":{"line":43,"column":27}},"14":{"start":{"line":46,"column":21},"end":{"line":46,"column":97}},"15":{"start":{"line":49,"column":4},"end":{"line":53,"column":5}},"16":{"start":{"line":50,"column":6},"end":{"line":50,"column":87}},"17":{"start":{"line":52,"column":6},"end":{"line":52,"column":13}},"18":{"start":{"line":56,"column":18},"end":{"line":56,"column":28}},"19":{"start":{"line":57,"column":23},"end":{"line":57,"column":111}},"20":{"start":{"line":58,"column":30},"end":{"line":72,"column":6}},"21":{"start":{"line":75,"column":4},"end":{"line":79,"column":7}},"22":{"start":{"line":76,"column":23},"end":{"line":76,"column":46}},"23":{"start":{"line":78,"column":6},"end":{"line":78,"column":22}},"24":{"start":{"line":82,"column":4},"end":{"line":82,"column":32}},"25":{"start":{"line":85,"column":24},"end":{"line":94,"column":3}},"26":{"start":{"line":86,"column":4},"end":{"line":89,"column":5}},"27":{"start":{"line":87,"column":6},"end":{"line":87,"column":29}},"28":{"start":{"line":88,"column":6},"end":{"line":88,"column":13}},"29":{"start":{"line":91,"column":4},"end":{"line":93,"column":12}},"30":{"start":{"line":92,"column":6},"end":{"line":92,"column":87}},"31":{"start":{"line":97,"column":2},"end":{"line":120,"column":null}},"32":{"start":{"line":108,"column":12},"end":{"line":108,"column":32}},"33":{"start":{"line":123,"column":0},"end":{"line":123,"column":20}}},"fnMap":{"0":{"name":"Home","decl":{"start":{"line":33,"column":9},"end":{"line":33,"column":13}},"loc":{"start":{"line":33,"column":13},"end":{"line":121,"column":1}}},"1":{"name":"(anonymous_2)","decl":{"start":{"line":41,"column":23},"end":{"line":41,"column":28}},"loc":{"start":{"line":41,"column":73},"end":{"line":83,"column":3}}},"2":{"name":"(anonymous_3)","decl":{"start":{"line":75,"column":13},"end":{"line":75,"column":14}},"loc":{"start":{"line":75,"column":39},"end":{"line":79,"column":5}}},"3":{"name":"(anonymous_4)","decl":{"start":{"line":85,"column":24},"end":{"line":85,"column":27}},"loc":{"start":{"line":85,"column":29},"end":{"line":94,"column":3}}},"4":{"name":"(anonymous_5)","decl":{"start":{"line":91,"column":15},"end":{"line":91,"column":18}},"loc":{"start":{"line":91,"column":20},"end":{"line":93,"column":5}}},"5":{"name":"(anonymous_6)","decl":{"start":{"line":107,"column":21},"end":{"line":107,"column":22}},"loc":{"start":{"line":108,"column":12},"end":{"line":108,"column":32}}}},"branchMap":{"0":{"loc":{"start":{"line":49,"column":4},"end":{"line":53,"column":5}},"type":"if","locations":[{"start":{"line":49,"column":4},"end":{"line":53,"column":5}}]},"1":{"loc":{"start":{"line":49,"column":8},"end":{"line":49,"column":40}},"type":"binary-expr","locations":[{"start":{"line":49,"column":8},"end":{"line":49,"column":16}},{"start":{"line":49,"column":20},"end":{"line":49,"column":40}}]},"2":{"loc":{"start":{"line":86,"column":4},"end":{"line":89,"column":5}},"type":"if","locations":[{"start":{"line":86,"column":4},"end":{"line":89,"column":5}}]}},"s":{"0":2,"1":2,"2":2,"3":2,"4":2,"5":2,"6":2,"7":2,"8":3,"9":3,"10":3,"11":3,"12":3,"13":1,"14":1,"15":1,"16":0,"17":0,"18":1,"19":1,"20":1,"21":1,"22":0,"23":0,"24":1,"25":3,"26":0,"27":0,"28":0,"29":0,"30":0,"31":3,"32":1,"33":2},"f":{"0":3,"1":1,"2":0,"3":0,"4":0,"5":1},"b":{"0":[0],"1":[1,1],"2":[0]}}
,"C:\\Users\\shiva\\Desktop\\Projects\\AlgoBulls\\HiveSocial\\src\\pages\\MyBookmarks.tsx": {"path":"C:\\Users\\shiva\\Desktop\\Projects\\AlgoBulls\\HiveSocial\\src\\pages\\MyBookmarks.tsx","statementMap":{"0":{"start":{"line":2,"column":0},"end":{"line":2,"column":43}},"1":{"start":{"line":3,"column":0},"end":{"line":3,"column":42}},"2":{"start":{"line":4,"column":0},"end":{"line":4,"column":64}},"3":{"start":{"line":7,"column":20},"end":{"line":7,"column":36}},"4":{"start":{"line":9,"column":2},"end":{"line":9,"column":null}},"5":{"start":{"line":10,"column":26},"end":{"line":10,"column":77}},"6":{"start":{"line":10,"column":59},"end":{"line":10,"column":76}},"7":{"start":{"line":13,"column":2},"end":{"line":21,"column":null}},"8":{"start":{"line":17,"column":10},"end":{"line":17,"column":30}},"9":{"start":{"line":24,"column":0},"end":{"line":24,"column":27}}},"fnMap":{"0":{"name":"MyBookmarks","decl":{"start":{"line":6,"column":9},"end":{"line":6,"column":20}},"loc":{"start":{"line":6,"column":20},"end":{"line":22,"column":1}}},"1":{"name":"(anonymous_2)","decl":{"start":{"line":10,"column":39},"end":{"line":10,"column":40}},"loc":{"start":{"line":10,"column":59},"end":{"line":10,"column":76}}},"2":{"name":"(anonymous_3)","decl":{"start":{"line":16,"column":29},"end":{"line":16,"column":30}},"loc":{"start":{"line":17,"column":10},"end":{"line":17,"column":30}}}},"branchMap":{},"s":{"0":1,"1":1,"2":1,"3":0,"4":0,"5":0,"6":0,"7":0,"8":0,"9":1},"f":{"0":0,"1":0,"2":0},"b":{}}
,"C:\\Users\\shiva\\Desktop\\Projects\\AlgoBulls\\HiveSocial\\src\\pages\\MyLikes.tsx": {"path":"C:\\Users\\shiva\\Desktop\\Projects\\AlgoBulls\\HiveSocial\\src\\pages\\MyLikes.tsx","statementMap":{"0":{"start":{"line":2,"column":0},"end":{"line":2,"column":43}},"1":{"start":{"line":3,"column":0},"end":{"line":3,"column":42}},"2":{"start":{"line":4,"column":0},"end":{"line":4,"column":64}},"3":{"start":{"line":7,"column":20},"end":{"line":7,"column":36}},"4":{"start":{"line":9,"column":2},"end":{"line":9,"column":null}},"5":{"start":{"line":10,"column":21},"end":{"line":10,"column":67}},"6":{"start":{"line":10,"column":54},"end":{"line":10,"column":66}},"7":{"start":{"line":12,"column":2},"end":{"line":12,"column":null}},"8":{"start":{"line":13,"column":2},"end":{"line":21,"column":null}},"9":{"start":{"line":17,"column":10},"end":{"line":17,"column":30}},"10":{"start":{"line":24,"column":0},"end":{"line":24,"column":23}}},"fnMap":{"0":{"name":"MyLikes","decl":{"start":{"line":6,"column":9},"end":{"line":6,"column":16}},"loc":{"start":{"line":6,"column":16},"end":{"line":22,"column":1}}},"1":{"name":"(anonymous_2)","decl":{"start":{"line":10,"column":34},"end":{"line":10,"column":35}},"loc":{"start":{"line":10,"column":54},"end":{"line":10,"column":66}}},"2":{"name":"(anonymous_3)","decl":{"start":{"line":16,"column":24},"end":{"line":16,"column":25}},"loc":{"start":{"line":17,"column":10},"end":{"line":17,"column":30}}}},"branchMap":{},"s":{"0":2,"1":2,"2":2,"3":2,"4":2,"5":2,"6":2,"7":2,"8":2,"9":2,"10":2},"f":{"0":2,"1":2,"2":2},"b":{}}
,"C:\\Users\\shiva\\Desktop\\Projects\\AlgoBulls\\HiveSocial\\src\\pages\\MyPosts.tsx": {"path":"C:\\Users\\shiva\\Desktop\\Projects\\AlgoBulls\\HiveSocial\\src\\pages\\MyPosts.tsx","statementMap":{"0":{"start":{"line":1,"column":0},"end":{"line":1,"column":59}},"1":{"start":{"line":2,"column":0},"end":{"line":2,"column":64}},"2":{"start":{"line":3,"column":0},"end":{"line":3,"column":78}},"3":{"start":{"line":4,"column":0},"end":{"line":4,"column":34}},"4":{"start":{"line":12,"column":0},"end":{"line":12,"column":49}},"5":{"start":{"line":15,"column":30},"end":{"line":15,"column":46}},"6":{"start":{"line":16,"column":46},"end":{"line":16,"column":61}},"7":{"start":{"line":17,"column":44},"end":{"line":17,"column":56}},"8":{"start":{"line":18,"column":44},"end":{"line":18,"column":73}},"9":{"start":{"line":20,"column":21},"end":{"line":20,"column":49}},"10":{"start":{"line":20,"column":39},"end":{"line":20,"column":48}},"11":{"start":{"line":21,"column":28},"end":{"line":24,"column":3}},"12":{"start":{"line":22,"column":25},"end":{"line":22,"column":61}},"13":{"start":{"line":22,"column":45},"end":{"line":22,"column":60}},"14":{"start":{"line":23,"column":4},"end":{"line":23,"column":27}},"15":{"start":{"line":26,"column":26},"end":{"line":29,"column":3}},"16":{"start":{"line":27,"column":4},"end":{"line":27,"column":28}},"17":{"start":{"line":28,"column":4},"end":{"line":28,"column":29}},"18":{"start":{"line":31,"column":19},"end":{"line":42,"column":3}},"19":{"start":{"line":32,"column":18},"end":{"line":32,"column":28}},"20":{"start":{"line":33,"column":27},"end":{"line":33,"column":115}},"21":{"start":{"line":34,"column":25},"end":{"line":39,"column":6}},"22":{"start":{"line":35,"column":6},"end":{"line":37,"column":7}},"23":{"start":{"line":36,"column":8},"end":{"line":36,"column":66}},"24":{"start":{"line":38,"column":6},"end":{"line":38,"column":15}},"25":{"start":{"line":40,"column":4},"end":{"line":40,"column":27}},"26":{"start":{"line":41,"column":4},"end":{"line":41,"column":29}},"27":{"start":{"line":44,"column":23},"end":{"line":46,"column":3}},"28":{"start":{"line":45,"column":4},"end":{"line":45,"column":29}},"29":{"start":{"line":48,"column":49},"end":{"line":93,"column":4}},"30":{"start":{"line":53,"column":29},"end":{"line":53,"column":58}},"31":{"start":{"line":80,"column":8},"end":{"line":89,"column":null}},"32":{"start":{"line":81,"column":33},"end":{"line":81,"column":59}},"33":{"start":{"line":84,"column":29},"end":{"line":84,"column":57}},"34":{"start":{"line":95,"column":2},"end":{"line":130,"column":4}},"35":{"start":{"line":105,"column":12},"end":{"line":120,"column":null}},"36":{"start":{"line":108,"column":16},"end":{"line":118,"column":null}},"37":{"start":{"line":127,"column":32},"end":{"line":127,"column":64}},"38":{"start":{"line":133,"column":0},"end":{"line":133,"column":23}}},"fnMap":{"0":{"name":"MyPosts","decl":{"start":{"line":14,"column":9},"end":{"line":14,"column":16}},"loc":{"start":{"line":14,"column":16},"end":{"line":131,"column":1}}},"1":{"name":"(anonymous_2)","decl":{"start":{"line":20,"column":34},"end":{"line":20,"column":35}},"loc":{"start":{"line":20,"column":39},"end":{"line":20,"column":48}}},"2":{"name":"(anonymous_3)","decl":{"start":{"line":21,"column":28},"end":{"line":21,"column":29}},"loc":{"start":{"line":21,"column":48},"end":{"line":24,"column":3}}},"3":{"name":"(anonymous_4)","decl":{"start":{"line":22,"column":38},"end":{"line":22,"column":39}},"loc":{"start":{"line":22,"column":45},"end":{"line":22,"column":60}}},"4":{"name":"(anonymous_5)","decl":{"start":{"line":26,"column":26},"end":{"line":26,"column":27}},"loc":{"start":{"line":26,"column":47},"end":{"line":29,"column":3}}},"5":{"name":"(anonymous_6)","decl":{"start":{"line":31,"column":19},"end":{"line":31,"column":22}},"loc":{"start":{"line":31,"column":24},"end":{"line":42,"column":3}}},"6":{"name":"(anonymous_7)","decl":{"start":{"line":34,"column":35},"end":{"line":34,"column":36}},"loc":{"start":{"line":34,"column":41},"end":{"line":39,"column":5}}},"7":{"name":"(anonymous_8)","decl":{"start":{"line":44,"column":23},"end":{"line":44,"column":26}},"loc":{"start":{"line":44,"column":28},"end":{"line":46,"column":3}}},"8":{"name":"(anonymous_9)","decl":{"start":{"line":53,"column":14},"end":{"line":53,"column":15}},"loc":{"start":{"line":53,"column":29},"end":{"line":53,"column":58}}},"9":{"name":"(anonymous_10)","decl":{"start":{"line":79,"column":14},"end":{"line":79,"column":15}},"loc":{"start":{"line":80,"column":8},"end":{"line":89,"column":null}}},"10":{"name":"(anonymous_11)","decl":{"start":{"line":81,"column":27},"end":{"line":81,"column":30}},"loc":{"start":{"line":81,"column":33},"end":{"line":81,"column":59}}},"11":{"name":"(anonymous_12)","decl":{"start":{"line":84,"column":23},"end":{"line":84,"column":26}},"loc":{"start":{"line":84,"column":29},"end":{"line":84,"column":57}}},"12":{"name":"(anonymous_13)","decl":{"start":{"line":104,"column":29},"end":{"line":104,"column":30}},"loc":{"start":{"line":105,"column":12},"end":{"line":120,"column":null}}},"13":{"name":"(anonymous_14)","decl":{"start":{"line":107,"column":26},"end":{"line":107,"column":27}},"loc":{"start":{"line":108,"column":16},"end":{"line":118,"column":null}}},"14":{"name":"(anonymous_15)","decl":{"start":{"line":127,"column":25},"end":{"line":127,"column":26}},"loc":{"start":{"line":127,"column":32},"end":{"line":127,"column":64}}}},"branchMap":{"0":{"loc":{"start":{"line":35,"column":6},"end":{"line":37,"column":7}},"type":"if","locations":[{"start":{"line":35,"column":6},"end":{"line":37,"column":7}}]}},"s":{"0":2,"1":2,"2":2,"3":2,"4":2,"5":7,"6":7,"7":7,"8":7,"9":7,"10":7,"11":7,"12":1,"13":1,"14":1,"15":7,"16":1,"17":1,"18":7,"19":1,"20":1,"21":1,"22":1,"23":1,"24":0,"25":1,"26":1,"27":7,"28":0,"29":7,"30":11,"31":11,"32":1,"33":1,"34":7,"35":0,"36":0,"37":1,"38":2},"f":{"0":7,"1":7,"2":1,"3":1,"4":1,"5":1,"6":1,"7":0,"8":11,"9":11,"10":1,"11":1,"12":0,"13":0,"14":1},"b":{"0":[1]}}
,"C:\\Users\\shiva\\Desktop\\Projects\\AlgoBulls\\HiveSocial\\src\\pages\\MyProfile.tsx": {"path":"C:\\Users\\shiva\\Desktop\\Projects\\AlgoBulls\\HiveSocial\\src\\pages\\MyProfile.tsx","statementMap":{"0":{"start":{"line":1,"column":0},"end":{"line":1,"column":34}},"1":{"start":{"line":2,"column":0},"end":{"line":2,"column":63}},"2":{"start":{"line":3,"column":0},"end":{"line":3,"column":39}},"3":{"start":{"line":4,"column":0},"end":{"line":4,"column":29}},"4":{"start":{"line":6,"column":25},"end":{"line":15,"column":2}},"5":{"start":{"line":17,"column":21},"end":{"line":27,"column":2}},"6":{"start":{"line":29,"column":23},"end":{"line":40,"column":2}},"7":{"start":{"line":42,"column":21},"end":{"line":47,"column":2}},"8":{"start":{"line":49,"column":21},"end":{"line":52,"column":2}},"9":{"start":{"line":54,"column":21},"end":{"line":61,"column":2}},"10":{"start":{"line":63,"column":22},"end":{"line":72,"column":2}},"11":{"start":{"line":75,"column":28},"end":{"line":75,"column":44}},"12":{"start":{"line":76,"column":36},"end":{"line":76,"column":51}},"13":{"start":{"line":78,"column":21},"end":{"line":80,"column":3}},"14":{"start":{"line":79,"column":4},"end":{"line":79,"column":29}},"15":{"start":{"line":82,"column":23},"end":{"line":84,"column":3}},"16":{"start":{"line":83,"column":4},"end":{"line":83,"column":58}},"17":{"start":{"line":85,"column":28},"end":{"line":97,"column":3}},"18":{"start":{"line":86,"column":4},"end":{"line":96,"column":7}},"19":{"start":{"line":91,"column":8},"end":{"line":91,"column":30}},"20":{"start":{"line":99,"column":2},"end":{"line":128,"column":4}},"21":{"start":{"line":131,"column":0},"end":{"line":131,"column":25}}},"fnMap":{"0":{"name":"MyProfile","decl":{"start":{"line":74,"column":9},"end":{"line":74,"column":18}},"loc":{"start":{"line":74,"column":18},"end":{"line":129,"column":1}}},"1":{"name":"(anonymous_2)","decl":{"start":{"line":78,"column":21},"end":{"line":78,"column":24}},"loc":{"start":{"line":78,"column":26},"end":{"line":80,"column":3}}},"2":{"name":"(anonymous_3)","decl":{"start":{"line":82,"column":23},"end":{"line":82,"column":24}},"loc":{"start":{"line":82,"column":66},"end":{"line":84,"column":3}}},"3":{"name":"(anonymous_4)","decl":{"start":{"line":85,"column":28},"end":{"line":85,"column":31}},"loc":{"start":{"line":85,"column":33},"end":{"line":97,"column":3}}},"4":{"name":"(anonymous_5)","decl":{"start":{"line":90,"column":6},"end":{"line":90,"column":14}},"loc":{"start":{"line":90,"column":14},"end":{"line":93,"column":7}}}},"branchMap":{"0":{"loc":{"start":{"line":111,"column":11},"end":{"line":114,"column":null}},"type":"cond-expr","locations":[{"start":{"line":112,"column":12},"end":{"line":112,"column":82}},{"start":{"line":114,"column":12},"end":{"line":114,"column":36}}]},"1":{"loc":{"start":{"line":119,"column":11},"end":{"line":122,"column":null}},"type":"cond-expr","locations":[{"start":{"line":120,"column":12},"end":{"line":120,"column":84}},{"start":{"line":122,"column":12},"end":{"line":122,"column":37}}]},"2":{"loc":{"start":{"line":125,"column":32},"end":{"line":125,"column":74}},"type":"cond-expr","locations":[{"start":{"line":125,"column":44},"end":{"line":125,"column":61}},{"start":{"line":125,"column":64},"end":{"line":125,"column":74}}]},"3":{"loc":{"start":{"line":125,"column":78},"end":{"line":125,"column":105}},"type":"cond-expr","locations":[{"start":{"line":125,"column":90},"end":{"line":125,"column":96}},{"start":{"line":125,"column":99},"end":{"line":125,"column":105}}]}},"s":{"0":1,"1":1,"2":1,"3":1,"4":1,"5":1,"6":1,"7":1,"8":1,"9":1,"10":1,"11":0,"12":0,"13":0,"14":0,"15":0,"16":0,"17":0,"18":0,"19":0,"20":0,"21":1},"f":{"0":0,"1":0,"2":0,"3":0,"4":0},"b":{"0":[0,0],"1":[0,0],"2":[0,0],"3":[0,0]}}
}
