{"total": {"lines":{"total":283,"covered":197,"skipped":0,"pct":69.61},"statements":{"total":291,"covered":202,"skipped":0,"pct":69.41},"functions":{"total":100,"covered":63,"skipped":0,"pct":63},"branches":{"total":75,"covered":50,"skipped":0,"pct":66.66},"branchesTrue":{"total":0,"covered":0,"skipped":0,"pct":100}}
,"C:/Users/shiva/Desktop/Projects/AlgoBulls/HiveSocial/src/tests/App.test.tsx": {"lines":{"total":0,"covered":0,"skipped":0,"pct":0},"functions":{"total":0,"covered":0,"skipped":0,"pct":0},"statements":{"total":0,"covered":0,"skipped":0,"pct":0},"branches":{"total":0,"covered":0,"skipped":0,"pct":0}}
,"C:/Users/shiva/Desktop/Projects/AlgoBulls/HiveSocial/src/tests/Home.test.tsx": {"lines":{"total":0,"covered":0,"skipped":0,"pct":0},"functions":{"total":0,"covered":0,"skipped":0,"pct":0},"statements":{"total":0,"covered":0,"skipped":0,"pct":0},"branches":{"total":0,"covered":0,"skipped":0,"pct":0}}
,"C:/Users/shiva/Desktop/Projects/AlgoBulls/HiveSocial/src/tests/MyLikes.test.tsx": {"lines":{"total":0,"covered":0,"skipped":0,"pct":0},"functions":{"total":0,"covered":0,"skipped":0,"pct":0},"statements":{"total":0,"covered":0,"skipped":0,"pct":0},"branches":{"total":0,"covered":0,"skipped":0,"pct":0}}
,"C:/Users/shiva/Desktop/Projects/AlgoBulls/HiveSocial/src/tests/MyPosts.test.tsx": {"lines":{"total":0,"covered":0,"skipped":0,"pct":0},"functions":{"total":0,"covered":0,"skipped":0,"pct":0},"statements":{"total":0,"covered":0,"skipped":0,"pct":0},"branches":{"total":0,"covered":0,"skipped":0,"pct":0}}
,"C:/Users/shiva/Desktop/Projects/AlgoBulls/HiveSocial/src/tests/SignInForm.test.tsx": {"lines":{"total":0,"covered":0,"skipped":0,"pct":0},"functions":{"total":0,"covered":0,"skipped":0,"pct":0},"statements":{"total":0,"covered":0,"skipped":0,"pct":0},"branches":{"total":0,"covered":0,"skipped":0,"pct":0}}
,"/vercel/path0/src/App.tsx": {"lines":{"total":18,"covered":16,"skipped":0,"pct":88.88},"functions":{"total":8,"covered":8,"skipped":0,"pct":100},"statements":{"total":19,"covered":17,"skipped":0,"pct":89.47},"branches":{"total":5,"covered":3,"skipped":0,"pct":60}}
,"/vercel/path0/src/main.tsx": {"lines":{"total":2,"covered":2,"skipped":0,"pct":100},"functions":{"total":0,"covered":0,"skipped":0,"pct":100},"statements":{"total":2,"covered":2,"skipped":0,"pct":100},"branches":{"total":0,"covered":0,"skipped":0,"pct":100}}
,"/vercel/path0/src/component/auth/Auth.tsx": {"lines":{"total":3,"covered":3,"skipped":0,"pct":100},"functions":{"total":2,"covered":1,"skipped":0,"pct":50},"statements":{"total":4,"covered":3,"skipped":0,"pct":75},"branches":{"total":6,"covered":3,"skipped":0,"pct":50}}
,"/vercel/path0/src/component/auth/SignInForm.tsx": {"lines":{"total":16,"covered":14,"skipped":0,"pct":87.5},"functions":{"total":3,"covered":2,"skipped":0,"pct":66.66},"statements":{"total":16,"covered":14,"skipped":0,"pct":87.5},"branches":{"total":2,"covered":2,"skipped":0,"pct":100}}
,"/vercel/path0/src/component/auth/SignUpForm.tsx": {"lines":{"total":9,"covered":2,"skipped":0,"pct":22.22},"functions":{"total":4,"covered":0,"skipped":0,"pct":0},"statements":{"total":9,"covered":2,"skipped":0,"pct":22.22},"branches":{"total":3,"covered":0,"skipped":0,"pct":0}}
,"/vercel/path0/src/component/post/Post.tsx": {"lines":{"total":105,"covered":83,"skipped":0,"pct":79.04},"functions":{"total":39,"covered":27,"skipped":0,"pct":69.23},"statements":{"total":107,"covered":84,"skipped":0,"pct":78.5},"branches":{"total":32,"covered":27,"skipped":0,"pct":84.37}}
,"/vercel/path0/src/mocks/server.ts": {"lines":{"total":15,"covered":11,"skipped":0,"pct":73.33},"functions":{"total":5,"covered":4,"skipped":0,"pct":80},"statements":{"total":15,"covered":11,"skipped":0,"pct":73.33},"branches":{"total":6,"covered":3,"skipped":0,"pct":50}}
,"/vercel/path0/src/pages/Home.tsx": {"lines":{"total":2,"covered":2,"skipped":0,"pct":100},"functions":{"total":1,"covered":1,"skipped":0,"pct":100},"statements":{"total":2,"covered":2,"skipped":0,"pct":100},"branches":{"total":2,"covered":1,"skipped":0,"pct":50}}
,"/vercel/path0/src/pages/MyBookmarks.tsx": {"lines":{"total":5,"covered":5,"skipped":0,"pct":100},"functions":{"total":3,"covered":3,"skipped":0,"pct":100},"statements":{"total":6,"covered":6,"skipped":0,"pct":100},"branches":{"total":0,"covered":0,"skipped":0,"pct":100}}
,"/vercel/path0/src/pages/MyLikes.tsx": {"lines":{"total":6,"covered":6,"skipped":0,"pct":100},"functions":{"total":3,"covered":3,"skipped":0,"pct":100},"statements":{"total":7,"covered":7,"skipped":0,"pct":100},"branches":{"total":0,"covered":0,"skipped":0,"pct":100}}
,"/vercel/path0/src/pages/MyPosts.tsx": {"lines":{"total":33,"covered":17,"skipped":0,"pct":51.51},"functions":{"total":15,"covered":6,"skipped":0,"pct":40},"statements":{"total":35,"covered":18,"skipped":0,"pct":51.42},"branches":{"total":3,"covered":1,"skipped":0,"pct":33.33}}
,"/vercel/path0/src/pages/MyProfile.tsx": {"lines":{"total":17,"covered":16,"skipped":0,"pct":94.11},"functions":{"total":5,"covered":4,"skipped":0,"pct":80},"statements":{"total":17,"covered":16,"skipped":0,"pct":94.11},"branches":{"total":8,"covered":8,"skipped":0,"pct":100}}
,"/vercel/path0/src/pages/mobile/HomeDesktop.tsx": {"lines":{"total":26,"covered":19,"skipped":0,"pct":73.07},"functions":{"total":6,"covered":4,"skipped":0,"pct":66.66},"statements":{"total":26,"covered":19,"skipped":0,"pct":73.07},"branches":{"total":4,"covered":2,"skipped":0,"pct":50}}
,"/vercel/path0/src/pages/mobile/HomeMobile.tsx": {"lines":{"total":26,"covered":1,"skipped":0,"pct":3.84},"functions":{"total":6,"covered":0,"skipped":0,"pct":0},"statements":{"total":26,"covered":1,"skipped":0,"pct":3.84},"branches":{"total":4,"covered":0,"skipped":0,"pct":0}}
}
