{"C:/Users/shiva/Desktop/Projects/AlgoBulls/HiveSocial/src/tests/App.test.tsx": {"path":"C:/Users/shiva/Desktop/Projects/AlgoBulls/HiveSocial/src/tests/App.test.tsx","statementMap":{},"fnMap":{},"branchMap":{},"s":{},"f":{},"b":{}}
,"C:/Users/shiva/Desktop/Projects/AlgoBulls/HiveSocial/src/tests/Home.test.tsx": {"path":"C:/Users/shiva/Desktop/Projects/AlgoBulls/HiveSocial/src/tests/Home.test.tsx","statementMap":{},"fnMap":{},"branchMap":{},"s":{},"f":{},"b":{}}
,"C:/Users/shiva/Desktop/Projects/AlgoBulls/HiveSocial/src/tests/MyLikes.test.tsx": {"path":"C:/Users/shiva/Desktop/Projects/AlgoBulls/HiveSocial/src/tests/MyLikes.test.tsx","statementMap":{},"fnMap":{},"branchMap":{},"s":{},"f":{},"b":{}}
,"C:/Users/shiva/Desktop/Projects/AlgoBulls/HiveSocial/src/tests/MyPosts.test.tsx": {"path":"C:/Users/shiva/Desktop/Projects/AlgoBulls/HiveSocial/src/tests/MyPosts.test.tsx","statementMap":{},"fnMap":{},"branchMap":{},"s":{},"f":{},"b":{}}
,"C:/Users/shiva/Desktop/Projects/AlgoBulls/HiveSocial/src/tests/SignInForm.test.tsx": {"path":"C:/Users/shiva/Desktop/Projects/AlgoBulls/HiveSocial/src/tests/SignInForm.test.tsx","statementMap":{},"fnMap":{},"branchMap":{},"s":{},"f":{},"b":{}}
,"/vercel/path0/src/App.tsx": {"path":"/vercel/path0/src/App.tsx","statementMap":{"0":{"start":{"line":18,"column":28},"end":{"line":18,"column":null}},"1":{"start":{"line":20,"column":26},"end":{"line":26,"column":null}},"2":{"start":{"line":31,"column":2},"end":{"line":52,"column":null}},"3":{"start":{"line":35,"column":4},"end":{"line":50,"column":null}},"4":{"start":{"line":36,"column":6},"end":{"line":47,"column":null}},"5":{"start":{"line":38,"column":10},"end":{"line":40,"column":null}},"6":{"start":{"line":39,"column":12},"end":{"line":39,"column":null}},"7":{"start":{"line":41,"column":10},"end":{"line":41,"column":null}},"8":{"start":{"line":44,"column":10},"end":{"line":44,"column":null}},"9":{"start":{"line":45,"column":10},"end":{"line":45,"column":null}},"10":{"start":{"line":46,"column":10},"end":{"line":46,"column":null}},"11":{"start":{"line":49,"column":6},"end":{"line":49,"column":null}},"12":{"start":{"line":54,"column":2},"end":{"line":100,"column":null}},"13":{"start":{"line":66,"column":38},"end":{"line":73,"column":null}},"14":{"start":{"line":75,"column":31},"end":{"line":75,"column":null}},"15":{"start":{"line":76,"column":40},"end":{"line":76,"column":null}},"16":{"start":{"line":77,"column":18},"end":{"line":77,"column":null}},"17":{"start":{"line":77,"column":67},"end":{"line":77,"column":99}},"18":{"start":{"line":80,"column":42},"end":{"line":80,"column":null}}},"fnMap":{"0":{"name":"App","decl":{"start":{"line":17,"column":9},"end":{"line":17,"column":15}},"loc":{"start":{"line":17,"column":15},"end":{"line":102,"column":null}}},"1":{"name":"(anonymous_1)","decl":{"start":{"line":31,"column":12},"end":{"line":31,"column":18}},"loc":{"start":{"line":31,"column":18},"end":{"line":52,"column":5}}},"2":{"name":"(anonymous_2)","decl":{"start":{"line":37,"column":14},"end":{"line":37,"column":15}},"loc":{"start":{"line":37,"column":28},"end":{"line":42,"column":9}}},"3":{"name":"(anonymous_3)","decl":{"start":{"line":43,"column":14},"end":{"line":43,"column":15}},"loc":{"start":{"line":43,"column":24},"end":{"line":47,"column":9}}},"4":{"name":"(anonymous_4)","decl":{"start":{"line":66,"column":32},"end":{"line":66,"column":38}},"loc":{"start":{"line":66,"column":38},"end":{"line":73,"column":null}}},"5":{"name":"(anonymous_5)","decl":{"start":{"line":74,"column":32},"end":{"line":74,"column":33}},"loc":{"start":{"line":74,"column":47},"end":{"line":78,"column":null}}},"6":{"name":"(anonymous_6)","decl":{"start":{"line":77,"column":53},"end":{"line":77,"column":54}},"loc":{"start":{"line":77,"column":67},"end":{"line":77,"column":99}}},"7":{"name":"(anonymous_7)","decl":{"start":{"line":80,"column":36},"end":{"line":80,"column":42}},"loc":{"start":{"line":80,"column":42},"end":{"line":80,"column":null}}}},"branchMap":{"0":{"loc":{"start":{"line":38,"column":10},"end":{"line":40,"column":null}},"type":"if","locations":[{"start":{"line":38,"column":10},"end":{"line":40,"column":null}}]},"1":{"loc":{"start":{"line":75,"column":31},"end":{"line":75,"column":null}},"type":"binary-expr","locations":[{"start":{"line":75,"column":31},"end":{"line":75,"column":44}},{"start":{"line":75,"column":44},"end":{"line":75,"column":null}}]},"2":{"loc":{"start":{"line":77,"column":67},"end":{"line":77,"column":99}},"type":"cond-expr","locations":[{"start":{"line":77,"column":77},"end":{"line":77,"column":93}},{"start":{"line":77,"column":93},"end":{"line":77,"column":99}}]}},"s":{"0":51,"1":51,"2":51,"3":11,"4":11,"5":9,"6":0,"7":9,"8":9,"9":9,"10":9,"11":0,"12":51,"13":38,"14":230,"15":230,"16":230,"17":321,"18":59},"f":{"0":51,"1":11,"2":9,"3":9,"4":38,"5":230,"6":321,"7":59},"b":{"0":[0],"1":[230,0],"2":[77,244]}}
,"/vercel/path0/src/main.tsx": {"path":"/vercel/path0/src/main.tsx","statementMap":{"0":{"start":{"line":7,"column":0},"end":{"line":7,"column":null}},"1":{"start":{"line":8,"column":0},"end":{"line":12,"column":null}}},"fnMap":{},"branchMap":{},"s":{"0":11,"1":11},"f":{},"b":{}}
,"/vercel/path0/src/component/auth/Auth.tsx": {"path":"/vercel/path0/src/component/auth/Auth.tsx","statementMap":{"0":{"start":{"line":8,"column":54},"end":{"line":8,"column":null}},"1":{"start":{"line":9,"column":27},"end":{"line":9,"column":null}},"2":{"start":{"line":9,"column":33},"end":{"line":9,"column":null}},"3":{"start":{"line":11,"column":2},"end":{"line":45,"column":null}}},"fnMap":{"0":{"name":"Login","decl":{"start":{"line":7,"column":9},"end":{"line":7,"column":17}},"loc":{"start":{"line":7,"column":17},"end":{"line":47,"column":null}}},"1":{"name":"(anonymous_1)","decl":{"start":{"line":9,"column":27},"end":{"line":9,"column":33}},"loc":{"start":{"line":9,"column":33},"end":{"line":9,"column":null}}}},"branchMap":{"0":{"loc":{"start":{"line":21,"column":10},"end":{"line":24,"column":null}},"type":"cond-expr","locations":[{"start":{"line":22,"column":12},"end":{"line":22,"column":null}},{"start":{"line":24,"column":12},"end":{"line":24,"column":null}}]},"1":{"loc":{"start":{"line":28,"column":9},"end":{"line":31,"column":null}},"type":"cond-expr","locations":[{"start":{"line":29,"column":8},"end":{"line":29,"column":null}},{"start":{"line":31,"column":8},"end":{"line":31,"column":null}}]},"2":{"loc":{"start":{"line":34,"column":11},"end":{"line":34,"column":null}},"type":"cond-expr","locations":[{"start":{"line":34,"column":32},"end":{"line":34,"column":53}},{"start":{"line":34,"column":53},"end":{"line":34,"column":null}}]}},"s":{"0":20,"1":20,"2":0,"3":20},"f":{"0":20,"1":0},"b":{"0":[20,0],"1":[20,0],"2":[20,0]}}
,"/vercel/path0/src/component/auth/SignInForm.tsx": {"path":"/vercel/path0/src/component/auth/SignInForm.tsx","statementMap":{"0":{"start":{"line":9,"column":18},"end":{"line":9,"column":null}},"1":{"start":{"line":11,"column":20},"end":{"line":11,"column":null}},"2":{"start":{"line":13,"column":21},"end":{"line":32,"column":null}},"3":{"start":{"line":14,"column":8},"end":{"line":14,"column":null}},"4":{"start":{"line":15,"column":8},"end":{"line":30,"column":null}},"5":{"start":{"line":16,"column":29},"end":{"line":16,"column":null}},"6":{"start":{"line":17,"column":12},"end":{"line":17,"column":null}},"7":{"start":{"line":18,"column":12},"end":{"line":25,"column":null}},"8":{"start":{"line":19,"column":16},"end":{"line":19,"column":null}},"9":{"start":{"line":21,"column":16},"end":{"line":21,"column":null}},"10":{"start":{"line":23,"column":16},"end":{"line":23,"column":null}},"11":{"start":{"line":24,"column":16},"end":{"line":24,"column":null}},"12":{"start":{"line":28,"column":12},"end":{"line":28,"column":null}},"13":{"start":{"line":34,"column":29},"end":{"line":36,"column":null}},"14":{"start":{"line":35,"column":8},"end":{"line":35,"column":null}},"15":{"start":{"line":43,"column":4},"end":{"line":99,"column":null}}},"fnMap":{"0":{"name":"SignInForm","decl":{"start":{"line":10,"column":9},"end":{"line":10,"column":22}},"loc":{"start":{"line":10,"column":22},"end":{"line":101,"column":null}}},"1":{"name":"(anonymous_1)","decl":{"start":{"line":13,"column":21},"end":{"line":13,"column":28}},"loc":{"start":{"line":13,"column":49},"end":{"line":32,"column":null}}},"2":{"name":"(anonymous_2)","decl":{"start":{"line":34,"column":29},"end":{"line":34,"column":30}},"loc":{"start":{"line":34,"column":76},"end":{"line":36,"column":null}}}},"branchMap":{"0":{"loc":{"start":{"line":18,"column":12},"end":{"line":25,"column":null}},"type":"if","locations":[{"start":{"line":18,"column":12},"end":{"line":25,"column":null}},{"start":{"line":22,"column":21},"end":{"line":25,"column":null}}]}},"s":{"0":11,"1":20,"2":20,"3":8,"4":8,"5":8,"6":8,"7":8,"8":7,"9":7,"10":1,"11":1,"12":0,"13":20,"14":0,"15":20},"f":{"0":20,"1":8,"2":0},"b":{"0":[7,1]}}
,"/vercel/path0/src/component/auth/SignUpForm.tsx": {"path":"/vercel/path0/src/component/auth/SignUpForm.tsx","statementMap":{"0":{"start":{"line":8,"column":18},"end":{"line":8,"column":null}},"1":{"start":{"line":14,"column":19},"end":{"line":99,"column":null}},"2":{"start":{"line":15,"column":19},"end":{"line":17,"column":null}},"3":{"start":{"line":16,"column":4},"end":{"line":16,"column":null}},"4":{"start":{"line":19,"column":2},"end":{"line":97,"column":null}},"5":{"start":{"line":70,"column":36},"end":{"line":82,"column":null}},"6":{"start":{"line":72,"column":16},"end":{"line":74,"column":null}},"7":{"start":{"line":73,"column":18},"end":{"line":73,"column":null}},"8":{"start":{"line":76,"column":16},"end":{"line":80,"column":null}}},"fnMap":{"0":{"name":"(anonymous_0)","decl":{"start":{"line":14,"column":19},"end":{"line":14,"column":25}},"loc":{"start":{"line":14,"column":25},"end":{"line":99,"column":null}}},"1":{"name":"(anonymous_1)","decl":{"start":{"line":15,"column":19},"end":{"line":15,"column":20}},"loc":{"start":{"line":15,"column":36},"end":{"line":17,"column":null}}},"2":{"name":"(anonymous_2)","decl":{"start":{"line":70,"column":12},"end":{"line":70,"column":13}},"loc":{"start":{"line":70,"column":36},"end":{"line":82,"column":null}}},"3":{"name":"(anonymous_3)","decl":{"start":{"line":71,"column":14},"end":{"line":71,"column":24}},"loc":{"start":{"line":71,"column":34},"end":{"line":81,"column":null}}}},"branchMap":{"0":{"loc":{"start":{"line":72,"column":16},"end":{"line":74,"column":null}},"type":"if","locations":[{"start":{"line":72,"column":16},"end":{"line":74,"column":null}}]},"1":{"loc":{"start":{"line":72,"column":20},"end":{"line":72,"column":67}},"type":"binary-expr","locations":[{"start":{"line":72,"column":20},"end":{"line":72,"column":30}},{"start":{"line":72,"column":30},"end":{"line":72,"column":67}}]}},"s":{"0":11,"1":11,"2":0,"3":0,"4":0,"5":0,"6":0,"7":0,"8":0},"f":{"0":0,"1":0,"2":0,"3":0},"b":{"0":[0],"1":[0,0]}}
,"/vercel/path0/src/component/post/Post.tsx": {"path":"/vercel/path0/src/component/post/Post.tsx","statementMap":{"0":{"start":{"line":36,"column":30},"end":{"line":291,"column":null}},"1":{"start":{"line":37,"column":32},"end":{"line":37,"column":null}},"2":{"start":{"line":38,"column":42},"end":{"line":38,"column":null}},"3":{"start":{"line":39,"column":32},"end":{"line":39,"column":null}},"4":{"start":{"line":40,"column":48},"end":{"line":40,"column":null}},"5":{"start":{"line":41,"column":46},"end":{"line":41,"column":null}},"6":{"start":{"line":42,"column":54},"end":{"line":42,"column":null}},"7":{"start":{"line":43,"column":40},"end":{"line":43,"column":null}},"8":{"start":{"line":44,"column":52},"end":{"line":44,"column":null}},"9":{"start":{"line":45,"column":54},"end":{"line":45,"column":null}},"10":{"start":{"line":46,"column":66},"end":{"line":46,"column":null}},"11":{"start":{"line":47,"column":64},"end":{"line":47,"column":null}},"12":{"start":{"line":50,"column":32},"end":{"line":52,"column":null}},"13":{"start":{"line":51,"column":8},"end":{"line":51,"column":null}},"14":{"start":{"line":53,"column":32},"end":{"line":89,"column":null}},"15":{"start":{"line":54,"column":8},"end":{"line":54,"column":null}},"16":{"start":{"line":57,"column":24},"end":{"line":57,"column":null}},"17":{"start":{"line":60,"column":8},"end":{"line":63,"column":null}},"18":{"start":{"line":61,"column":12},"end":{"line":61,"column":null}},"19":{"start":{"line":62,"column":12},"end":{"line":62,"column":null}},"20":{"start":{"line":66,"column":22},"end":{"line":66,"column":null}},"21":{"start":{"line":67,"column":27},"end":{"line":67,"column":null}},"22":{"start":{"line":68,"column":43},"end":{"line":74,"column":null}},"23":{"start":{"line":77,"column":8},"end":{"line":85,"column":null}},"24":{"start":{"line":78,"column":12},"end":{"line":84,"column":null}},"25":{"start":{"line":79,"column":16},"end":{"line":82,"column":null}},"26":{"start":{"line":80,"column":37},"end":{"line":80,"column":null}},"27":{"start":{"line":81,"column":20},"end":{"line":81,"column":null}},"28":{"start":{"line":83,"column":16},"end":{"line":83,"column":null}},"29":{"start":{"line":88,"column":8},"end":{"line":88,"column":null}},"30":{"start":{"line":90,"column":32},"end":{"line":114,"column":null}},"31":{"start":{"line":91,"column":8},"end":{"line":113,"column":null}},"32":{"start":{"line":98,"column":16},"end":{"line":108,"column":null}},"33":{"start":{"line":99,"column":20},"end":{"line":107,"column":null}},"34":{"start":{"line":100,"column":24},"end":{"line":105,"column":null}},"35":{"start":{"line":101,"column":28},"end":{"line":104,"column":null}},"36":{"start":{"line":103,"column":71},"end":{"line":103,"column":95}},"37":{"start":{"line":106,"column":24},"end":{"line":106,"column":null}},"38":{"start":{"line":111,"column":16},"end":{"line":111,"column":null}},"39":{"start":{"line":116,"column":32},"end":{"line":141,"column":null}},"40":{"start":{"line":117,"column":8},"end":{"line":140,"column":null}},"41":{"start":{"line":123,"column":16},"end":{"line":133,"column":null}},"42":{"start":{"line":124,"column":20},"end":{"line":132,"column":null}},"43":{"start":{"line":125,"column":24},"end":{"line":130,"column":null}},"44":{"start":{"line":126,"column":28},"end":{"line":129,"column":null}},"45":{"start":{"line":128,"column":68},"end":{"line":128,"column":154}},"46":{"start":{"line":131,"column":24},"end":{"line":131,"column":null}},"47":{"start":{"line":134,"column":16},"end":{"line":134,"column":null}},"48":{"start":{"line":135,"column":16},"end":{"line":135,"column":null}},"49":{"start":{"line":138,"column":16},"end":{"line":138,"column":null}},"50":{"start":{"line":142,"column":28},"end":{"line":151,"column":null}},"51":{"start":{"line":143,"column":8},"end":{"line":143,"column":null}},"52":{"start":{"line":144,"column":29},"end":{"line":149,"column":null}},"53":{"start":{"line":145,"column":12},"end":{"line":147,"column":null}},"54":{"start":{"line":146,"column":16},"end":{"line":146,"column":null}},"55":{"start":{"line":148,"column":12},"end":{"line":148,"column":null}},"56":{"start":{"line":150,"column":8},"end":{"line":150,"column":null}},"57":{"start":{"line":153,"column":32},"end":{"line":163,"column":null}},"58":{"start":{"line":154,"column":8},"end":{"line":154,"column":null}},"59":{"start":{"line":156,"column":29},"end":{"line":161,"column":null}},"60":{"start":{"line":157,"column":12},"end":{"line":159,"column":null}},"61":{"start":{"line":158,"column":16},"end":{"line":158,"column":null}},"62":{"start":{"line":160,"column":12},"end":{"line":160,"column":null}},"63":{"start":{"line":162,"column":8},"end":{"line":162,"column":null}},"64":{"start":{"line":165,"column":30},"end":{"line":180,"column":null}},"65":{"start":{"line":166,"column":8},"end":{"line":179,"column":null}},"66":{"start":{"line":173,"column":37},"end":{"line":173,"column":null}},"67":{"start":{"line":173,"column":57},"end":{"line":173,"column":73}},"68":{"start":{"line":174,"column":16},"end":{"line":174,"column":null}},"69":{"start":{"line":177,"column":16},"end":{"line":177,"column":null}},"70":{"start":{"line":181,"column":30},"end":{"line":189,"column":null}},"71":{"start":{"line":182,"column":30},"end":{"line":182,"column":null}},"72":{"start":{"line":182,"column":75},"end":{"line":182,"column":99}},"73":{"start":{"line":183,"column":8},"end":{"line":186,"column":null}},"74":{"start":{"line":184,"column":12},"end":{"line":184,"column":null}},"75":{"start":{"line":185,"column":12},"end":{"line":185,"column":null}},"76":{"start":{"line":187,"column":8},"end":{"line":187,"column":null}},"77":{"start":{"line":188,"column":8},"end":{"line":188,"column":null}},"78":{"start":{"line":190,"column":28},"end":{"line":192,"column":null}},"79":{"start":{"line":191,"column":8},"end":{"line":191,"column":null}},"80":{"start":{"line":193,"column":21},"end":{"line":204,"column":null}},"81":{"start":{"line":194,"column":22},"end":{"line":194,"column":null}},"82":{"start":{"line":195,"column":27},"end":{"line":195,"column":null}},"83":{"start":{"line":196,"column":29},"end":{"line":201,"column":null}},"84":{"start":{"line":197,"column":12},"end":{"line":199,"column":null}},"85":{"start":{"line":198,"column":16},"end":{"line":198,"column":null}},"86":{"start":{"line":200,"column":12},"end":{"line":200,"column":null}},"87":{"start":{"line":202,"column":8},"end":{"line":202,"column":null}},"88":{"start":{"line":203,"column":8},"end":{"line":203,"column":null}},"89":{"start":{"line":205,"column":25},"end":{"line":207,"column":null}},"90":{"start":{"line":206,"column":8},"end":{"line":206,"column":null}},"91":{"start":{"line":209,"column":84},"end":{"line":209,"column":null}},"92":{"start":{"line":212,"column":20},"end":{"line":219,"column":null}},"93":{"start":{"line":222,"column":4},"end":{"line":227,"column":null}},"94":{"start":{"line":223,"column":8},"end":{"line":226,"column":null}},"95":{"start":{"line":229,"column":24},"end":{"line":260,"column":null}},"96":{"start":{"line":230,"column":8},"end":{"line":258,"column":null}},"97":{"start":{"line":234,"column":53},"end":{"line":234,"column":84}},"98":{"start":{"line":235,"column":55},"end":{"line":235,"column":88}},"99":{"start":{"line":241,"column":74},"end":{"line":241,"column":112}},"100":{"start":{"line":252,"column":24},"end":{"line":252,"column":null}},"101":{"start":{"line":253,"column":24},"end":{"line":253,"column":null}},"102":{"start":{"line":254,"column":24},"end":{"line":254,"column":null}},"103":{"start":{"line":262,"column":4},"end":{"line":287,"column":null}},"104":{"start":{"line":274,"column":77},"end":{"line":274,"column":94}},"105":{"start":{"line":276,"column":169},"end":{"line":276,"column":200}},"106":{"start":{"line":284,"column":62},"end":{"line":284,"column":96}}},"fnMap":{"0":{"name":"(anonymous_0)","decl":{"start":{"line":36,"column":30},"end":{"line":36,"column":31}},"loc":{"start":{"line":36,"column":44},"end":{"line":291,"column":null}}},"1":{"name":"(anonymous_1)","decl":{"start":{"line":50,"column":32},"end":{"line":50,"column":38}},"loc":{"start":{"line":50,"column":38},"end":{"line":52,"column":null}}},"2":{"name":"(anonymous_2)","decl":{"start":{"line":53,"column":32},"end":{"line":53,"column":39}},"loc":{"start":{"line":53,"column":67},"end":{"line":89,"column":null}}},"3":{"name":"(anonymous_3)","decl":{"start":{"line":77,"column":17},"end":{"line":77,"column":18}},"loc":{"start":{"line":77,"column":44},"end":{"line":85,"column":9}}},"4":{"name":"(anonymous_4)","decl":{"start":{"line":78,"column":33},"end":{"line":78,"column":34}},"loc":{"start":{"line":78,"column":40},"end":{"line":84,"column":13}}},"5":{"name":"(anonymous_5)","decl":{"start":{"line":90,"column":32},"end":{"line":90,"column":33}},"loc":{"start":{"line":90,"column":55},"end":{"line":114,"column":null}}},"6":{"name":"(anonymous_6)","decl":{"start":{"line":97,"column":12},"end":{"line":97,"column":19}},"loc":{"start":{"line":97,"column":19},"end":{"line":109,"column":null}}},"7":{"name":"(anonymous_7)","decl":{"start":{"line":98,"column":25},"end":{"line":98,"column":26}},"loc":{"start":{"line":98,"column":52},"end":{"line":108,"column":17}}},"8":{"name":"(anonymous_8)","decl":{"start":{"line":99,"column":41},"end":{"line":99,"column":42}},"loc":{"start":{"line":99,"column":48},"end":{"line":107,"column":21}}},"9":{"name":"(anonymous_9)","decl":{"start":{"line":103,"column":60},"end":{"line":103,"column":71}},"loc":{"start":{"line":103,"column":71},"end":{"line":103,"column":95}}},"10":{"name":"(anonymous_10)","decl":{"start":{"line":110,"column":12},"end":{"line":110,"column":23}},"loc":{"start":{"line":110,"column":23},"end":{"line":112,"column":null}}},"11":{"name":"(anonymous_11)","decl":{"start":{"line":116,"column":32},"end":{"line":116,"column":38}},"loc":{"start":{"line":116,"column":38},"end":{"line":141,"column":null}}},"12":{"name":"(anonymous_12)","decl":{"start":{"line":122,"column":12},"end":{"line":122,"column":19}},"loc":{"start":{"line":122,"column":19},"end":{"line":136,"column":null}}},"13":{"name":"(anonymous_13)","decl":{"start":{"line":123,"column":25},"end":{"line":123,"column":26}},"loc":{"start":{"line":123,"column":52},"end":{"line":133,"column":17}}},"14":{"name":"(anonymous_14)","decl":{"start":{"line":124,"column":41},"end":{"line":124,"column":42}},"loc":{"start":{"line":124,"column":48},"end":{"line":132,"column":21}}},"15":{"name":"(anonymous_15)","decl":{"start":{"line":128,"column":57},"end":{"line":128,"column":68}},"loc":{"start":{"line":128,"column":68},"end":{"line":128,"column":154}}},"16":{"name":"(anonymous_16)","decl":{"start":{"line":137,"column":12},"end":{"line":137,"column":23}},"loc":{"start":{"line":137,"column":23},"end":{"line":139,"column":null}}},"17":{"name":"(anonymous_17)","decl":{"start":{"line":142,"column":28},"end":{"line":142,"column":34}},"loc":{"start":{"line":142,"column":34},"end":{"line":151,"column":null}}},"18":{"name":"(anonymous_18)","decl":{"start":{"line":144,"column":39},"end":{"line":144,"column":40}},"loc":{"start":{"line":144,"column":56},"end":{"line":149,"column":9}}},"19":{"name":"(anonymous_19)","decl":{"start":{"line":153,"column":32},"end":{"line":153,"column":38}},"loc":{"start":{"line":153,"column":38},"end":{"line":163,"column":null}}},"20":{"name":"(anonymous_20)","decl":{"start":{"line":156,"column":39},"end":{"line":156,"column":40}},"loc":{"start":{"line":156,"column":56},"end":{"line":161,"column":9}}},"21":{"name":"(anonymous_21)","decl":{"start":{"line":165,"column":30},"end":{"line":165,"column":36}},"loc":{"start":{"line":165,"column":36},"end":{"line":180,"column":null}}},"22":{"name":"(anonymous_22)","decl":{"start":{"line":172,"column":12},"end":{"line":172,"column":19}},"loc":{"start":{"line":172,"column":19},"end":{"line":175,"column":null}}},"23":{"name":"(anonymous_23)","decl":{"start":{"line":173,"column":50},"end":{"line":173,"column":51}},"loc":{"start":{"line":173,"column":57},"end":{"line":173,"column":73}}},"24":{"name":"(anonymous_24)","decl":{"start":{"line":176,"column":12},"end":{"line":176,"column":23}},"loc":{"start":{"line":176,"column":23},"end":{"line":178,"column":null}}},"25":{"name":"(anonymous_25)","decl":{"start":{"line":181,"column":30},"end":{"line":181,"column":31}},"loc":{"start":{"line":181,"column":53},"end":{"line":189,"column":null}}},"26":{"name":"(anonymous_26)","decl":{"start":{"line":182,"column":49},"end":{"line":182,"column":50}},"loc":{"start":{"line":182,"column":75},"end":{"line":182,"column":99}}},"27":{"name":"(anonymous_27)","decl":{"start":{"line":190,"column":28},"end":{"line":190,"column":34}},"loc":{"start":{"line":190,"column":34},"end":{"line":192,"column":null}}},"28":{"name":"(anonymous_28)","decl":{"start":{"line":193,"column":21},"end":{"line":193,"column":27}},"loc":{"start":{"line":193,"column":27},"end":{"line":204,"column":null}}},"29":{"name":"(anonymous_29)","decl":{"start":{"line":196,"column":39},"end":{"line":196,"column":40}},"loc":{"start":{"line":196,"column":46},"end":{"line":201,"column":9}}},"30":{"name":"(anonymous_30)","decl":{"start":{"line":205,"column":25},"end":{"line":205,"column":31}},"loc":{"start":{"line":205,"column":31},"end":{"line":207,"column":null}}},"31":{"name":"(anonymous_31)","decl":{"start":{"line":229,"column":43},"end":{"line":229,"column":44}},"loc":{"start":{"line":230,"column":8},"end":{"line":258,"column":null}}},"32":{"name":"(anonymous_32)","decl":{"start":{"line":234,"column":47},"end":{"line":234,"column":53}},"loc":{"start":{"line":234,"column":53},"end":{"line":234,"column":84}}},"33":{"name":"(anonymous_33)","decl":{"start":{"line":235,"column":49},"end":{"line":235,"column":55}},"loc":{"start":{"line":235,"column":55},"end":{"line":235,"column":88}}},"34":{"name":"(anonymous_34)","decl":{"start":{"line":241,"column":67},"end":{"line":241,"column":68}},"loc":{"start":{"line":241,"column":74},"end":{"line":241,"column":112}}},"35":{"name":"(anonymous_35)","decl":{"start":{"line":251,"column":37},"end":{"line":251,"column":43}},"loc":{"start":{"line":251,"column":43},"end":{"line":255,"column":23}}},"36":{"name":"(anonymous_36)","decl":{"start":{"line":274,"column":67},"end":{"line":274,"column":68}},"loc":{"start":{"line":274,"column":77},"end":{"line":274,"column":94}}},"37":{"name":"(anonymous_37)","decl":{"start":{"line":276,"column":162},"end":{"line":276,"column":163}},"loc":{"start":{"line":276,"column":169},"end":{"line":276,"column":200}}},"38":{"name":"(anonymous_38)","decl":{"start":{"line":284,"column":55},"end":{"line":284,"column":56}},"loc":{"start":{"line":284,"column":62},"end":{"line":284,"column":96}}}},"branchMap":{"0":{"loc":{"start":{"line":60,"column":8},"end":{"line":63,"column":null}},"type":"if","locations":[{"start":{"line":60,"column":8},"end":{"line":63,"column":null}}]},"1":{"loc":{"start":{"line":79,"column":16},"end":{"line":82,"column":null}},"type":"if","locations":[{"start":{"line":79,"column":16},"end":{"line":82,"column":null}}]},"2":{"loc":{"start":{"line":80,"column":37},"end":{"line":80,"column":null}},"type":"cond-expr","locations":[{"start":{"line":80,"column":65},"end":{"line":80,"column":78}},{"start":{"line":80,"column":78},"end":{"line":80,"column":null}}]},"3":{"loc":{"start":{"line":100,"column":24},"end":{"line":105,"column":null}},"type":"if","locations":[{"start":{"line":100,"column":24},"end":{"line":105,"column":null}}]},"4":{"loc":{"start":{"line":125,"column":24},"end":{"line":130,"column":null}},"type":"if","locations":[{"start":{"line":125,"column":24},"end":{"line":130,"column":null}}]},"5":{"loc":{"start":{"line":128,"column":68},"end":{"line":128,"column":154}},"type":"cond-expr","locations":[{"start":{"line":128,"column":102},"end":{"line":128,"column":147}},{"start":{"line":128,"column":147},"end":{"line":128,"column":154}}]},"6":{"loc":{"start":{"line":145,"column":12},"end":{"line":147,"column":null}},"type":"if","locations":[{"start":{"line":145,"column":12},"end":{"line":147,"column":null}}]},"7":{"loc":{"start":{"line":157,"column":12},"end":{"line":159,"column":null}},"type":"if","locations":[{"start":{"line":157,"column":12},"end":{"line":159,"column":null}}]},"8":{"loc":{"start":{"line":183,"column":8},"end":{"line":186,"column":null}},"type":"if","locations":[{"start":{"line":183,"column":8},"end":{"line":186,"column":null}}]},"9":{"loc":{"start":{"line":197,"column":12},"end":{"line":199,"column":null}},"type":"if","locations":[{"start":{"line":197,"column":12},"end":{"line":199,"column":null}}]},"10":{"loc":{"start":{"line":213,"column":75},"end":{"line":213,"column":102}},"type":"cond-expr","locations":[{"start":{"line":213,"column":83},"end":{"line":213,"column":91}},{"start":{"line":213,"column":91},"end":{"line":213,"column":102}}]},"11":{"loc":{"start":{"line":214,"column":15},"end":{"line":214,"column":41}},"type":"cond-expr","locations":[{"start":{"line":214,"column":23},"end":{"line":214,"column":35}},{"start":{"line":214,"column":35},"end":{"line":214,"column":41}}]},"12":{"loc":{"start":{"line":215,"column":83},"end":{"line":215,"column":115}},"type":"cond-expr","locations":[{"start":{"line":215,"column":96},"end":{"line":215,"column":104}},{"start":{"line":215,"column":104},"end":{"line":215,"column":115}}]},"13":{"loc":{"start":{"line":216,"column":15},"end":{"line":216,"column":54}},"type":"cond-expr","locations":[{"start":{"line":216,"column":28},"end":{"line":216,"column":44}},{"start":{"line":216,"column":44},"end":{"line":216,"column":54}}]},"14":{"loc":{"start":{"line":218,"column":15},"end":{"line":218,"column":56}},"type":"cond-expr","locations":[{"start":{"line":218,"column":31},"end":{"line":218,"column":54}},{"start":{"line":218,"column":54},"end":{"line":218,"column":56}}]},"15":{"loc":{"start":{"line":222,"column":4},"end":{"line":227,"column":null}},"type":"if","locations":[{"start":{"line":222,"column":4},"end":{"line":227,"column":null}}]},"16":{"loc":{"start":{"line":233,"column":25},"end":{"line":236,"column":null}},"type":"cond-expr","locations":[{"start":{"line":233,"column":43},"end":{"line":236,"column":20}},{"start":{"line":236,"column":20},"end":{"line":236,"column":null}}]},"17":{"loc":{"start":{"line":240,"column":20},"end":{"line":243,"column":null}},"type":"cond-expr","locations":[{"start":{"line":241,"column":24},"end":{"line":241,"column":null}},{"start":{"line":243,"column":24},"end":{"line":243,"column":null}}]},"18":{"loc":{"start":{"line":248,"column":13},"end":{"line":256,"column":null}},"type":"binary-expr","locations":[{"start":{"line":248,"column":13},"end":{"line":248,"column":48}},{"start":{"line":248,"column":48},"end":{"line":248,"column":null}},{"start":{"line":249,"column":16},"end":{"line":256,"column":null}}]},"19":{"loc":{"start":{"line":272,"column":17},"end":{"line":279,"column":null}},"type":"binary-expr","locations":[{"start":{"line":272,"column":17},"end":{"line":272,"column":null}},{"start":{"line":273,"column":20},"end":{"line":279,"column":null}}]}},"s":{"0":11,"1":374,"2":374,"3":374,"4":374,"5":374,"6":374,"7":374,"8":374,"9":374,"10":374,"11":374,"12":374,"13":1,"14":374,"15":2,"16":2,"17":2,"18":0,"19":0,"20":2,"21":2,"22":2,"23":2,"24":2,"25":40,"26":2,"27":2,"28":38,"29":2,"30":374,"31":1,"32":1,"33":1,"34":20,"35":1,"36":1,"37":19,"38":0,"39":374,"40":1,"41":1,"42":1,"43":20,"44":1,"45":1,"46":19,"47":1,"48":1,"49":0,"50":374,"51":1,"52":1,"53":19,"54":1,"55":18,"56":1,"57":374,"58":1,"59":1,"60":19,"61":1,"62":18,"63":1,"64":374,"65":0,"66":0,"67":0,"68":0,"69":0,"70":374,"71":1,"72":1,"73":1,"74":1,"75":1,"76":1,"77":1,"78":374,"79":0,"80":374,"81":0,"82":0,"83":0,"84":0,"85":0,"86":0,"87":0,"88":0,"89":374,"90":0,"91":374,"92":374,"93":374,"94":198,"95":374,"96":835,"97":1,"98":1,"99":23,"100":0,"101":0,"102":0,"103":374,"104":27,"105":44,"106":0},"f":{"0":374,"1":1,"2":2,"3":2,"4":40,"5":1,"6":1,"7":1,"8":20,"9":1,"10":0,"11":1,"12":1,"13":1,"14":20,"15":1,"16":0,"17":1,"18":19,"19":1,"20":19,"21":0,"22":0,"23":0,"24":0,"25":1,"26":1,"27":0,"28":0,"29":0,"30":0,"31":835,"32":1,"33":1,"34":23,"35":0,"36":27,"37":44,"38":0},"b":{"0":[0],"1":[2],"2":[2,0],"3":[1],"4":[1],"5":[1,0],"6":[1],"7":[1],"8":[1],"9":[0],"10":[152,222],"11":[152,222],"12":[120,254],"13":[120,254],"14":[374,0],"15":[198],"16":[327,508],"17":[24,811],"18":[835,24,24],"19":[374,73]}}
,"/vercel/path0/src/mocks/server.ts": {"path":"/vercel/path0/src/mocks/server.ts","statementMap":{"0":{"start":{"line":4,"column":31},"end":{"line":48,"column":null}},"1":{"start":{"line":5,"column":0},"end":{"line":47,"column":null}},"2":{"start":{"line":7,"column":4},"end":{"line":7,"column":null}},"3":{"start":{"line":10,"column":4},"end":{"line":25,"column":null}},"4":{"start":{"line":11,"column":20},"end":{"line":11,"column":null}},"5":{"start":{"line":14,"column":6},"end":{"line":19,"column":null}},"6":{"start":{"line":15,"column":8},"end":{"line":18,"column":null}},"7":{"start":{"line":22,"column":6},"end":{"line":24,"column":null}},"8":{"start":{"line":27,"column":4},"end":{"line":29,"column":null}},"9":{"start":{"line":28,"column":8},"end":{"line":28,"column":null}},"10":{"start":{"line":31,"column":4},"end":{"line":45,"column":null}},"11":{"start":{"line":32,"column":20},"end":{"line":32,"column":null}},"12":{"start":{"line":35,"column":6},"end":{"line":39,"column":null}},"13":{"start":{"line":36,"column":8},"end":{"line":38,"column":null}},"14":{"start":{"line":42,"column":6},"end":{"line":44,"column":null}}},"fnMap":{"0":{"name":"(anonymous_0)","decl":{"start":{"line":4,"column":31},"end":{"line":4,"column":37}},"loc":{"start":{"line":4,"column":37},"end":{"line":48,"column":null}}},"1":{"name":"(anonymous_1)","decl":{"start":{"line":6,"column":2},"end":{"line":6,"column":11}},"loc":{"start":{"line":6,"column":11},"end":{"line":46,"column":null}}},"2":{"name":"(anonymous_2)","decl":{"start":{"line":10,"column":24},"end":{"line":10,"column":25}},"loc":{"start":{"line":10,"column":39},"end":{"line":25,"column":5}}},"3":{"name":"(anonymous_3)","decl":{"start":{"line":27,"column":22},"end":{"line":27,"column":28}},"loc":{"start":{"line":27,"column":28},"end":{"line":29,"column":7}}},"4":{"name":"(anonymous_4)","decl":{"start":{"line":31,"column":25},"end":{"line":31,"column":26}},"loc":{"start":{"line":31,"column":41},"end":{"line":45,"column":5}}}},"branchMap":{"0":{"loc":{"start":{"line":14,"column":6},"end":{"line":19,"column":null}},"type":"if","locations":[{"start":{"line":14,"column":6},"end":{"line":19,"column":null}}]},"1":{"loc":{"start":{"line":14,"column":10},"end":{"line":14,"column":76}},"type":"binary-expr","locations":[{"start":{"line":14,"column":10},"end":{"line":14,"column":45}},{"start":{"line":14,"column":45},"end":{"line":14,"column":76}}]},"2":{"loc":{"start":{"line":35,"column":6},"end":{"line":39,"column":null}},"type":"if","locations":[{"start":{"line":35,"column":6},"end":{"line":39,"column":null}}]},"3":{"loc":{"start":{"line":35,"column":10},"end":{"line":35,"column":41}},"type":"binary-expr","locations":[{"start":{"line":35,"column":10},"end":{"line":35,"column":25}},{"start":{"line":35,"column":25},"end":{"line":35,"column":41}}]}},"s":{"0":11,"1":11,"2":11,"3":11,"4":8,"5":8,"6":7,"7":1,"8":11,"9":11,"10":11,"11":0,"12":0,"13":0,"14":0},"f":{"0":11,"1":11,"2":8,"3":11,"4":0},"b":{"0":[7],"1":[8,7],"2":[0],"3":[0,0]}}
,"/vercel/path0/src/pages/Home.tsx": {"path":"/vercel/path0/src/pages/Home.tsx","statementMap":{"0":{"start":{"line":10,"column":19},"end":{"line":10,"column":null}},"1":{"start":{"line":12,"column":2},"end":{"line":15,"column":null}}},"fnMap":{"0":{"name":"Home","decl":{"start":{"line":9,"column":9},"end":{"line":9,"column":16}},"loc":{"start":{"line":9,"column":16},"end":{"line":18,"column":null}}}},"branchMap":{"0":{"loc":{"start":{"line":14,"column":7},"end":{"line":14,"column":null}},"type":"cond-expr","locations":[{"start":{"line":14,"column":18},"end":{"line":14,"column":35}},{"start":{"line":14,"column":35},"end":{"line":14,"column":null}}]}},"s":{"0":17,"1":17},"f":{"0":17},"b":{"0":[0,17]}}
,"/vercel/path0/src/pages/MyBookmarks.tsx": {"path":"/vercel/path0/src/pages/MyBookmarks.tsx","statementMap":{"0":{"start":{"line":7,"column":20},"end":{"line":7,"column":null}},"1":{"start":{"line":9,"column":2},"end":{"line":9,"column":null}},"2":{"start":{"line":10,"column":26},"end":{"line":10,"column":null}},"3":{"start":{"line":10,"column":59},"end":{"line":10,"column":76}},"4":{"start":{"line":13,"column":2},"end":{"line":20,"column":null}},"5":{"start":{"line":17,"column":10},"end":{"line":17,"column":null}}},"fnMap":{"0":{"name":"MyBookmarks","decl":{"start":{"line":6,"column":9},"end":{"line":6,"column":23}},"loc":{"start":{"line":6,"column":23},"end":{"line":22,"column":null}}},"1":{"name":"(anonymous_1)","decl":{"start":{"line":10,"column":39},"end":{"line":10,"column":40}},"loc":{"start":{"line":10,"column":59},"end":{"line":10,"column":76}}},"2":{"name":"(anonymous_2)","decl":{"start":{"line":16,"column":29},"end":{"line":16,"column":30}},"loc":{"start":{"line":17,"column":10},"end":{"line":17,"column":null}}}},"branchMap":{},"s":{"0":2,"1":2,"2":2,"3":38,"4":2,"5":15},"f":{"0":2,"1":38,"2":15},"b":{}}
,"/vercel/path0/src/pages/MyLikes.tsx": {"path":"/vercel/path0/src/pages/MyLikes.tsx","statementMap":{"0":{"start":{"line":7,"column":20},"end":{"line":7,"column":null}},"1":{"start":{"line":9,"column":2},"end":{"line":9,"column":null}},"2":{"start":{"line":10,"column":21},"end":{"line":10,"column":null}},"3":{"start":{"line":10,"column":54},"end":{"line":10,"column":66}},"4":{"start":{"line":12,"column":2},"end":{"line":12,"column":null}},"5":{"start":{"line":13,"column":2},"end":{"line":20,"column":null}},"6":{"start":{"line":17,"column":10},"end":{"line":17,"column":null}}},"fnMap":{"0":{"name":"MyLikes","decl":{"start":{"line":6,"column":9},"end":{"line":6,"column":19}},"loc":{"start":{"line":6,"column":19},"end":{"line":22,"column":null}}},"1":{"name":"(anonymous_1)","decl":{"start":{"line":10,"column":34},"end":{"line":10,"column":35}},"loc":{"start":{"line":10,"column":54},"end":{"line":10,"column":66}}},"2":{"name":"(anonymous_2)","decl":{"start":{"line":16,"column":24},"end":{"line":16,"column":25}},"loc":{"start":{"line":17,"column":10},"end":{"line":17,"column":null}}}},"branchMap":{},"s":{"0":2,"1":2,"2":2,"3":38,"4":2,"5":2,"6":19},"f":{"0":2,"1":38,"2":19},"b":{}}
,"/vercel/path0/src/pages/MyPosts.tsx": {"path":"/vercel/path0/src/pages/MyPosts.tsx","statementMap":{"0":{"start":{"line":6,"column":26},"end":{"line":6,"column":null}},"1":{"start":{"line":18,"column":30},"end":{"line":18,"column":null}},"2":{"start":{"line":19,"column":46},"end":{"line":19,"column":null}},"3":{"start":{"line":20,"column":44},"end":{"line":20,"column":null}},"4":{"start":{"line":21,"column":44},"end":{"line":21,"column":null}},"5":{"start":{"line":23,"column":21},"end":{"line":23,"column":null}},"6":{"start":{"line":23,"column":39},"end":{"line":23,"column":48}},"7":{"start":{"line":24,"column":28},"end":{"line":27,"column":null}},"8":{"start":{"line":25,"column":25},"end":{"line":25,"column":null}},"9":{"start":{"line":25,"column":45},"end":{"line":25,"column":60}},"10":{"start":{"line":26,"column":4},"end":{"line":26,"column":null}},"11":{"start":{"line":29,"column":26},"end":{"line":32,"column":null}},"12":{"start":{"line":30,"column":4},"end":{"line":30,"column":null}},"13":{"start":{"line":31,"column":4},"end":{"line":31,"column":null}},"14":{"start":{"line":34,"column":19},"end":{"line":45,"column":null}},"15":{"start":{"line":35,"column":18},"end":{"line":35,"column":null}},"16":{"start":{"line":36,"column":27},"end":{"line":36,"column":null}},"17":{"start":{"line":37,"column":25},"end":{"line":42,"column":null}},"18":{"start":{"line":38,"column":6},"end":{"line":40,"column":null}},"19":{"start":{"line":39,"column":8},"end":{"line":39,"column":null}},"20":{"start":{"line":41,"column":6},"end":{"line":41,"column":null}},"21":{"start":{"line":43,"column":4},"end":{"line":43,"column":null}},"22":{"start":{"line":44,"column":4},"end":{"line":44,"column":null}},"23":{"start":{"line":47,"column":23},"end":{"line":49,"column":null}},"24":{"start":{"line":48,"column":4},"end":{"line":48,"column":null}},"25":{"start":{"line":50,"column":18},"end":{"line":50,"column":null}},"26":{"start":{"line":52,"column":49},"end":{"line":98,"column":null}},"27":{"start":{"line":57,"column":29},"end":{"line":57,"column":null}},"28":{"start":{"line":85,"column":8},"end":{"line":95,"column":null}},"29":{"start":{"line":86,"column":33},"end":{"line":86,"column":61}},"30":{"start":{"line":89,"column":29},"end":{"line":89,"column":null}},"31":{"start":{"line":100,"column":2},"end":{"line":134,"column":null}},"32":{"start":{"line":110,"column":12},"end":{"line":126,"column":null}},"33":{"start":{"line":113,"column":16},"end":{"line":124,"column":null}},"34":{"start":{"line":132,"column":32},"end":{"line":132,"column":66}}},"fnMap":{"0":{"name":"MyPosts","decl":{"start":{"line":17,"column":9},"end":{"line":17,"column":19}},"loc":{"start":{"line":17,"column":19},"end":{"line":136,"column":null}}},"1":{"name":"(anonymous_1)","decl":{"start":{"line":23,"column":34},"end":{"line":23,"column":35}},"loc":{"start":{"line":23,"column":39},"end":{"line":23,"column":48}}},"2":{"name":"(anonymous_2)","decl":{"start":{"line":24,"column":28},"end":{"line":24,"column":29}},"loc":{"start":{"line":24,"column":49},"end":{"line":27,"column":null}}},"3":{"name":"(anonymous_3)","decl":{"start":{"line":25,"column":38},"end":{"line":25,"column":39}},"loc":{"start":{"line":25,"column":45},"end":{"line":25,"column":60}}},"4":{"name":"(anonymous_4)","decl":{"start":{"line":29,"column":26},"end":{"line":29,"column":27}},"loc":{"start":{"line":29,"column":48},"end":{"line":32,"column":null}}},"5":{"name":"(anonymous_5)","decl":{"start":{"line":34,"column":19},"end":{"line":34,"column":25}},"loc":{"start":{"line":34,"column":25},"end":{"line":45,"column":null}}},"6":{"name":"(anonymous_6)","decl":{"start":{"line":37,"column":35},"end":{"line":37,"column":36}},"loc":{"start":{"line":37,"column":42},"end":{"line":42,"column":5}}},"7":{"name":"(anonymous_7)","decl":{"start":{"line":47,"column":23},"end":{"line":47,"column":29}},"loc":{"start":{"line":47,"column":29},"end":{"line":49,"column":null}}},"8":{"name":"(anonymous_8)","decl":{"start":{"line":57,"column":14},"end":{"line":57,"column":15}},"loc":{"start":{"line":57,"column":29},"end":{"line":57,"column":null}}},"9":{"name":"(anonymous_9)","decl":{"start":{"line":84,"column":14},"end":{"line":84,"column":15}},"loc":{"start":{"line":85,"column":8},"end":{"line":95,"column":null}}},"10":{"name":"(anonymous_10)","decl":{"start":{"line":86,"column":27},"end":{"line":86,"column":33}},"loc":{"start":{"line":86,"column":33},"end":{"line":86,"column":61}}},"11":{"name":"(anonymous_11)","decl":{"start":{"line":89,"column":23},"end":{"line":89,"column":29}},"loc":{"start":{"line":89,"column":29},"end":{"line":89,"column":null}}},"12":{"name":"(anonymous_12)","decl":{"start":{"line":109,"column":29},"end":{"line":109,"column":30}},"loc":{"start":{"line":110,"column":12},"end":{"line":126,"column":null}}},"13":{"name":"(anonymous_13)","decl":{"start":{"line":112,"column":26},"end":{"line":112,"column":27}},"loc":{"start":{"line":113,"column":16},"end":{"line":124,"column":null}}},"14":{"name":"(anonymous_14)","decl":{"start":{"line":132,"column":25},"end":{"line":132,"column":26}},"loc":{"start":{"line":132,"column":32},"end":{"line":132,"column":66}}}},"branchMap":{"0":{"loc":{"start":{"line":38,"column":6},"end":{"line":40,"column":null}},"type":"if","locations":[{"start":{"line":38,"column":6},"end":{"line":40,"column":null}}]},"1":{"loc":{"start":{"line":130,"column":39},"end":{"line":130,"column":69}},"type":"cond-expr","locations":[{"start":{"line":130,"column":52},"end":{"line":130,"column":61}},{"start":{"line":130,"column":61},"end":{"line":130,"column":69}}]}},"s":{"0":11,"1":4,"2":4,"3":4,"4":4,"5":4,"6":76,"7":4,"8":0,"9":0,"10":0,"11":4,"12":0,"13":0,"14":4,"15":0,"16":0,"17":0,"18":0,"19":0,"20":0,"21":0,"22":0,"23":4,"24":0,"25":4,"26":4,"27":48,"28":48,"29":0,"30":0,"31":4,"32":1,"33":3,"34":0},"f":{"0":4,"1":76,"2":0,"3":0,"4":0,"5":0,"6":0,"7":0,"8":48,"9":48,"10":0,"11":0,"12":1,"13":3,"14":0},"b":{"0":[0],"1":[0,4]}}
,"/vercel/path0/src/pages/MyProfile.tsx": {"path":"/vercel/path0/src/pages/MyProfile.tsx","statementMap":{"0":{"start":{"line":6,"column":25},"end":{"line":6,"column":null}},"1":{"start":{"line":17,"column":21},"end":{"line":17,"column":null}},"2":{"start":{"line":29,"column":23},"end":{"line":29,"column":null}},"3":{"start":{"line":42,"column":21},"end":{"line":42,"column":null}},"4":{"start":{"line":49,"column":21},"end":{"line":49,"column":null}},"5":{"start":{"line":54,"column":21},"end":{"line":54,"column":null}},"6":{"start":{"line":63,"column":22},"end":{"line":63,"column":null}},"7":{"start":{"line":75,"column":28},"end":{"line":75,"column":null}},"8":{"start":{"line":76,"column":36},"end":{"line":76,"column":null}},"9":{"start":{"line":78,"column":21},"end":{"line":80,"column":null}},"10":{"start":{"line":79,"column":4},"end":{"line":79,"column":null}},"11":{"start":{"line":82,"column":23},"end":{"line":84,"column":null}},"12":{"start":{"line":83,"column":4},"end":{"line":83,"column":null}},"13":{"start":{"line":85,"column":28},"end":{"line":97,"column":null}},"14":{"start":{"line":86,"column":4},"end":{"line":96,"column":null}},"15":{"start":{"line":91,"column":8},"end":{"line":91,"column":null}},"16":{"start":{"line":99,"column":2},"end":{"line":127,"column":null}}},"fnMap":{"0":{"name":"MyProfile","decl":{"start":{"line":74,"column":9},"end":{"line":74,"column":21}},"loc":{"start":{"line":74,"column":21},"end":{"line":129,"column":null}}},"1":{"name":"(anonymous_1)","decl":{"start":{"line":78,"column":21},"end":{"line":78,"column":27}},"loc":{"start":{"line":78,"column":27},"end":{"line":80,"column":null}}},"2":{"name":"(anonymous_2)","decl":{"start":{"line":82,"column":23},"end":{"line":82,"column":24}},"loc":{"start":{"line":82,"column":67},"end":{"line":84,"column":null}}},"3":{"name":"(anonymous_3)","decl":{"start":{"line":85,"column":28},"end":{"line":85,"column":34}},"loc":{"start":{"line":85,"column":34},"end":{"line":97,"column":null}}},"4":{"name":"(anonymous_4)","decl":{"start":{"line":90,"column":6},"end":{"line":90,"column":17}},"loc":{"start":{"line":90,"column":17},"end":{"line":93,"column":null}}}},"branchMap":{"0":{"loc":{"start":{"line":111,"column":11},"end":{"line":114,"column":null}},"type":"cond-expr","locations":[{"start":{"line":112,"column":12},"end":{"line":112,"column":null}},{"start":{"line":114,"column":12},"end":{"line":114,"column":null}}]},"1":{"loc":{"start":{"line":119,"column":11},"end":{"line":122,"column":null}},"type":"cond-expr","locations":[{"start":{"line":120,"column":12},"end":{"line":120,"column":null}},{"start":{"line":122,"column":12},"end":{"line":122,"column":null}}]},"2":{"loc":{"start":{"line":125,"column":32},"end":{"line":125,"column":78}},"type":"cond-expr","locations":[{"start":{"line":125,"column":44},"end":{"line":125,"column":64}},{"start":{"line":125,"column":64},"end":{"line":125,"column":78}}]},"3":{"loc":{"start":{"line":125,"column":78},"end":{"line":125,"column":106}},"type":"cond-expr","locations":[{"start":{"line":125,"column":90},"end":{"line":125,"column":99}},{"start":{"line":125,"column":99},"end":{"line":125,"column":106}}]}},"s":{"0":11,"1":11,"2":11,"3":11,"4":11,"5":11,"6":11,"7":28,"8":28,"9":28,"10":2,"11":28,"12":24,"13":28,"14":1,"15":0,"16":28},"f":{"0":28,"1":2,"2":24,"3":1,"4":0},"b":{"0":[25,3],"1":[25,3],"2":[25,3],"3":[25,3]}}
,"/vercel/path0/src/pages/mobile/HomeDesktop.tsx": {"path":"/vercel/path0/src/pages/mobile/HomeDesktop.tsx","statementMap":{"0":{"start":{"line":9,"column":23},"end":{"line":9,"column":null}},"1":{"start":{"line":35,"column":30},"end":{"line":35,"column":null}},"2":{"start":{"line":36,"column":42},"end":{"line":36,"column":null}},"3":{"start":{"line":37,"column":28},"end":{"line":37,"column":null}},"4":{"start":{"line":38,"column":2},"end":{"line":38,"column":null}},"5":{"start":{"line":42,"column":23},"end":{"line":84,"column":null}},"6":{"start":{"line":44,"column":4},"end":{"line":44,"column":null}},"7":{"start":{"line":47,"column":21},"end":{"line":47,"column":null}},"8":{"start":{"line":50,"column":4},"end":{"line":54,"column":null}},"9":{"start":{"line":51,"column":6},"end":{"line":51,"column":null}},"10":{"start":{"line":53,"column":6},"end":{"line":53,"column":null}},"11":{"start":{"line":57,"column":18},"end":{"line":57,"column":null}},"12":{"start":{"line":58,"column":23},"end":{"line":58,"column":null}},"13":{"start":{"line":59,"column":30},"end":{"line":73,"column":null}},"14":{"start":{"line":76,"column":4},"end":{"line":80,"column":null}},"15":{"start":{"line":77,"column":23},"end":{"line":77,"column":null}},"16":{"start":{"line":79,"column":6},"end":{"line":79,"column":null}},"17":{"start":{"line":83,"column":4},"end":{"line":83,"column":null}},"18":{"start":{"line":86,"column":24},"end":{"line":95,"column":null}},"19":{"start":{"line":87,"column":4},"end":{"line":90,"column":null}},"20":{"start":{"line":88,"column":6},"end":{"line":88,"column":null}},"21":{"start":{"line":89,"column":6},"end":{"line":89,"column":null}},"22":{"start":{"line":92,"column":4},"end":{"line":94,"column":null}},"23":{"start":{"line":93,"column":6},"end":{"line":93,"column":null}},"24":{"start":{"line":98,"column":2},"end":{"line":120,"column":null}},"25":{"start":{"line":109,"column":12},"end":{"line":109,"column":null}}},"fnMap":{"0":{"name":"HomeDesktop","decl":{"start":{"line":34,"column":9},"end":{"line":34,"column":23}},"loc":{"start":{"line":34,"column":23},"end":{"line":122,"column":null}}},"1":{"name":"(anonymous_1)","decl":{"start":{"line":42,"column":23},"end":{"line":42,"column":30}},"loc":{"start":{"line":42,"column":74},"end":{"line":84,"column":null}}},"2":{"name":"(anonymous_2)","decl":{"start":{"line":76,"column":13},"end":{"line":76,"column":14}},"loc":{"start":{"line":76,"column":40},"end":{"line":80,"column":5}}},"3":{"name":"(anonymous_3)","decl":{"start":{"line":86,"column":24},"end":{"line":86,"column":30}},"loc":{"start":{"line":86,"column":30},"end":{"line":95,"column":null}}},"4":{"name":"(anonymous_4)","decl":{"start":{"line":92,"column":15},"end":{"line":92,"column":21}},"loc":{"start":{"line":92,"column":21},"end":{"line":94,"column":7}}},"5":{"name":"(anonymous_5)","decl":{"start":{"line":108,"column":21},"end":{"line":108,"column":22}},"loc":{"start":{"line":109,"column":12},"end":{"line":109,"column":null}}}},"branchMap":{"0":{"loc":{"start":{"line":50,"column":4},"end":{"line":54,"column":null}},"type":"if","locations":[{"start":{"line":50,"column":4},"end":{"line":54,"column":null}}]},"1":{"loc":{"start":{"line":50,"column":8},"end":{"line":50,"column":42}},"type":"binary-expr","locations":[{"start":{"line":50,"column":8},"end":{"line":50,"column":20}},{"start":{"line":50,"column":20},"end":{"line":50,"column":42}}]},"2":{"loc":{"start":{"line":87,"column":4},"end":{"line":90,"column":null}},"type":"if","locations":[{"start":{"line":87,"column":4},"end":{"line":90,"column":null}}]}},"s":{"0":11,"1":14,"2":14,"3":14,"4":14,"5":14,"6":1,"7":1,"8":1,"9":0,"10":0,"11":1,"12":1,"13":1,"14":1,"15":1,"16":1,"17":1,"18":14,"19":0,"20":0,"21":0,"22":0,"23":0,"24":14,"25":271},"f":{"0":14,"1":1,"2":1,"3":0,"4":0,"5":271},"b":{"0":[0],"1":[1,1],"2":[0]}}
,"/vercel/path0/src/pages/mobile/HomeMobile.tsx": {"path":"/vercel/path0/src/pages/mobile/HomeMobile.tsx","statementMap":{"0":{"start":{"line":12,"column":23},"end":{"line":12,"column":null}},"1":{"start":{"line":38,"column":32},"end":{"line":38,"column":null}},"2":{"start":{"line":39,"column":44},"end":{"line":39,"column":null}},"3":{"start":{"line":40,"column":30},"end":{"line":40,"column":null}},"4":{"start":{"line":41,"column":4},"end":{"line":41,"column":null}},"5":{"start":{"line":45,"column":25},"end":{"line":87,"column":null}},"6":{"start":{"line":47,"column":8},"end":{"line":47,"column":null}},"7":{"start":{"line":50,"column":25},"end":{"line":50,"column":null}},"8":{"start":{"line":53,"column":8},"end":{"line":57,"column":null}},"9":{"start":{"line":54,"column":12},"end":{"line":54,"column":null}},"10":{"start":{"line":56,"column":12},"end":{"line":56,"column":null}},"11":{"start":{"line":60,"column":22},"end":{"line":60,"column":null}},"12":{"start":{"line":61,"column":27},"end":{"line":61,"column":null}},"13":{"start":{"line":62,"column":34},"end":{"line":76,"column":null}},"14":{"start":{"line":79,"column":8},"end":{"line":83,"column":null}},"15":{"start":{"line":80,"column":29},"end":{"line":80,"column":null}},"16":{"start":{"line":82,"column":12},"end":{"line":82,"column":null}},"17":{"start":{"line":86,"column":8},"end":{"line":86,"column":null}},"18":{"start":{"line":89,"column":26},"end":{"line":98,"column":null}},"19":{"start":{"line":90,"column":8},"end":{"line":93,"column":null}},"20":{"start":{"line":91,"column":12},"end":{"line":91,"column":null}},"21":{"start":{"line":92,"column":12},"end":{"line":92,"column":null}},"22":{"start":{"line":95,"column":8},"end":{"line":97,"column":null}},"23":{"start":{"line":96,"column":12},"end":{"line":96,"column":null}},"24":{"start":{"line":101,"column":4},"end":{"line":124,"column":null}},"25":{"start":{"line":118,"column":24},"end":{"line":118,"column":null}}},"fnMap":{"0":{"name":"HomeMobile","decl":{"start":{"line":37,"column":9},"end":{"line":37,"column":22}},"loc":{"start":{"line":37,"column":22},"end":{"line":126,"column":null}}},"1":{"name":"(anonymous_1)","decl":{"start":{"line":45,"column":25},"end":{"line":45,"column":32}},"loc":{"start":{"line":45,"column":76},"end":{"line":87,"column":null}}},"2":{"name":"(anonymous_2)","decl":{"start":{"line":79,"column":17},"end":{"line":79,"column":18}},"loc":{"start":{"line":79,"column":44},"end":{"line":83,"column":9}}},"3":{"name":"(anonymous_3)","decl":{"start":{"line":89,"column":26},"end":{"line":89,"column":32}},"loc":{"start":{"line":89,"column":32},"end":{"line":98,"column":null}}},"4":{"name":"(anonymous_4)","decl":{"start":{"line":95,"column":19},"end":{"line":95,"column":25}},"loc":{"start":{"line":95,"column":25},"end":{"line":97,"column":11}}},"5":{"name":"(anonymous_5)","decl":{"start":{"line":117,"column":31},"end":{"line":117,"column":32}},"loc":{"start":{"line":118,"column":24},"end":{"line":118,"column":null}}}},"branchMap":{"0":{"loc":{"start":{"line":53,"column":8},"end":{"line":57,"column":null}},"type":"if","locations":[{"start":{"line":53,"column":8},"end":{"line":57,"column":null}}]},"1":{"loc":{"start":{"line":53,"column":12},"end":{"line":53,"column":46}},"type":"binary-expr","locations":[{"start":{"line":53,"column":12},"end":{"line":53,"column":24}},{"start":{"line":53,"column":24},"end":{"line":53,"column":46}}]},"2":{"loc":{"start":{"line":90,"column":8},"end":{"line":93,"column":null}},"type":"if","locations":[{"start":{"line":90,"column":8},"end":{"line":93,"column":null}}]}},"s":{"0":11,"1":0,"2":0,"3":0,"4":0,"5":0,"6":0,"7":0,"8":0,"9":0,"10":0,"11":0,"12":0,"13":0,"14":0,"15":0,"16":0,"17":0,"18":0,"19":0,"20":0,"21":0,"22":0,"23":0,"24":0,"25":0},"f":{"0":0,"1":0,"2":0,"3":0,"4":0,"5":0},"b":{"0":[0],"1":[0,0],"2":[0]}}
}
