TN:
SF:Context\PostContext.tsx
FN:14,(anonymous_0)
FNF:1
FNH:1
FNDA:4,(anonymous_0)
DA:5,1
DA:14,1
DA:15,4
LF:3
LH:3
BRF:0
BRH:0
end_of_record
TN:
SF:Context\PostContextUtils.ts
FN:13,(anonymous_6)
FN:16,(anonymous_7)
FNF:2
FNH:1
FNDA:0,(anonymous_6)
FNDA:11,(anonymous_7)
DA:3,1
DA:11,1
DA:16,1
DA:17,11
DA:18,11
DA:19,0
DA:21,11
DA:24,1
LF:8
LH:7
BRDA:18,0,0,0
BRF:1
BRH:0
end_of_record
TN:
SF:src\pages\MyPosts.tsx
FN:17,MyPosts
FN:23,(anonymous_2)
FN:24,(anonymous_3)
FN:25,(anonymous_4)
FN:29,(anonymous_5)
FN:34,(anonymous_6)
FN:37,(anonymous_7)
FN:47,(anonymous_8)
FN:57,(anonymous_9)
FN:84,(anonymous_10)
FN:86,(anonymous_11)
FN:89,(anonymous_12)
FN:109,(anonymous_13)
FN:112,(anonymous_14)
FN:132,(anonymous_15)
FNF:15
FNH:12
FNDA:11,MyPosts
FNDA:11,(anonymous_2)
FNDA:1,(anonymous_3)
FNDA:1,(anonymous_4)
FNDA:1,(anonymous_5)
FNDA:1,(anonymous_6)
FNDA:1,(anonymous_7)
FNDA:0,(anonymous_8)
FNDA:11,(anonymous_9)
FNDA:11,(anonymous_10)
FNDA:1,(anonymous_11)
FNDA:1,(anonymous_12)
FNDA:0,(anonymous_13)
FNDA:0,(anonymous_14)
FNDA:1,(anonymous_15)
DA:1,1
DA:2,1
DA:3,1
DA:4,1
DA:6,1
DA:15,1
DA:18,11
DA:19,11
DA:20,11
DA:21,11
DA:23,11
DA:24,11
DA:25,1
DA:26,1
DA:29,11
DA:30,1
DA:31,1
DA:34,11
DA:35,1
DA:36,1
DA:37,1
DA:38,1
DA:39,1
DA:41,0
DA:43,1
DA:44,1
DA:47,11
DA:48,0
DA:50,11
DA:52,11
DA:57,11
DA:85,11
DA:86,1
DA:89,1
DA:100,11
DA:110,0
DA:113,0
DA:132,1
DA:138,1
LF:39
LH:35
BRDA:38,0,0,1
BRDA:130,1,0,0
BRDA:130,1,1,11
BRF:3
BRH:2
end_of_record
