TN:
SF:styleMock.js
FNF:0
FNH:0
DA:1,2
LF:1
LH:1
BRF:0
BRH:0
end_of_record
TN:
SF:Context\PostContext.tsx
FN:14,(anonymous_0)
FNF:1
FNH:1
FNDA:8,(anonymous_0)
DA:5,4
DA:14,4
DA:15,8
LF:3
LH:3
BRF:0
BRH:0
end_of_record
TN:
SF:Context\PostContextUtils.ts
FN:13,(anonymous_6)
FN:16,(anonymous_7)
FNF:2
FNH:1
FNDA:0,(anonymous_6)
FNDA:15,(anonymous_7)
DA:3,4
DA:11,4
DA:16,4
DA:17,15
DA:18,15
DA:19,0
DA:21,15
DA:24,4
LF:8
LH:7
BRDA:18,0,0,0
BRF:1
BRH:0
end_of_record
TN:
SF:Context\Providers.tsx
FN:9,(anonymous_0)
FN:23,(anonymous_1)
FN:25,(anonymous_2)
FNF:3
FNH:1
FNDA:1,(anonymous_0)
FNDA:0,(anonymous_1)
FNDA:0,(anonymous_2)
DA:1,1
DA:2,1
DA:9,1
DA:10,1
DA:21,1
DA:25,1
DA:26,0
LF:7
LH:6
BRF:0
BRH:0
end_of_record
TN:
SF:Context\UserContext.tsx
FN:10,(anonymous_1)
FNF:1
FNH:0
FNDA:0,(anonymous_1)
DA:1,1
DA:2,1
DA:10,1
DA:11,0
DA:12,0
DA:13,0
DA:15,0
LF:7
LH:3
BRDA:12,0,0,0
BRF:1
BRH:0
end_of_record
TN:
SF:Context\UserContextUtils.ts
FN:17,(anonymous_1)
FNF:1
FNH:0
FNDA:0,(anonymous_1)
DA:2,1
DA:9,1
DA:20,1
LF:3
LH:3
BRF:0
BRH:0
end_of_record
TN:
SF:src\App.tsx
FN:17,App
FN:27,(anonymous_2)
FN:34,(anonymous_3)
FN:40,(anonymous_4)
FN:46,(anonymous_5)
FN:69,(anonymous_6)
FN:77,(anonymous_7)
FN:80,(anonymous_8)
FN:82,(anonymous_9)
FNF:9
FNH:2
FNDA:1,App
FNDA:0,(anonymous_2)
FNDA:1,(anonymous_3)
FNDA:0,(anonymous_4)
FNDA:0,(anonymous_5)
FNDA:0,(anonymous_6)
FNDA:0,(anonymous_7)
FNDA:0,(anonymous_8)
FNDA:0,(anonymous_9)
DA:2,1
DA:3,1
DA:4,1
DA:5,1
DA:6,1
DA:7,1
DA:8,1
DA:9,1
DA:10,1
DA:11,1
DA:12,1
DA:13,1
DA:14,1
DA:18,1
DA:20,1
DA:27,1
DA:34,1
DA:38,1
DA:39,1
DA:41,0
DA:42,0
DA:44,0
DA:47,0
DA:48,0
DA:49,0
DA:52,1
DA:57,1
DA:69,0
DA:78,0
DA:79,0
DA:80,0
DA:82,0
DA:106,1
LF:33
LH:22
BRDA:41,0,0,0
BRDA:78,1,0,0
BRDA:78,1,1,0
BRDA:80,2,0,0
BRDA:80,2,1,0
BRF:5
BRH:0
end_of_record
TN:
SF:src\component\auth\Auth.tsx
FN:7,Login
FN:9,(anonymous_2)
FNF:2
FNH:1
FNDA:1,Login
FNDA:0,(anonymous_2)
DA:1,2
DA:2,2
DA:5,2
DA:6,2
DA:8,1
DA:9,1
DA:11,1
DA:49,2
LF:8
LH:8
BRDA:21,0,0,1
BRDA:21,0,1,0
BRDA:28,1,0,1
BRDA:28,1,1,0
BRDA:34,2,0,1
BRDA:34,2,1,0
BRF:6
BRH:3
end_of_record
TN:
SF:src\component\auth\SignInForm.tsx
FN:10,SignInForm
FN:13,(anonymous_2)
FN:34,(anonymous_3)
FNF:3
FNH:2
FNDA:3,SignInForm
FNDA:1,(anonymous_2)
FNDA:0,(anonymous_3)
DA:2,2
DA:3,2
DA:4,2
DA:5,2
DA:7,2
DA:8,2
DA:9,2
DA:11,3
DA:13,3
DA:14,1
DA:15,1
DA:16,1
DA:17,1
DA:18,1
DA:19,1
DA:21,1
DA:23,0
DA:24,0
DA:28,0
DA:34,3
DA:35,0
DA:43,3
DA:103,2
LF:23
LH:19
BRDA:18,0,0,1
BRDA:18,0,1,0
BRF:2
BRH:1
end_of_record
TN:
SF:src\component\auth\SignUpForm.tsx
FN:14,(anonymous_0)
FN:15,(anonymous_1)
FN:70,(anonymous_2)
FN:71,(anonymous_3)
FNF:4
FNH:0
FNDA:0,(anonymous_0)
FNDA:0,(anonymous_1)
FNDA:0,(anonymous_2)
FNDA:0,(anonymous_3)
DA:4,2
DA:5,2
DA:6,2
DA:7,2
DA:8,2
DA:14,2
DA:15,0
DA:16,0
DA:19,0
DA:70,0
DA:72,0
DA:73,0
DA:76,0
DA:101,2
LF:14
LH:7
BRDA:72,0,0,0
BRDA:72,1,0,0
BRDA:72,1,1,0
BRF:3
BRH:0
end_of_record
TN:
SF:src\component\post\Post.tsx
FN:35,(anonymous_1)
FN:49,(anonymous_2)
FN:52,(anonymous_3)
FN:76,(anonymous_4)
FN:77,(anonymous_5)
FN:89,(anonymous_6)
FN:96,(anonymous_7)
FN:97,(anonymous_8)
FN:98,(anonymous_9)
FN:102,(anonymous_10)
FN:109,(anonymous_11)
FN:115,(anonymous_12)
FN:121,(anonymous_13)
FN:122,(anonymous_14)
FN:123,(anonymous_15)
FN:127,(anonymous_16)
FN:136,(anonymous_17)
FN:141,(anonymous_18)
FN:143,(anonymous_19)
FN:152,(anonymous_20)
FN:155,(anonymous_21)
FN:164,(anonymous_22)
FN:171,(anonymous_23)
FN:172,(anonymous_24)
FN:175,(anonymous_25)
FN:180,(anonymous_26)
FN:181,(anonymous_27)
FN:189,(anonymous_28)
FN:192,(anonymous_29)
FN:195,(anonymous_30)
FN:204,(anonymous_31)
FN:228,(anonymous_32)
FN:233,(anonymous_33)
FN:234,(anonymous_34)
FN:240,(anonymous_35)
FN:250,(anonymous_36)
FN:273,(anonymous_37)
FN:275,(anonymous_38)
FN:283,(anonymous_39)
FNF:39
FNH:2
FNDA:3,(anonymous_1)
FNDA:0,(anonymous_2)
FNDA:0,(anonymous_3)
FNDA:0,(anonymous_4)
FNDA:0,(anonymous_5)
FNDA:0,(anonymous_6)
FNDA:0,(anonymous_7)
FNDA:0,(anonymous_8)
FNDA:0,(anonymous_9)
FNDA:0,(anonymous_10)
FNDA:0,(anonymous_11)
FNDA:0,(anonymous_12)
FNDA:0,(anonymous_13)
FNDA:0,(anonymous_14)
FNDA:0,(anonymous_15)
FNDA:0,(anonymous_16)
FNDA:0,(anonymous_17)
FNDA:0,(anonymous_18)
FNDA:0,(anonymous_19)
FNDA:0,(anonymous_20)
FNDA:0,(anonymous_21)
FNDA:0,(anonymous_22)
FNDA:0,(anonymous_23)
FNDA:0,(anonymous_24)
FNDA:0,(anonymous_25)
FNDA:0,(anonymous_26)
FNDA:0,(anonymous_27)
FNDA:0,(anonymous_28)
FNDA:0,(anonymous_29)
FNDA:0,(anonymous_30)
FNDA:0,(anonymous_31)
FNDA:6,(anonymous_32)
FNDA:0,(anonymous_33)
FNDA:0,(anonymous_34)
FNDA:0,(anonymous_35)
FNDA:0,(anonymous_36)
FNDA:0,(anonymous_37)
FNDA:0,(anonymous_38)
FNDA:0,(anonymous_39)
DA:1,3
DA:2,3
DA:3,3
DA:4,3
DA:5,3
DA:6,3
DA:35,3
DA:36,3
DA:37,3
DA:38,3
DA:39,3
DA:40,3
DA:41,3
DA:42,3
DA:43,3
DA:44,3
DA:45,3
DA:46,3
DA:49,3
DA:50,0
DA:52,3
DA:53,0
DA:56,0
DA:59,0
DA:60,0
DA:61,0
DA:65,0
DA:66,0
DA:67,0
DA:76,0
DA:77,0
DA:78,0
DA:79,0
DA:80,0
DA:82,0
DA:87,0
DA:89,3
DA:90,0
DA:97,0
DA:98,0
DA:99,0
DA:100,0
DA:102,0
DA:105,0
DA:110,0
DA:115,3
DA:116,0
DA:122,0
DA:123,0
DA:124,0
DA:125,0
DA:127,0
DA:130,0
DA:133,0
DA:134,0
DA:137,0
DA:141,3
DA:142,0
DA:143,0
DA:144,0
DA:145,0
DA:147,0
DA:149,0
DA:152,3
DA:153,0
DA:155,0
DA:156,0
DA:157,0
DA:159,0
DA:161,0
DA:164,3
DA:165,0
DA:172,0
DA:173,0
DA:176,0
DA:180,3
DA:181,0
DA:182,0
DA:183,0
DA:184,0
DA:186,0
DA:187,0
DA:189,3
DA:190,0
DA:192,3
DA:193,0
DA:194,0
DA:195,0
DA:196,0
DA:197,0
DA:199,0
DA:201,0
DA:202,0
DA:204,3
DA:205,0
DA:208,3
DA:211,3
DA:221,3
DA:222,0
DA:228,3
DA:229,6
DA:233,0
DA:234,0
DA:240,0
DA:251,0
DA:252,0
DA:253,0
DA:261,3
DA:273,0
DA:275,0
DA:283,0
DA:292,3
LF:112
LH:36
BRDA:59,0,0,0
BRDA:78,1,0,0
BRDA:79,2,0,0
BRDA:79,2,1,0
BRDA:99,3,0,0
BRDA:124,4,0,0
BRDA:127,5,0,0
BRDA:127,5,1,0
BRDA:144,6,0,0
BRDA:156,7,0,0
BRDA:182,8,0,0
BRDA:196,9,0,0
BRDA:212,10,0,2
BRDA:212,10,1,1
BRDA:213,11,0,2
BRDA:213,11,1,1
BRDA:214,12,0,0
BRDA:214,12,1,3
BRDA:215,13,0,0
BRDA:215,13,1,3
BRDA:217,14,0,3
BRDA:217,14,1,0
BRDA:221,15,0,0
BRDA:232,16,0,3
BRDA:232,16,1,3
BRDA:239,17,0,0
BRDA:239,17,1,6
BRDA:247,18,0,6
BRDA:247,18,1,0
BRDA:247,18,2,0
BRDA:271,19,0,3
BRDA:271,19,1,0
BRF:32
BRH:12
end_of_record
TN:
SF:src\pages\Home.tsx
FN:33,Home
FN:41,(anonymous_2)
FN:75,(anonymous_3)
FN:85,(anonymous_4)
FN:91,(anonymous_5)
FN:107,(anonymous_6)
FNF:6
FNH:3
FNDA:3,Home
FNDA:1,(anonymous_2)
FNDA:0,(anonymous_3)
FNDA:0,(anonymous_4)
FNDA:0,(anonymous_5)
FNDA:1,(anonymous_6)
DA:2,2
DA:3,2
DA:4,2
DA:5,2
DA:6,2
DA:7,2
DA:9,2
DA:34,3
DA:35,3
DA:36,3
DA:37,3
DA:41,3
DA:43,1
DA:46,1
DA:49,1
DA:50,0
DA:52,0
DA:56,1
DA:57,1
DA:58,1
DA:75,1
DA:76,0
DA:78,0
DA:82,1
DA:85,3
DA:86,0
DA:87,0
DA:88,0
DA:91,0
DA:92,0
DA:97,3
DA:108,1
DA:122,2
LF:33
LH:24
BRDA:49,0,0,0
BRDA:49,1,0,1
BRDA:49,1,1,1
BRDA:86,2,0,0
BRF:4
BRH:2
end_of_record
TN:
SF:src\pages\MyBookmarks.tsx
FN:6,MyBookmarks
FN:10,(anonymous_2)
FN:16,(anonymous_3)
FNF:3
FNH:0
FNDA:0,MyBookmarks
FNDA:0,(anonymous_2)
FNDA:0,(anonymous_3)
DA:2,1
DA:3,1
DA:4,1
DA:7,0
DA:9,0
DA:10,0
DA:13,0
DA:17,0
DA:24,1
LF:9
LH:4
BRF:0
BRH:0
end_of_record
TN:
SF:src\pages\MyLikes.tsx
FN:6,MyLikes
FN:10,(anonymous_2)
FN:16,(anonymous_3)
FNF:3
FNH:3
FNDA:2,MyLikes
FNDA:2,(anonymous_2)
FNDA:2,(anonymous_3)
DA:2,2
DA:3,2
DA:4,2
DA:7,2
DA:9,2
DA:10,2
DA:12,2
DA:13,2
DA:17,2
DA:24,2
LF:10
LH:10
BRF:0
BRH:0
end_of_record
TN:
SF:src\pages\MyPosts.tsx
FN:14,MyPosts
FN:20,(anonymous_2)
FN:21,(anonymous_3)
FN:22,(anonymous_4)
FN:26,(anonymous_5)
FN:31,(anonymous_6)
FN:34,(anonymous_7)
FN:44,(anonymous_8)
FN:53,(anonymous_9)
FN:79,(anonymous_10)
FN:81,(anonymous_11)
FN:84,(anonymous_12)
FN:104,(anonymous_13)
FN:107,(anonymous_14)
FN:127,(anonymous_15)
FNF:15
FNH:12
FNDA:7,MyPosts
FNDA:7,(anonymous_2)
FNDA:1,(anonymous_3)
FNDA:1,(anonymous_4)
FNDA:1,(anonymous_5)
FNDA:1,(anonymous_6)
FNDA:1,(anonymous_7)
FNDA:0,(anonymous_8)
FNDA:11,(anonymous_9)
FNDA:11,(anonymous_10)
FNDA:1,(anonymous_11)
FNDA:1,(anonymous_12)
FNDA:0,(anonymous_13)
FNDA:0,(anonymous_14)
FNDA:1,(anonymous_15)
DA:1,2
DA:2,2
DA:3,2
DA:4,2
DA:12,2
DA:15,7
DA:16,7
DA:17,7
DA:18,7
DA:20,7
DA:21,7
DA:22,1
DA:23,1
DA:26,7
DA:27,1
DA:28,1
DA:31,7
DA:32,1
DA:33,1
DA:34,1
DA:35,1
DA:36,1
DA:38,0
DA:40,1
DA:41,1
DA:44,7
DA:45,0
DA:48,7
DA:53,11
DA:80,11
DA:81,1
DA:84,1
DA:95,7
DA:105,0
DA:108,0
DA:127,1
DA:133,2
LF:37
LH:33
BRDA:35,0,0,1
BRF:1
BRH:1
end_of_record
TN:
SF:src\pages\MyProfile.tsx
FN:74,MyProfile
FN:78,(anonymous_2)
FN:82,(anonymous_3)
FN:85,(anonymous_4)
FN:90,(anonymous_5)
FNF:5
FNH:0
FNDA:0,MyProfile
FNDA:0,(anonymous_2)
FNDA:0,(anonymous_3)
FNDA:0,(anonymous_4)
FNDA:0,(anonymous_5)
DA:1,1
DA:2,1
DA:3,1
DA:4,1
DA:6,1
DA:17,1
DA:29,1
DA:42,1
DA:49,1
DA:54,1
DA:63,1
DA:75,0
DA:76,0
DA:78,0
DA:79,0
DA:82,0
DA:83,0
DA:85,0
DA:86,0
DA:91,0
DA:99,0
DA:131,1
LF:22
LH:12
BRDA:111,0,0,0
BRDA:111,0,1,0
BRDA:119,1,0,0
BRDA:119,1,1,0
BRDA:125,2,0,0
BRDA:125,2,1,0
BRDA:125,3,0,0
BRDA:125,3,1,0
BRF:8
BRH:0
end_of_record
